# JRE version: Java(TM) SE Runtime Environment (8.0_181-b13) (build 1.8.0_181-b13)
# Java VM: Java HotSpot(TM) 64-Bit Server VM (25.181-b13 mixed mode linux-amd64 compressed oops)
Heap:
 PSYoungGen      total 328192K, used 22344K [0x00000000eab00000, 0x00000000ffe00000, 0x0000000100000000)
  eden space 309248K, 7% used [0x00000000eab00000,0x00000000ec0d2358,0x00000000fd900000)
  from space 18944K, 0% used [0x00000000feb80000,0x00000000feb80000,0x00000000ffe00000)
  to   space 18944K, 0% used [0x00000000fd900000,0x00000000fd900000,0x00000000feb80000)
 ParOldGen       total 514048K, used 8937K [0x00000000c0000000, 0x00000000df600000, 0x00000000eab00000)
  object space 514048K, 1% used [0x00000000c0000000,0x00000000c08ba630,0x00000000df600000)
 Metaspace       used 42407K, capacity 42722K, committed 43776K, reserved 1087488K
  class space    used 6116K, capacity 6227K, committed 6400K, reserved 1048576K
GC Heap History (10 events):
Event: 611.137 GC heap before
{Heap before GC invocations=12 (full 2):
 PSYoungGen      total 328192K, used 309600K [0x00000000eab00000, 0x0000000100000000, 0x0000000100000000)
  eden space 308224K, 100% used [0x00000000eab00000,0x00000000fd800000,0x00000000fd800000)
  from space 19968K, 6% used [0x00000000fd800000,0x00000000fd958090,0x00000000feb80000)
  to   space 19968K, 0% used [0x00000000fec80000,0x00000000fec80000,0x0000000100000000)
 ParOldGen       total 514048K, used 13867K [0x00000000c0000000, 0x00000000df600000, 0x00000000eab00000)
  object space 514048K, 2% used [0x00000000c0000000,0x00000000c0d8ada0,0x00000000df600000)
 Metaspace       used 42748K, capacity 43412K, committed 43520K, reserved 1087488K
  class space    used 6200K, capacity 6378K, committed 6400K, reserved 1048576K
Event: 611.141 GC heap after
Heap after GC invocations=12 (full 2):
 PSYoungGen      total 328192K, used 1632K [0x00000000eab00000, 0x00000000fff00000, 0x0000000100000000)
  eden space 309248K, 0% used [0x00000000eab00000,0x00000000eab00000,0x00000000fd900000)
  from space 18944K, 8% used [0x00000000fec80000,0x00000000fee18090,0x00000000fff00000)
  to   space 19456K, 0% used [0x00000000fd900000,0x00000000fd900000,0x00000000fec00000)
 ParOldGen       total 514048K, used 13875K [0x00000000c0000000, 0x00000000df600000, 0x00000000eab00000)
  object space 514048K, 2% used [0x00000000c0000000,0x00000000c0d8cda0,0x00000000df600000)
 Metaspace       used 42748K, capacity 43412K, committed 43520K, reserved 1087488K
  class space    used 6200K, capacity 6378K, committed 6400K, reserved 1048576K
}
Event: 1802.513 GC heap before
{Heap before GC invocations=13 (full 2):
 PSYoungGen      total 328192K, used 44139K [0x00000000eab00000, 0x00000000fff00000, 0x0000000100000000)
  eden space 309248K, 13% used [0x00000000eab00000,0x00000000ed482c48,0x00000000fd900000)
  from space 18944K, 8% used [0x00000000fec80000,0x00000000fee18090,0x00000000fff00000)
  to   space 19456K, 0% used [0x00000000fd900000,0x00000000fd900000,0x00000000fec00000)
 ParOldGen       total 514048K, used 13875K [0x00000000c0000000, 0x00000000df600000, 0x00000000eab00000)
  object space 514048K, 2% used [0x00000000c0000000,0x00000000c0d8cda0,0x00000000df600000)
 Metaspace       used 42909K, capacity 43616K, committed 43776K, reserved 1087488K
  class space    used 6201K, capacity 6380K, committed 6400K, reserved 1048576K
Event: 1802.516 GC heap after
Heap after GC invocations=13 (full 2):
 PSYoungGen      total 310784K, used 1056K [0x00000000eab00000, 0x00000000ffe00000, 0x0000000100000000)
  eden space 309248K, 0% used [0x00000000eab00000,0x00000000eab00000,0x00000000fd900000)
  from space 1536K, 68% used [0x00000000fd900000,0x00000000fda08010,0x00000000fda80000)
  to   space 18944K, 0% used [0x00000000feb80000,0x00000000feb80000,0x00000000ffe00000)
 ParOldGen       total 514048K, used 13883K [0x00000000c0000000, 0x00000000df600000, 0x00000000eab00000)
  object space 514048K, 2% used [0x00000000c0000000,0x00000000c0d8eda0,0x00000000df600000)
 Metaspace       used 42909K, capacity 43616K, committed 43776K, reserved 1087488K
  class space    used 6201K, capacity 6380K, committed 6400K, reserved 1048576K
}
Event: 1802.516 GC heap before
{Heap before GC invocations=14 (full 3):
 PSYoungGen      total 310784K, used 1056K [0x00000000eab00000, 0x00000000ffe00000, 0x0000000100000000)
  eden space 309248K, 0% used [0x00000000eab00000,0x00000000eab00000,0x00000000fd900000)
  from space 1536K, 68% used [0x00000000fd900000,0x00000000fda08010,0x00000000fda80000)
  to   space 18944K, 0% used [0x00000000feb80000,0x00000000feb80000,0x00000000ffe00000)
 ParOldGen       total 514048K, used 13883K [0x00000000c0000000, 0x00000000df600000, 0x00000000eab00000)
  object space 514048K, 2% used [0x00000000c0000000,0x00000000c0d8eda0,0x00000000df600000)
 Metaspace       used 42909K, capacity 43616K, committed 43776K, reserved 1087488K
  class space    used 6201K, capacity 6380K, committed 6400K, reserved 1048576K
Event: 1802.577 GC heap after
Heap after GC invocations=14 (full 3):
 PSYoungGen      total 310784K, used 0K [0x00000000eab00000, 0x00000000ffe00000, 0x0000000100000000)
  eden space 309248K, 0% used [0x00000000eab00000,0x00000000eab00000,0x00000000fd900000)
  from space 1536K, 0% used [0x00000000fd900000,0x00000000fd900000,0x00000000fda80000)
  to   space 18944K, 0% used [0x00000000feb80000,0x00000000feb80000,0x00000000ffe00000)
 ParOldGen       total 514048K, used 9116K [0x00000000c0000000, 0x00000000df600000, 0x00000000eab00000)
  object space 514048K, 1% used [0x00000000c0000000,0x00000000c08e7248,0x00000000df600000)
 Metaspace       used 42371K, capacity 42722K, committed 43776K, reserved 1087488K
  class space    used 6116K, capacity 6227K, committed 6400K, reserved 1048576K
}
Event: 3602.513 GC heap before
{Heap before GC invocations=15 (full 3):
 PSYoungGen      total 310784K, used 16491K [0x00000000eab00000, 0x00000000ffe00000, 0x0000000100000000)
  eden space 309248K, 5% used [0x00000000eab00000,0x00000000ebb1ad38,0x00000000fd900000)
  from space 1536K, 0% used [0x00000000fd900000,0x00000000fd900000,0x00000000fda80000)
  to   space 18944K, 0% used [0x00000000feb80000,0x00000000feb80000,0x00000000ffe00000)
 ParOldGen       total 514048K, used 9116K [0x00000000c0000000, 0x00000000df600000, 0x00000000eab00000)
  object space 514048K, 1% used [0x00000000c0000000,0x00000000c08e7248,0x00000000df600000)
 Metaspace       used 42401K, capacity 42722K, committed 43776K, reserved 1087488K
  class space    used 6116K, capacity 6227K, committed 6400K, reserved 1048576K
Event: 3602.514 GC heap after
Heap after GC invocations=15 (full 3):
 PSYoungGen      total 328192K, used 352K [0x00000000eab00000, 0x00000000ffe00000, 0x0000000100000000)
  eden space 309248K, 0% used [0x00000000eab00000,0x00000000eab00000,0x00000000fd900000)
  from space 18944K, 1% used [0x00000000feb80000,0x00000000febd8000,0x00000000ffe00000)
  to   space 18944K, 0% used [0x00000000fd900000,0x00000000fd900000,0x00000000feb80000)
 ParOldGen       total 514048K, used 9124K [0x00000000c0000000, 0x00000000df600000, 0x00000000eab00000)
  object space 514048K, 1% used [0x00000000c0000000,0x00000000c08e9248,0x00000000df600000)
 Metaspace       used 42401K, capacity 42722K, committed 43776K, reserved 1087488K
  class space    used 6116K, capacity 6227K, committed 6400K, reserved 1048576K
}
Event: 3602.514 GC heap before
{Heap before GC invocations=16 (full 4):
 PSYoungGen      total 328192K, used 352K [0x00000000eab00000, 0x00000000ffe00000, 0x0000000100000000)
  eden space 309248K, 0% used [0x00000000eab00000,0x00000000eab00000,0x00000000fd900000)
  from space 18944K, 1% used [0x00000000feb80000,0x00000000febd8000,0x00000000ffe00000)
  to   space 18944K, 0% used [0x00000000fd900000,0x00000000fd900000,0x00000000feb80000)
 ParOldGen       total 514048K, used 9124K [0x00000000c0000000, 0x00000000df600000, 0x00000000eab00000)
  object space 514048K, 1% used [0x00000000c0000000,0x00000000c08e9248,0x00000000df600000)
 Metaspace       used 42401K, capacity 42722K, committed 43776K, reserved 1087488K
  class space    used 6116K, capacity 6227K, committed 6400K, reserved 1048576K
Event: 3602.550 GC heap after
Heap after GC invocations=16 (full 4):
 PSYoungGen      total 328192K, used 0K [0x00000000eab00000, 0x00000000ffe00000, 0x0000000100000000)
  eden space 309248K, 0% used [0x00000000eab00000,0x00000000eab00000,0x00000000fd900000)
  from space 18944K, 0% used [0x00000000feb80000,0x00000000feb80000,0x00000000ffe00000)
  to   space 18944K, 0% used [0x00000000fd900000,0x00000000fd900000,0x00000000feb80000)
 ParOldGen       total 514048K, used 8937K [0x00000000c0000000, 0x00000000df600000, 0x00000000eab00000)
  object space 514048K, 1% used [0x00000000c0000000,0x00000000c08ba630,0x00000000df600000)
 Metaspace       used 42401K, capacity 42722K, committed 43776K, reserved 1087488K
  class space    used 6116K, capacity 6227K, committed 6400K, reserved 1048576K
}

