# JRE version: Java(TM) SE Runtime Environment (8.0_181-b13) (build 1.8.0_181-b13)
# Java VM: Java HotSpot(TM) 64-Bit Server VM (25.181-b13 mixed mode linux-amd64 compressed oops)
Heap:
 PSYoungGen      total 318464K, used 72051K [0x00000000eab00000, 0x00000000fff00000, 0x0000000100000000)
  eden space 299008K, 24% used [0x00000000eab00000,0x00000000ef15cd68,0x00000000fcf00000)
  from space 19456K, 0% used [0x00000000fcf00000,0x00000000fcf00000,0x00000000fe200000)
  to   space 24576K, 0% used [0x00000000fe700000,0x00000000fe700000,0x00000000fff00000)
 ParOldGen       total 467456K, used 44755K [0x00000000c0000000, 0x00000000dc880000, 0x00000000eab00000)
  object space 467456K, 9% used [0x00000000c0000000,0x00000000c2bb4c90,0x00000000dc880000)
 Metaspace       used 45725K, capacity 46344K, committed 46848K, reserved 1089536K
  class space    used 6404K, capacity 6572K, committed 6656K, reserved 1048576K
GC Heap History (10 events):
Event: 4560.681 GC heap before
{Heap before GC invocations=20 (full 4):
 PSYoungGen      total 327680K, used 310016K [0x00000000eab00000, 0x00000000fff00000, 0x0000000100000000)
  eden space 308736K, 100% used [0x00000000eab00000,0x00000000fd880000,0x00000000fd880000)
  from space 18944K, 6% used [0x00000000fd880000,0x00000000fd9c00c0,0x00000000feb00000)
  to   space 18432K, 0% used [0x00000000fed00000,0x00000000fed00000,0x00000000fff00000)
 ParOldGen       total 467456K, used 10522K [0x00000000c0000000, 0x00000000dc880000, 0x00000000eab00000)
  object space 467456K, 2% used [0x00000000c0000000,0x00000000c0a46ab0,0x00000000dc880000)
 Metaspace       used 43736K, capacity 44402K, committed 44544K, reserved 1087488K
  class space    used 6215K, capacity 6379K, committed 6400K, reserved 1048576K
Event: 4560.685 GC heap after
Heap after GC invocations=20 (full 4):
 PSYoungGen      total 329728K, used 8929K [0x00000000eab00000, 0x00000000fff80000, 0x0000000100000000)
  eden space 311296K, 0% used [0x00000000eab00000,0x00000000eab00000,0x00000000fdb00000)
  from space 18432K, 48% used [0x00000000fed00000,0x00000000ff5b86d0,0x00000000fff00000)
  to   space 18432K, 0% used [0x00000000fdb00000,0x00000000fdb00000,0x00000000fed00000)
 ParOldGen       total 467456K, used 10824K [0x00000000c0000000, 0x00000000dc880000, 0x00000000eab00000)
  object space 467456K, 2% used [0x00000000c0000000,0x00000000c0a923c8,0x00000000dc880000)
 Metaspace       used 43736K, capacity 44402K, committed 44544K, reserved 1087488K
  class space    used 6215K, capacity 6379K, committed 6400K, reserved 1048576K
}
Event: 4707.304 GC heap before
{Heap before GC invocations=21 (full 4):
 PSYoungGen      total 329728K, used 320225K [0x00000000eab00000, 0x00000000fff80000, 0x0000000100000000)
  eden space 311296K, 100% used [0x00000000eab00000,0x00000000fdb00000,0x00000000fdb00000)
  from space 18432K, 48% used [0x00000000fed00000,0x00000000ff5b86d0,0x00000000fff00000)
  to   space 18432K, 0% used [0x00000000fdb00000,0x00000000fdb00000,0x00000000fed00000)
 ParOldGen       total 467456K, used 10824K [0x00000000c0000000, 0x00000000dc880000, 0x00000000eab00000)
  object space 467456K, 2% used [0x00000000c0000000,0x00000000c0a923c8,0x00000000dc880000)
 Metaspace       used 44255K, capacity 44898K, committed 45056K, reserved 1087488K
  class space    used 6221K, capacity 6387K, committed 6400K, reserved 1048576K
Event: 4707.307 GC heap after
Heap after GC invocations=21 (full 4):
 PSYoungGen      total 313856K, used 8497K [0x00000000eab00000, 0x00000000ff900000, 0x0000000100000000)
  eden space 305152K, 0% used [0x00000000eab00000,0x00000000eab00000,0x00000000fd500000)
  from space 8704K, 97% used [0x00000000fdb00000,0x00000000fe34c5a0,0x00000000fe380000)
  to   space 18432K, 0% used [0x00000000fe700000,0x00000000fe700000,0x00000000ff900000)
 ParOldGen       total 467456K, used 10832K [0x00000000c0000000, 0x00000000dc880000, 0x00000000eab00000)
  object space 467456K, 2% used [0x00000000c0000000,0x00000000c0a943c8,0x00000000dc880000)
 Metaspace       used 44255K, capacity 44898K, committed 45056K, reserved 1087488K
  class space    used 6221K, capacity 6387K, committed 6400K, reserved 1048576K
}
Event: 5299.019 GC heap before
{Heap before GC invocations=22 (full 4):
 PSYoungGen      total 313856K, used 313649K [0x00000000eab00000, 0x00000000ff900000, 0x0000000100000000)
  eden space 305152K, 100% used [0x00000000eab00000,0x00000000fd500000,0x00000000fd500000)
  from space 8704K, 97% used [0x00000000fdb00000,0x00000000fe34c5a0,0x00000000fe380000)
  to   space 18432K, 0% used [0x00000000fe700000,0x00000000fe700000,0x00000000ff900000)
 ParOldGen       total 467456K, used 10832K [0x00000000c0000000, 0x00000000dc880000, 0x00000000eab00000)
  object space 467456K, 2% used [0x00000000c0000000,0x00000000c0a943c8,0x00000000dc880000)
 Metaspace       used 45349K, capacity 46040K, committed 46208K, reserved 1089536K
  class space    used 6353K, capacity 6528K, committed 6528K, reserved 1048576K
Event: 5299.029 GC heap after
Heap after GC invocations=22 (full 4):
 PSYoungGen      total 313344K, used 11639K [0x00000000eab00000, 0x00000000ff500000, 0x0000000100000000)
  eden space 299008K, 0% used [0x00000000eab00000,0x00000000eab00000,0x00000000fcf00000)
  from space 14336K, 81% used [0x00000000fe700000,0x00000000ff25dcc0,0x00000000ff500000)
  to   space 19456K, 0% used [0x00000000fcf00000,0x00000000fcf00000,0x00000000fe200000)
 ParOldGen       total 467456K, used 27224K [0x00000000c0000000, 0x00000000dc880000, 0x00000000eab00000)
  object space 467456K, 5% used [0x00000000c0000000,0x00000000c1a963d8,0x00000000dc880000)
 Metaspace       used 45349K, capacity 46040K, committed 46208K, reserved 1089536K
  class space    used 6353K, capacity 6528K, committed 6528K, reserved 1048576K
}
Event: 5403.459 GC heap before
{Heap before GC invocations=23 (full 4):
 PSYoungGen      total 313344K, used 96920K [0x00000000eab00000, 0x00000000ff500000, 0x0000000100000000)
  eden space 299008K, 28% used [0x00000000eab00000,0x00000000efe48410,0x00000000fcf00000)
  from space 14336K, 81% used [0x00000000fe700000,0x00000000ff25dcc0,0x00000000ff500000)
  to   space 19456K, 0% used [0x00000000fcf00000,0x00000000fcf00000,0x00000000fe200000)
 ParOldGen       total 467456K, used 27224K [0x00000000c0000000, 0x00000000dc880000, 0x00000000eab00000)
  object space 467456K, 5% used [0x00000000c0000000,0x00000000c1a963d8,0x00000000dc880000)
 Metaspace       used 45560K, capacity 46294K, committed 46592K, reserved 1089536K
  class space    used 6380K, capacity 6569K, committed 6656K, reserved 1048576K
Event: 5403.469 GC heap after
Heap after GC invocations=23 (full 4):
 PSYoungGen      total 318464K, used 19440K [0x00000000eab00000, 0x00000000fff00000, 0x0000000100000000)
  eden space 299008K, 0% used [0x00000000eab00000,0x00000000eab00000,0x00000000fcf00000)
  from space 19456K, 99% used [0x00000000fcf00000,0x00000000fe1fc0f0,0x00000000fe200000)
  to   space 24576K, 0% used [0x00000000fe700000,0x00000000fe700000,0x00000000fff00000)
 ParOldGen       total 467456K, used 30251K [0x00000000c0000000, 0x00000000dc880000, 0x00000000eab00000)
  object space 467456K, 6% used [0x00000000c0000000,0x00000000c1d8add0,0x00000000dc880000)
 Metaspace       used 45560K, capacity 46294K, committed 46592K, reserved 1089536K
  class space    used 6380K, capacity 6569K, committed 6656K, reserved 1048576K
}
Event: 5403.469 GC heap before
{Heap before GC invocations=24 (full 5):
 PSYoungGen      total 318464K, used 19440K [0x00000000eab00000, 0x00000000fff00000, 0x0000000100000000)
  eden space 299008K, 0% used [0x00000000eab00000,0x00000000eab00000,0x00000000fcf00000)
  from space 19456K, 99% used [0x00000000fcf00000,0x00000000fe1fc0f0,0x00000000fe200000)
  to   space 24576K, 0% used [0x00000000fe700000,0x00000000fe700000,0x00000000fff00000)
 ParOldGen       total 467456K, used 30251K [0x00000000c0000000, 0x00000000dc880000, 0x00000000eab00000)
  object space 467456K, 6% used [0x00000000c0000000,0x00000000c1d8add0,0x00000000dc880000)
 Metaspace       used 45560K, capacity 46294K, committed 46592K, reserved 1089536K
  class space    used 6380K, capacity 6569K, committed 6656K, reserved 1048576K
Event: 5403.557 GC heap after
Heap after GC invocations=24 (full 5):
 PSYoungGen      total 318464K, used 0K [0x00000000eab00000, 0x00000000fff00000, 0x0000000100000000)
  eden space 299008K, 0% used [0x00000000eab00000,0x00000000eab00000,0x00000000fcf00000)
  from space 19456K, 0% used [0x00000000fcf00000,0x00000000fcf00000,0x00000000fe200000)
  to   space 24576K, 0% used [0x00000000fe700000,0x00000000fe700000,0x00000000fff00000)
 ParOldGen       total 467456K, used 44755K [0x00000000c0000000, 0x00000000dc880000, 0x00000000eab00000)
  object space 467456K, 9% used [0x00000000c0000000,0x00000000c2bb4c90,0x00000000dc880000)
 Metaspace       used 45397K, capacity 46024K, committed 46592K, reserved 1089536K
  class space    used 6355K, capacity 6524K, committed 6656K, reserved 1048576K
}

