# JRE version: Java(TM) SE Runtime Environment (8.0_181-b13) (build 1.8.0_181-b13)
# Java VM: Java HotSpot(TM) 64-Bit Server VM (25.181-b13 mixed mode linux-amd64 compressed oops)
Heap:
 PSYoungGen      total 286208K, used 40967K [0x00000000eab00000, 0x0000000100000000, 0x0000000100000000)
  eden space 266240K, 15% used [0x00000000eab00000,0x00000000ed301ce0,0x00000000faf00000)
  from space 19968K, 0% used [0x00000000faf00000,0x00000000faf00000,0x00000000fc280000)
  to   space 19968K, 0% used [0x00000000fec80000,0x00000000fec80000,0x0000000100000000)
 ParOldGen       total 636928K, used 8817K [0x00000000c0000000, 0x00000000e6e00000, 0x00000000eab00000)
  object space 636928K, 1% used [0x00000000c0000000,0x00000000c089c548,0x00000000e6e00000)
 Metaspace       used 41901K, capacity 42220K, committed 43008K, reserved 1085440K
  class space    used 6105K, capacity 6218K, committed 6400K, reserved 1048576K
GC Heap History (10 events):
Event: 11.353 GC heap before
{Heap before GC invocations=6 (full 2):
 PSYoungGen      total 301568K, used 258560K [0x00000000eab00000, 0x0000000100000000, 0x0000000100000000)
  eden space 258560K, 100% used [0x00000000eab00000,0x00000000fa780000,0x00000000fa780000)
  from space 43008K, 0% used [0x00000000fa780000,0x00000000fa780000,0x00000000fd180000)
  to   space 43008K, 0% used [0x00000000fd600000,0x00000000fd600000,0x0000000100000000)
 ParOldGen       total 636928K, used 8741K [0x00000000c0000000, 0x00000000e6e00000, 0x00000000eab00000)
  object space 636928K, 1% used [0x00000000c0000000,0x00000000c08895a8,0x00000000e6e00000)
 Metaspace       used 38653K, capacity 39046K, committed 39296K, reserved 1083392K
  class space    used 5652K, capacity 5757K, committed 5760K, reserved 1048576K
Event: 11.358 GC heap after
Heap after GC invocations=6 (full 2):
 PSYoungGen      total 306176K, used 5092K [0x00000000eab00000, 0x0000000100000000, 0x0000000100000000)
  eden space 263168K, 0% used [0x00000000eab00000,0x00000000eab00000,0x00000000fac00000)
  from space 43008K, 11% used [0x00000000fd600000,0x00000000fdaf9378,0x0000000100000000)
  to   space 43008K, 0% used [0x00000000fac00000,0x00000000fac00000,0x00000000fd600000)
 ParOldGen       total 636928K, used 8749K [0x00000000c0000000, 0x00000000e6e00000, 0x00000000eab00000)
  object space 636928K, 1% used [0x00000000c0000000,0x00000000c088b5a8,0x00000000e6e00000)
 Metaspace       used 38653K, capacity 39046K, committed 39296K, reserved 1083392K
  class space    used 5652K, capacity 5757K, committed 5760K, reserved 1048576K
}
Event: 12.158 GC heap before
{Heap before GC invocations=7 (full 2):
 PSYoungGen      total 306176K, used 268204K [0x00000000eab00000, 0x0000000100000000, 0x0000000100000000)
  eden space 263168K, 99% used [0x00000000eab00000,0x00000000fabf1c98,0x00000000fac00000)
  from space 43008K, 11% used [0x00000000fd600000,0x00000000fdaf9378,0x0000000100000000)
  to   space 43008K, 0% used [0x00000000fac00000,0x00000000fac00000,0x00000000fd600000)
 ParOldGen       total 636928K, used 8749K [0x00000000c0000000, 0x00000000e6e00000, 0x00000000eab00000)
  object space 636928K, 1% used [0x00000000c0000000,0x00000000c088b5a8,0x00000000e6e00000)
 Metaspace       used 40965K, capacity 41446K, committed 41728K, reserved 1085440K
  class space    used 6031K, capacity 6141K, committed 6144K, reserved 1048576K
Event: 12.165 GC heap after
Heap after GC invocations=7 (full 2):
 PSYoungGen      total 269312K, used 5673K [0x00000000eab00000, 0x00000000fd680000, 0x0000000100000000)
  eden space 263168K, 0% used [0x00000000eab00000,0x00000000eab00000,0x00000000fac00000)
  from space 6144K, 92% used [0x00000000fac00000,0x00000000fb18a5c8,0x00000000fb200000)
  to   space 20480K, 0% used [0x00000000fc280000,0x00000000fc280000,0x00000000fd680000)
 ParOldGen       total 636928K, used 8757K [0x00000000c0000000, 0x00000000e6e00000, 0x00000000eab00000)
  object space 636928K, 1% used [0x00000000c0000000,0x00000000c088d5a8,0x00000000e6e00000)
 Metaspace       used 40965K, capacity 41446K, committed 41728K, reserved 1085440K
  class space    used 6031K, capacity 6141K, committed 6144K, reserved 1048576K
}
Event: 13.501 GC heap before
{Heap before GC invocations=8 (full 2):
 PSYoungGen      total 269312K, used 268841K [0x00000000eab00000, 0x00000000fd680000, 0x0000000100000000)
  eden space 263168K, 100% used [0x00000000eab00000,0x00000000fac00000,0x00000000fac00000)
  from space 6144K, 92% used [0x00000000fac00000,0x00000000fb18a5c8,0x00000000fb200000)
  to   space 20480K, 0% used [0x00000000fc280000,0x00000000fc280000,0x00000000fd680000)
 ParOldGen       total 636928K, used 8757K [0x00000000c0000000, 0x00000000e6e00000, 0x00000000eab00000)
  object space 636928K, 1% used [0x00000000c0000000,0x00000000c088d5a8,0x00000000e6e00000)
 Metaspace       used 41685K, capacity 42206K, committed 42496K, reserved 1085440K
  class space    used 6138K, capacity 6289K, committed 6400K, reserved 1048576K
Event: 13.508 GC heap after
Heap after GC invocations=8 (full 2):
 PSYoungGen      total 286720K, used 3963K [0x00000000eab00000, 0x0000000100000000, 0x0000000100000000)
  eden space 266240K, 0% used [0x00000000eab00000,0x00000000eab00000,0x00000000faf00000)
  from space 20480K, 19% used [0x00000000fc280000,0x00000000fc65ec30,0x00000000fd680000)
  to   space 19968K, 0% used [0x00000000faf00000,0x00000000faf00000,0x00000000fc280000)
 ParOldGen       total 636928K, used 8765K [0x00000000c0000000, 0x00000000e6e00000, 0x00000000eab00000)
  object space 636928K, 1% used [0x00000000c0000000,0x00000000c088f5a8,0x00000000e6e00000)
 Metaspace       used 41685K, capacity 42206K, committed 42496K, reserved 1085440K
  class space    used 6138K, capacity 6289K, committed 6400K, reserved 1048576K
}
Event: 1808.502 GC heap before
{Heap before GC invocations=9 (full 2):
 PSYoungGen      total 286720K, used 174209K [0x00000000eab00000, 0x0000000100000000, 0x0000000100000000)
  eden space 266240K, 63% used [0x00000000eab00000,0x00000000f51419a0,0x00000000faf00000)
  from space 20480K, 19% used [0x00000000fc280000,0x00000000fc65ec30,0x00000000fd680000)
  to   space 19968K, 0% used [0x00000000faf00000,0x00000000faf00000,0x00000000fc280000)
 ParOldGen       total 636928K, used 8765K [0x00000000c0000000, 0x00000000e6e00000, 0x00000000eab00000)
  object space 636928K, 1% used [0x00000000c0000000,0x00000000c088f5a8,0x00000000e6e00000)
 Metaspace       used 42275K, capacity 42888K, committed 43008K, reserved 1085440K
  class space    used 6173K, capacity 6344K, committed 6400K, reserved 1048576K
Event: 1808.505 GC heap after
Heap after GC invocations=9 (full 2):
 PSYoungGen      total 286208K, used 2856K [0x00000000eab00000, 0x0000000100000000, 0x0000000100000000)
  eden space 266240K, 0% used [0x00000000eab00000,0x00000000eab00000,0x00000000faf00000)
  from space 19968K, 14% used [0x00000000faf00000,0x00000000fb1ca060,0x00000000fc280000)
  to   space 19968K, 0% used [0x00000000fec80000,0x00000000fec80000,0x0000000100000000)
 ParOldGen       total 636928K, used 8773K [0x00000000c0000000, 0x00000000e6e00000, 0x00000000eab00000)
  object space 636928K, 1% used [0x00000000c0000000,0x00000000c08915a8,0x00000000e6e00000)
 Metaspace       used 42275K, capacity 42888K, committed 43008K, reserved 1085440K
  class space    used 6173K, capacity 6344K, committed 6400K, reserved 1048576K
}
Event: 1808.505 GC heap before
{Heap before GC invocations=10 (full 3):
 PSYoungGen      total 286208K, used 2856K [0x00000000eab00000, 0x0000000100000000, 0x0000000100000000)
  eden space 266240K, 0% used [0x00000000eab00000,0x00000000eab00000,0x00000000faf00000)
  from space 19968K, 14% used [0x00000000faf00000,0x00000000fb1ca060,0x00000000fc280000)
  to   space 19968K, 0% used [0x00000000fec80000,0x00000000fec80000,0x0000000100000000)
 ParOldGen       total 636928K, used 8773K [0x00000000c0000000, 0x00000000e6e00000, 0x00000000eab00000)
  object space 636928K, 1% used [0x00000000c0000000,0x00000000c08915a8,0x00000000e6e00000)
 Metaspace       used 42275K, capacity 42888K, committed 43008K, reserved 1085440K
  class space    used 6173K, capacity 6344K, committed 6400K, reserved 1048576K
Event: 1808.609 GC heap after
Heap after GC invocations=10 (full 3):
 PSYoungGen      total 286208K, used 0K [0x00000000eab00000, 0x0000000100000000, 0x0000000100000000)
  eden space 266240K, 0% used [0x00000000eab00000,0x00000000eab00000,0x00000000faf00000)
  from space 19968K, 0% used [0x00000000faf00000,0x00000000faf00000,0x00000000fc280000)
  to   space 19968K, 0% used [0x00000000fec80000,0x00000000fec80000,0x0000000100000000)
 ParOldGen       total 636928K, used 8817K [0x00000000c0000000, 0x00000000e6e00000, 0x00000000eab00000)
  object space 636928K, 1% used [0x00000000c0000000,0x00000000c089c548,0x00000000e6e00000)
 Metaspace       used 41833K, capacity 42156K, committed 43008K, reserved 1085440K
  class space    used 6104K, capacity 6218K, committed 6400K, reserved 1048576K
}

