# JRE version: Java(TM) SE Runtime Environment (8.0_181-b13) (build 1.8.0_181-b13)
# Java VM: Java HotSpot(TM) 64-Bit Server VM (25.181-b13 mixed mode linux-amd64 compressed oops)
Heap:
 PSYoungGen      total 214016K, used 100967K [0x00000000eab00000, 0x00000000f9400000, 0x0000000100000000)
  eden space 200704K, 49% used [0x00000000eab00000,0x00000000f0b61eb0,0x00000000f6f00000)
  from space 13312K, 17% used [0x00000000f8700000,0x00000000f89380d0,0x00000000f9400000)
  to   space 18944K, 0% used [0x00000000f6f00000,0x00000000f6f00000,0x00000000f8180000)
 ParOldGen       total 310784K, used 45674K [0x00000000c0000000, 0x00000000d2f80000, 0x00000000eab00000)
  object space 310784K, 14% used [0x00000000c0000000,0x00000000c2c9aab0,0x00000000d2f80000)
 Metaspace       used 45350K, capacity 46062K, committed 46592K, reserved 1089536K
  class space    used 6382K, capacity 6551K, committed 6656K, reserved 1048576K
GC Heap History (10 events):
Event: 2326.088 GC heap before
{Heap before GC invocations=25 (full 3):
 PSYoungGen      total 223232K, used 223136K [0x00000000eab00000, 0x00000000fb280000, 0x0000000100000000)
  eden space 221696K, 100% used [0x00000000eab00000,0x00000000f8380000,0x00000000f8380000)
  from space 1536K, 93% used [0x00000000f8800000,0x00000000f89680b0,0x00000000f8980000)
  to   space 24064K, 0% used [0x00000000f9b00000,0x00000000f9b00000,0x00000000fb280000)
 ParOldGen       total 310784K, used 45634K [0x00000000c0000000, 0x00000000d2f80000, 0x00000000eab00000)
  object space 310784K, 14% used [0x00000000c0000000,0x00000000c2c90ab0,0x00000000d2f80000)
 Metaspace       used 45197K, capacity 45874K, committed 46336K, reserved 1089536K
  class space    used 6377K, capacity 6541K, committed 6656K, reserved 1048576K
Event: 2326.090 GC heap after
Heap after GC invocations=25 (full 3):
 PSYoungGen      total 234496K, used 1632K [0x00000000eab00000, 0x00000000fac00000, 0x0000000100000000)
  eden space 217088K, 0% used [0x00000000eab00000,0x00000000eab00000,0x00000000f7f00000)
  from space 17408K, 9% used [0x00000000f9b00000,0x00000000f9c980b0,0x00000000fac00000)
  to   space 23040K, 0% used [0x00000000f7f00000,0x00000000f7f00000,0x00000000f9580000)
 ParOldGen       total 310784K, used 45642K [0x00000000c0000000, 0x00000000d2f80000, 0x00000000eab00000)
  object space 310784K, 14% used [0x00000000c0000000,0x00000000c2c92ab0,0x00000000d2f80000)
 Metaspace       used 45197K, capacity 45874K, committed 46336K, reserved 1089536K
  class space    used 6377K, capacity 6541K, committed 6656K, reserved 1048576K
}
Event: 2363.251 GC heap before
{Heap before GC invocations=26 (full 3):
 PSYoungGen      total 234496K, used 217764K [0x00000000eab00000, 0x00000000fac00000, 0x0000000100000000)
  eden space 217088K, 99% used [0x00000000eab00000,0x00000000f7e10f68,0x00000000f7f00000)
  from space 17408K, 9% used [0x00000000f9b00000,0x00000000f9c980b0,0x00000000fac00000)
  to   space 23040K, 0% used [0x00000000f7f00000,0x00000000f7f00000,0x00000000f9580000)
 ParOldGen       total 310784K, used 45642K [0x00000000c0000000, 0x00000000d2f80000, 0x00000000eab00000)
  object space 310784K, 14% used [0x00000000c0000000,0x00000000c2c92ab0,0x00000000d2f80000)
 Metaspace       used 45212K, capacity 45886K, committed 46336K, reserved 1089536K
  class space    used 6378K, capacity 6543K, committed 6656K, reserved 1048576K
Event: 2363.253 GC heap after
Heap after GC invocations=26 (full 3):
 PSYoungGen      total 215040K, used 1536K [0x00000000eab00000, 0x00000000fa700000, 0x0000000100000000)
  eden space 212992K, 0% used [0x00000000eab00000,0x00000000eab00000,0x00000000f7b00000)
  from space 2048K, 75% used [0x00000000f7f00000,0x00000000f8080148,0x00000000f8100000)
  to   space 22528K, 0% used [0x00000000f9100000,0x00000000f9100000,0x00000000fa700000)
 ParOldGen       total 310784K, used 45650K [0x00000000c0000000, 0x00000000d2f80000, 0x00000000eab00000)
  object space 310784K, 14% used [0x00000000c0000000,0x00000000c2c94ab0,0x00000000d2f80000)
 Metaspace       used 45212K, capacity 45886K, committed 46336K, reserved 1089536K
  class space    used 6378K, capacity 6543K, committed 6656K, reserved 1048576K
}
Event: 2415.548 GC heap before
{Heap before GC invocations=27 (full 3):
 PSYoungGen      total 215040K, used 214187K [0x00000000eab00000, 0x00000000fa700000, 0x0000000100000000)
  eden space 212992K, 99% used [0x00000000eab00000,0x00000000f7aaad90,0x00000000f7b00000)
  from space 2048K, 75% used [0x00000000f7f00000,0x00000000f8080148,0x00000000f8100000)
  to   space 22528K, 0% used [0x00000000f9100000,0x00000000f9100000,0x00000000fa700000)
 ParOldGen       total 310784K, used 45650K [0x00000000c0000000, 0x00000000d2f80000, 0x00000000eab00000)
  object space 310784K, 14% used [0x00000000c0000000,0x00000000c2c94ab0,0x00000000d2f80000)
 Metaspace       used 45266K, capacity 45904K, committed 46336K, reserved 1089536K
  class space    used 6379K, capacity 6546K, committed 6656K, reserved 1048576K
Event: 2415.550 GC heap after
Heap after GC invocations=27 (full 3):
 PSYoungGen      total 225280K, used 1792K [0x00000000eab00000, 0x00000000fa100000, 0x0000000100000000)
  eden space 208896K, 0% used [0x00000000eab00000,0x00000000eab00000,0x00000000f7700000)
  from space 16384K, 10% used [0x00000000f9100000,0x00000000f92c0148,0x00000000fa100000)
  to   space 21504K, 0% used [0x00000000f7700000,0x00000000f7700000,0x00000000f8c00000)
 ParOldGen       total 310784K, used 45658K [0x00000000c0000000, 0x00000000d2f80000, 0x00000000eab00000)
  object space 310784K, 14% used [0x00000000c0000000,0x00000000c2c96ab0,0x00000000d2f80000)
 Metaspace       used 45266K, capacity 45904K, committed 46336K, reserved 1089536K
  class space    used 6379K, capacity 6546K, committed 6656K, reserved 1048576K
}
Event: 2424.786 GC heap before
{Heap before GC invocations=28 (full 3):
 PSYoungGen      total 225280K, used 210688K [0x00000000eab00000, 0x00000000fa100000, 0x0000000100000000)
  eden space 208896K, 100% used [0x00000000eab00000,0x00000000f7700000,0x00000000f7700000)
  from space 16384K, 10% used [0x00000000f9100000,0x00000000f92c0148,0x00000000fa100000)
  to   space 21504K, 0% used [0x00000000f7700000,0x00000000f7700000,0x00000000f8c00000)
 ParOldGen       total 310784K, used 45658K [0x00000000c0000000, 0x00000000d2f80000, 0x00000000eab00000)
  object space 310784K, 14% used [0x00000000c0000000,0x00000000c2c96ab0,0x00000000d2f80000)
 Metaspace       used 45287K, capacity 45916K, committed 46336K, reserved 1089536K
  class space    used 6380K, capacity 6548K, committed 6656K, reserved 1048576K
Event: 2424.788 GC heap after
Heap after GC invocations=28 (full 3):
 PSYoungGen      total 207360K, used 2080K [0x00000000eab00000, 0x00000000f9b00000, 0x0000000100000000)
  eden space 204800K, 0% used [0x00000000eab00000,0x00000000eab00000,0x00000000f7300000)
  from space 2560K, 81% used [0x00000000f7700000,0x00000000f79080e0,0x00000000f7980000)
  to   space 20480K, 0% used [0x00000000f8700000,0x00000000f8700000,0x00000000f9b00000)
 ParOldGen       total 310784K, used 45666K [0x00000000c0000000, 0x00000000d2f80000, 0x00000000eab00000)
  object space 310784K, 14% used [0x00000000c0000000,0x00000000c2c98ab0,0x00000000d2f80000)
 Metaspace       used 45287K, capacity 45916K, committed 46336K, reserved 1089536K
  class space    used 6380K, capacity 6548K, committed 6656K, reserved 1048576K
}
Event: 2459.202 GC heap before
{Heap before GC invocations=29 (full 3):
 PSYoungGen      total 207360K, used 206880K [0x00000000eab00000, 0x00000000f9b00000, 0x0000000100000000)
  eden space 204800K, 100% used [0x00000000eab00000,0x00000000f7300000,0x00000000f7300000)
  from space 2560K, 81% used [0x00000000f7700000,0x00000000f79080e0,0x00000000f7980000)
  to   space 20480K, 0% used [0x00000000f8700000,0x00000000f8700000,0x00000000f9b00000)
 ParOldGen       total 310784K, used 45666K [0x00000000c0000000, 0x00000000d2f80000, 0x00000000eab00000)
  object space 310784K, 14% used [0x00000000c0000000,0x00000000c2c98ab0,0x00000000d2f80000)
 Metaspace       used 45326K, capacity 46062K, committed 46592K, reserved 1089536K
  class space    used 6382K, capacity 6551K, committed 6656K, reserved 1048576K
Event: 2459.205 GC heap after
Heap after GC invocations=29 (full 3):
 PSYoungGen      total 214016K, used 2272K [0x00000000eab00000, 0x00000000f9400000, 0x0000000100000000)
  eden space 200704K, 0% used [0x00000000eab00000,0x00000000eab00000,0x00000000f6f00000)
  from space 13312K, 17% used [0x00000000f8700000,0x00000000f89380d0,0x00000000f9400000)
  to   space 18944K, 0% used [0x00000000f6f00000,0x00000000f6f00000,0x00000000f8180000)
 ParOldGen       total 310784K, used 45674K [0x00000000c0000000, 0x00000000d2f80000, 0x00000000eab00000)
  object space 310784K, 14% used [0x00000000c0000000,0x00000000c2c9aab0,0x00000000d2f80000)
 Metaspace       used 45326K, capacity 46062K, committed 46592K, reserved 1089536K
  class space    used 6382K, capacity 6551K, committed 6656K, reserved 1048576K
}

