# JRE version: Java(TM) SE Runtime Environment (8.0_181-b13) (build 1.8.0_181-b13)
# Java VM: Java HotSpot(TM) 64-Bit Server VM (25.181-b13 mixed mode linux-amd64 compressed oops)
Heap:
 PSYoungGen      total 328704K, used 38869K [0x00000000eab00000, 0x0000000100000000, 0x0000000100000000)
  eden space 308224K, 12% used [0x00000000eab00000,0x00000000ed0f5690,0x00000000fd800000)
  from space 20480K, 0% used [0x00000000fd800000,0x00000000fd800000,0x00000000fec00000)
  to   space 20480K, 0% used [0x00000000fec00000,0x00000000fec00000,0x0000000100000000)
 ParOldGen       total 281600K, used 8421K [0x00000000c0000000, 0x00000000d1300000, 0x00000000eab00000)
  object space 281600K, 2% used [0x00000000c0000000,0x00000000c0839720,0x00000000d1300000)
 Metaspace       used 41940K, capacity 42248K, committed 43264K, reserved 1085440K
  class space    used 6099K, capacity 6212K, committed 6400K, reserved 1048576K
GC Heap History (10 events):
Event: 1807.842 GC heap before
{Heap before GC invocations=10 (full 3):
 PSYoungGen      total 285184K, used 3112K [0x00000000eab00000, 0x0000000100000000, 0x0000000100000000)
  eden space 264704K, 0% used [0x00000000eab00000,0x00000000eab00000,0x00000000fad80000)
  from space 20480K, 15% used [0x00000000fad80000,0x00000000fb08a060,0x00000000fc180000)
  to   space 20480K, 0% used [0x00000000fec00000,0x00000000fec00000,0x0000000100000000)
 ParOldGen       total 281600K, used 12486K [0x00000000c0000000, 0x00000000d1300000, 0x00000000eab00000)
  object space 281600K, 4% used [0x00000000c0000000,0x00000000c0c31b68,0x00000000d1300000)
 Metaspace       used 42315K, capacity 42928K, committed 43008K, reserved 1085440K
  class space    used 6170K, capacity 6340K, committed 6400K, reserved 1048576K
Event: 1807.941 GC heap after
Heap after GC invocations=10 (full 3):
 PSYoungGen      total 285184K, used 0K [0x00000000eab00000, 0x0000000100000000, 0x0000000100000000)
  eden space 264704K, 0% used [0x00000000eab00000,0x00000000eab00000,0x00000000fad80000)
  from space 20480K, 0% used [0x00000000fad80000,0x00000000fad80000,0x00000000fc180000)
  to   space 20480K, 0% used [0x00000000fec00000,0x00000000fec00000,0x0000000100000000)
 ParOldGen       total 281600K, used 8871K [0x00000000c0000000, 0x00000000d1300000, 0x00000000eab00000)
  object space 281600K, 3% used [0x00000000c0000000,0x00000000c08a9c68,0x00000000d1300000)
 Metaspace       used 41865K, capacity 42184K, committed 43008K, reserved 1085440K
  class space    used 6099K, capacity 6212K, committed 6400K, reserved 1048576K
}
Event: 3607.838 GC heap before
{Heap before GC invocations=11 (full 3):
 PSYoungGen      total 285184K, used 32490K [0x00000000eab00000, 0x0000000100000000, 0x0000000100000000)
  eden space 264704K, 12% used [0x00000000eab00000,0x00000000ecabaa68,0x00000000fad80000)
  from space 20480K, 0% used [0x00000000fad80000,0x00000000fad80000,0x00000000fc180000)
  to   space 20480K, 0% used [0x00000000fec00000,0x00000000fec00000,0x0000000100000000)
 ParOldGen       total 281600K, used 8871K [0x00000000c0000000, 0x00000000d1300000, 0x00000000eab00000)
  object space 281600K, 3% used [0x00000000c0000000,0x00000000c08a9c68,0x00000000d1300000)
 Metaspace       used 41930K, capacity 42248K, committed 43264K, reserved 1085440K
  class space    used 6099K, capacity 6212K, committed 6400K, reserved 1048576K
Event: 3607.840 GC heap after
Heap after GC invocations=11 (full 3):
 PSYoungGen      total 328704K, used 288K [0x00000000eab00000, 0x0000000100000000, 0x0000000100000000)
  eden space 308224K, 0% used [0x00000000eab00000,0x00000000eab00000,0x00000000fd800000)
  from space 20480K, 1% used [0x00000000fec00000,0x00000000fec48000,0x0000000100000000)
  to   space 20480K, 0% used [0x00000000fd800000,0x00000000fd800000,0x00000000fec00000)
 ParOldGen       total 281600K, used 8879K [0x00000000c0000000, 0x00000000d1300000, 0x00000000eab00000)
  object space 281600K, 3% used [0x00000000c0000000,0x00000000c08abc68,0x00000000d1300000)
 Metaspace       used 41930K, capacity 42248K, committed 43264K, reserved 1085440K
  class space    used 6099K, capacity 6212K, committed 6400K, reserved 1048576K
}
Event: 3607.840 GC heap before
{Heap before GC invocations=12 (full 4):
 PSYoungGen      total 328704K, used 288K [0x00000000eab00000, 0x0000000100000000, 0x0000000100000000)
  eden space 308224K, 0% used [0x00000000eab00000,0x00000000eab00000,0x00000000fd800000)
  from space 20480K, 1% used [0x00000000fec00000,0x00000000fec48000,0x0000000100000000)
  to   space 20480K, 0% used [0x00000000fd800000,0x00000000fd800000,0x00000000fec00000)
 ParOldGen       total 281600K, used 8879K [0x00000000c0000000, 0x00000000d1300000, 0x00000000eab00000)
  object space 281600K, 3% used [0x00000000c0000000,0x00000000c08abc68,0x00000000d1300000)
 Metaspace       used 41930K, capacity 42248K, committed 43264K, reserved 1085440K
  class space    used 6099K, capacity 6212K, committed 6400K, reserved 1048576K
Event: 3607.935 GC heap after
Heap after GC invocations=12 (full 4):
 PSYoungGen      total 328704K, used 0K [0x00000000eab00000, 0x0000000100000000, 0x0000000100000000)
  eden space 308224K, 0% used [0x00000000eab00000,0x00000000eab00000,0x00000000fd800000)
  from space 20480K, 0% used [0x00000000fec00000,0x00000000fec00000,0x0000000100000000)
  to   space 20480K, 0% used [0x00000000fd800000,0x00000000fd800000,0x00000000fec00000)
 ParOldGen       total 281600K, used 8421K [0x00000000c0000000, 0x00000000d1300000, 0x00000000eab00000)
  object space 281600K, 2% used [0x00000000c0000000,0x00000000c08396a8,0x00000000d1300000)
 Metaspace       used 41930K, capacity 42248K, committed 43264K, reserved 1085440K
  class space    used 6099K, capacity 6212K, committed 6400K, reserved 1048576K
}
Event: 5407.838 GC heap before
{Heap before GC invocations=13 (full 4):
 PSYoungGen      total 328704K, used 34097K [0x00000000eab00000, 0x0000000100000000, 0x0000000100000000)
  eden space 308224K, 11% used [0x00000000eab00000,0x00000000ecc4c7a8,0x00000000fd800000)
  from space 20480K, 0% used [0x00000000fec00000,0x00000000fec00000,0x0000000100000000)
  to   space 20480K, 0% used [0x00000000fd800000,0x00000000fd800000,0x00000000fec00000)
 ParOldGen       total 281600K, used 8421K [0x00000000c0000000, 0x00000000d1300000, 0x00000000eab00000)
  object space 281600K, 2% used [0x00000000c0000000,0x00000000c08396a8,0x00000000d1300000)
 Metaspace       used 41937K, capacity 42248K, committed 43264K, reserved 1085440K
  class space    used 6099K, capacity 6212K, committed 6400K, reserved 1048576K
Event: 5407.840 GC heap after
Heap after GC invocations=13 (full 4):
 PSYoungGen      total 328704K, used 448K [0x00000000eab00000, 0x0000000100000000, 0x0000000100000000)
  eden space 308224K, 0% used [0x00000000eab00000,0x00000000eab00000,0x00000000fd800000)
  from space 20480K, 2% used [0x00000000fd800000,0x00000000fd870000,0x00000000fec00000)
  to   space 20480K, 0% used [0x00000000fec00000,0x00000000fec00000,0x0000000100000000)
 ParOldGen       total 281600K, used 8421K [0x00000000c0000000, 0x00000000d1300000, 0x00000000eab00000)
  object space 281600K, 2% used [0x00000000c0000000,0x00000000c08396a8,0x00000000d1300000)
 Metaspace       used 41937K, capacity 42248K, committed 43264K, reserved 1085440K
  class space    used 6099K, capacity 6212K, committed 6400K, reserved 1048576K
}
Event: 5407.840 GC heap before
{Heap before GC invocations=14 (full 5):
 PSYoungGen      total 328704K, used 448K [0x00000000eab00000, 0x0000000100000000, 0x0000000100000000)
  eden space 308224K, 0% used [0x00000000eab00000,0x00000000eab00000,0x00000000fd800000)
  from space 20480K, 2% used [0x00000000fd800000,0x00000000fd870000,0x00000000fec00000)
  to   space 20480K, 0% used [0x00000000fec00000,0x00000000fec00000,0x0000000100000000)
 ParOldGen       total 281600K, used 8421K [0x00000000c0000000, 0x00000000d1300000, 0x00000000eab00000)
  object space 281600K, 2% used [0x00000000c0000000,0x00000000c08396a8,0x00000000d1300000)
 Metaspace       used 41937K, capacity 42248K, committed 43264K, reserved 1085440K
  class space    used 6099K, capacity 6212K, committed 6400K, reserved 1048576K
Event: 5407.862 GC heap after
Heap after GC invocations=14 (full 5):
 PSYoungGen      total 328704K, used 0K [0x00000000eab00000, 0x0000000100000000, 0x0000000100000000)
  eden space 308224K, 0% used [0x00000000eab00000,0x00000000eab00000,0x00000000fd800000)
  from space 20480K, 0% used [0x00000000fd800000,0x00000000fd800000,0x00000000fec00000)
  to   space 20480K, 0% used [0x00000000fec00000,0x00000000fec00000,0x0000000100000000)
 ParOldGen       total 281600K, used 8421K [0x00000000c0000000, 0x00000000d1300000, 0x00000000eab00000)
  object space 281600K, 2% used [0x00000000c0000000,0x00000000c0839720,0x00000000d1300000)
 Metaspace       used 41937K, capacity 42248K, committed 43264K, reserved 1085440K
  class space    used 6099K, capacity 6212K, committed 6400K, reserved 1048576K
}

