# JRE version: Java(TM) SE Runtime Environment (8.0_181-b13) (build 1.8.0_181-b13)
# Java VM: Java HotSpot(TM) 64-Bit Server VM (25.181-b13 mixed mode linux-amd64 compressed oops)
Heap:
 PSYoungGen      total 242176K, used 161969K [0x00000000eab00000, 0x00000000fb380000, 0x0000000100000000)
  eden space 238080K, 66% used [0x00000000eab00000,0x00000000f45a82e0,0x00000000f9380000)
  from space 4096K, 87% used [0x00000000f9680000,0x00000000f9a04338,0x00000000f9a80000)
  to   space 16384K, 0% used [0x00000000fa380000,0x00000000fa380000,0x00000000fb380000)
 ParOldGen       total 699392K, used 8831K [0x00000000c0000000, 0x00000000eab00000, 0x00000000eab00000)
  object space 699392K, 1% used [0x00000000c0000000,0x00000000c089ff60,0x00000000eab00000)
 Metaspace       used 43480K, capacity 44186K, committed 44416K, reserved 1087488K
  class space    used 6245K, capacity 6403K, committed 6528K, reserved 1048576K
GC Heap History (10 events):
Event: 2231.433 GC heap before
{Heap before GC invocations=12 (full 3):
 PSYoungGen      total 270336K, used 255552K [0x00000000eab00000, 0x00000000fc980000, 0x0000000100000000)
  eden space 253440K, 100% used [0x00000000eab00000,0x00000000fa280000,0x00000000fa280000)
  from space 16896K, 12% used [0x00000000fb900000,0x00000000fbb100c0,0x00000000fc980000)
  to   space 19968K, 0% used [0x00000000fa280000,0x00000000fa280000,0x00000000fb600000)
 ParOldGen       total 699392K, used 8791K [0x00000000c0000000, 0x00000000eab00000, 0x00000000eab00000)
  object space 699392K, 1% used [0x00000000c0000000,0x00000000c0895f60,0x00000000eab00000)
 Metaspace       used 42415K, capacity 42896K, committed 43264K, reserved 1085440K
  class space    used 6156K, capacity 6300K, committed 6400K, reserved 1048576K
Event: 2231.437 GC heap after
Heap after GC invocations=12 (full 3):
 PSYoungGen      total 252928K, used 2048K [0x00000000eab00000, 0x00000000fc580000, 0x0000000100000000)
  eden space 250368K, 0% used [0x00000000eab00000,0x00000000eab00000,0x00000000f9f80000)
  from space 2560K, 80% used [0x00000000fa280000,0x00000000fa4800c0,0x00000000fa500000)
  to   space 19456K, 0% used [0x00000000fb280000,0x00000000fb280000,0x00000000fc580000)
 ParOldGen       total 699392K, used 8799K [0x00000000c0000000, 0x00000000eab00000, 0x00000000eab00000)
  object space 699392K, 1% used [0x00000000c0000000,0x00000000c0897f60,0x00000000eab00000)
 Metaspace       used 42415K, capacity 42896K, committed 43264K, reserved 1085440K
  class space    used 6156K, capacity 6300K, committed 6400K, reserved 1048576K
}
Event: 2288.831 GC heap before
{Heap before GC invocations=13 (full 3):
 PSYoungGen      total 252928K, used 252416K [0x00000000eab00000, 0x00000000fc580000, 0x0000000100000000)
  eden space 250368K, 100% used [0x00000000eab00000,0x00000000f9f80000,0x00000000f9f80000)
  from space 2560K, 80% used [0x00000000fa280000,0x00000000fa4800c0,0x00000000fa500000)
  to   space 19456K, 0% used [0x00000000fb280000,0x00000000fb280000,0x00000000fc580000)
 ParOldGen       total 699392K, used 8799K [0x00000000c0000000, 0x00000000eab00000, 0x00000000eab00000)
  object space 699392K, 1% used [0x00000000c0000000,0x00000000c0897f60,0x00000000eab00000)
 Metaspace       used 42673K, capacity 43262K, committed 43520K, reserved 1087488K
  class space    used 6172K, capacity 6329K, committed 6400K, reserved 1048576K
Event: 2288.834 GC heap after
Heap after GC invocations=13 (full 3):
 PSYoungGen      total 261632K, used 3072K [0x00000000eab00000, 0x00000000fc080000, 0x0000000100000000)
  eden space 247296K, 0% used [0x00000000eab00000,0x00000000eab00000,0x00000000f9c80000)
  from space 14336K, 21% used [0x00000000fb280000,0x00000000fb580120,0x00000000fc080000)
  to   space 18432K, 0% used [0x00000000f9c80000,0x00000000f9c80000,0x00000000fae80000)
 ParOldGen       total 699392K, used 8807K [0x00000000c0000000, 0x00000000eab00000, 0x00000000eab00000)
  object space 699392K, 1% used [0x00000000c0000000,0x00000000c0899f60,0x00000000eab00000)
 Metaspace       used 42673K, capacity 43262K, committed 43520K, reserved 1087488K
  class space    used 6172K, capacity 6329K, committed 6400K, reserved 1048576K
}
Event: 2328.831 GC heap before
{Heap before GC invocations=14 (full 3):
 PSYoungGen      total 261632K, used 250368K [0x00000000eab00000, 0x00000000fc080000, 0x0000000100000000)
  eden space 247296K, 100% used [0x00000000eab00000,0x00000000f9c80000,0x00000000f9c80000)
  from space 14336K, 21% used [0x00000000fb280000,0x00000000fb580120,0x00000000fc080000)
  to   space 18432K, 0% used [0x00000000f9c80000,0x00000000f9c80000,0x00000000fae80000)
 ParOldGen       total 699392K, used 8807K [0x00000000c0000000, 0x00000000eab00000, 0x00000000eab00000)
  object space 699392K, 1% used [0x00000000c0000000,0x00000000c0899f60,0x00000000eab00000)
 Metaspace       used 42859K, capacity 43444K, committed 43520K, reserved 1087488K
  class space    used 6180K, capacity 6338K, committed 6400K, reserved 1048576K
Event: 2328.834 GC heap after
Heap after GC invocations=14 (full 3):
 PSYoungGen      total 247296K, used 2592K [0x00000000eab00000, 0x00000000fbc80000, 0x0000000100000000)
  eden space 244224K, 0% used [0x00000000eab00000,0x00000000eab00000,0x00000000f9980000)
  from space 3072K, 84% used [0x00000000f9c80000,0x00000000f9f08080,0x00000000f9f80000)
  to   space 17920K, 0% used [0x00000000fab00000,0x00000000fab00000,0x00000000fbc80000)
 ParOldGen       total 699392K, used 8815K [0x00000000c0000000, 0x00000000eab00000, 0x00000000eab00000)
  object space 699392K, 1% used [0x00000000c0000000,0x00000000c089bf60,0x00000000eab00000)
 Metaspace       used 42859K, capacity 43444K, committed 43520K, reserved 1087488K
  class space    used 6180K, capacity 6338K, committed 6400K, reserved 1048576K
}
Event: 2400.134 GC heap before
{Heap before GC invocations=15 (full 3):
 PSYoungGen      total 247296K, used 246816K [0x00000000eab00000, 0x00000000fbc80000, 0x0000000100000000)
  eden space 244224K, 100% used [0x00000000eab00000,0x00000000f9980000,0x00000000f9980000)
  from space 3072K, 84% used [0x00000000f9c80000,0x00000000f9f08080,0x00000000f9f80000)
  to   space 17920K, 0% used [0x00000000fab00000,0x00000000fab00000,0x00000000fbc80000)
 ParOldGen       total 699392K, used 8815K [0x00000000c0000000, 0x00000000eab00000, 0x00000000eab00000)
  object space 699392K, 1% used [0x00000000c0000000,0x00000000c089bf60,0x00000000eab00000)
 Metaspace       used 43006K, capacity 43650K, committed 43776K, reserved 1087488K
  class space    used 6187K, capacity 6351K, committed 6400K, reserved 1048576K
Event: 2400.138 GC heap after
Heap after GC invocations=15 (full 3):
 PSYoungGen      total 254976K, used 2912K [0x00000000eab00000, 0x00000000fb880000, 0x0000000100000000)
  eden space 241152K, 0% used [0x00000000eab00000,0x00000000eab00000,0x00000000f9680000)
  from space 13824K, 21% used [0x00000000fab00000,0x00000000fadd8090,0x00000000fb880000)
  to   space 17408K, 0% used [0x00000000f9680000,0x00000000f9680000,0x00000000fa780000)
 ParOldGen       total 699392K, used 8823K [0x00000000c0000000, 0x00000000eab00000, 0x00000000eab00000)
  object space 699392K, 1% used [0x00000000c0000000,0x00000000c089df60,0x00000000eab00000)
 Metaspace       used 43006K, capacity 43650K, committed 43776K, reserved 1087488K
  class space    used 6187K, capacity 6351K, committed 6400K, reserved 1048576K
}
Event: 2692.732 GC heap before
{Heap before GC invocations=16 (full 3):
 PSYoungGen      total 254976K, used 244064K [0x00000000eab00000, 0x00000000fb880000, 0x0000000100000000)
  eden space 241152K, 100% used [0x00000000eab00000,0x00000000f9680000,0x00000000f9680000)
  from space 13824K, 21% used [0x00000000fab00000,0x00000000fadd8090,0x00000000fb880000)
  to   space 17408K, 0% used [0x00000000f9680000,0x00000000f9680000,0x00000000fa780000)
 ParOldGen       total 699392K, used 8823K [0x00000000c0000000, 0x00000000eab00000, 0x00000000eab00000)
  object space 699392K, 1% used [0x00000000c0000000,0x00000000c089df60,0x00000000eab00000)
 Metaspace       used 43431K, capacity 44110K, committed 44416K, reserved 1087488K
  class space    used 6243K, capacity 6401K, committed 6528K, reserved 1048576K
Event: 2692.735 GC heap after
Heap after GC invocations=16 (full 3):
 PSYoungGen      total 242176K, used 3600K [0x00000000eab00000, 0x00000000fb380000, 0x0000000100000000)
  eden space 238080K, 0% used [0x00000000eab00000,0x00000000eab00000,0x00000000f9380000)
  from space 4096K, 87% used [0x00000000f9680000,0x00000000f9a04338,0x00000000f9a80000)
  to   space 16384K, 0% used [0x00000000fa380000,0x00000000fa380000,0x00000000fb380000)
 ParOldGen       total 699392K, used 8831K [0x00000000c0000000, 0x00000000eab00000, 0x00000000eab00000)
  object space 699392K, 1% used [0x00000000c0000000,0x00000000c089ff60,0x00000000eab00000)
 Metaspace       used 43431K, capacity 44110K, committed 44416K, reserved 1087488K
  class space    used 6243K, capacity 6401K, committed 6528K, reserved 1048576K
}

