# JRE version: Java(TM) SE Runtime Environment (8.0_181-b13) (build 1.8.0_181-b13)
# Java VM: Java HotSpot(TM) 64-Bit Server VM (25.181-b13 mixed mode linux-amd64 compressed oops)
Heap:
 PSYoungGen      total 306176K, used 52524K [0x00000000eab00000, 0x0000000100000000, 0x0000000100000000)
  eden space 263168K, 18% used [0x00000000eab00000,0x00000000edb95f00,0x00000000fac00000)
  from space 43008K, 6% used [0x00000000fd600000,0x00000000fd8b5278,0x0000000100000000)
  to   space 43008K, 0% used [0x00000000fac00000,0x00000000fac00000,0x00000000fd600000)
 ParOldGen       total 491520K, used 8030K [0x00000000c0000000, 0x00000000de000000, 0x00000000eab00000)
  object space 491520K, 1% used [0x00000000c0000000,0x00000000c07d7ad8,0x00000000de000000)
 Metaspace       used 39730K, capacity 40206K, committed 40448K, reserved 1083392K
  class space    used 5706K, capacity 5813K, committed 5888K, reserved 1048576K
GC Heap History (10 events):
Event: 1802.712 GC heap before
{Heap before GC invocations=6 (full 2):
 PSYoungGen      total 301568K, used 197875K [0x00000000eab00000, 0x0000000100000000, 0x0000000100000000)
  eden space 258560K, 76% used [0x00000000eab00000,0x00000000f6c3cc90,0x00000000fa780000)
  from space 43008K, 0% used [0x00000000fa780000,0x00000000fa780000,0x00000000fd180000)
  to   space 43008K, 0% used [0x00000000fd600000,0x00000000fd600000,0x0000000100000000)
 ParOldGen       total 491520K, used 8576K [0x00000000c0000000, 0x00000000de000000, 0x00000000eab00000)
  object space 491520K, 1% used [0x00000000c0000000,0x00000000c0860250,0x00000000de000000)
 Metaspace       used 38914K, capacity 39260K, committed 39552K, reserved 1083392K
  class space    used 5641K, capacity 5750K, committed 5760K, reserved 1048576K
Event: 1802.715 GC heap after
Heap after GC invocations=6 (full 2):
 PSYoungGen      total 306176K, used 4935K [0x00000000eab00000, 0x0000000100000000, 0x0000000100000000)
  eden space 263168K, 0% used [0x00000000eab00000,0x00000000eab00000,0x00000000fac00000)
  from space 43008K, 11% used [0x00000000fd600000,0x00000000fdad1dd0,0x0000000100000000)
  to   space 43008K, 0% used [0x00000000fac00000,0x00000000fac00000,0x00000000fd600000)
 ParOldGen       total 491520K, used 8584K [0x00000000c0000000, 0x00000000de000000, 0x00000000eab00000)
  object space 491520K, 1% used [0x00000000c0000000,0x00000000c0862250,0x00000000de000000)
 Metaspace       used 38914K, capacity 39260K, committed 39552K, reserved 1083392K
  class space    used 5641K, capacity 5750K, committed 5760K, reserved 1048576K
}
Event: 1802.715 GC heap before
{Heap before GC invocations=7 (full 3):
 PSYoungGen      total 306176K, used 4935K [0x00000000eab00000, 0x0000000100000000, 0x0000000100000000)
  eden space 263168K, 0% used [0x00000000eab00000,0x00000000eab00000,0x00000000fac00000)
  from space 43008K, 11% used [0x00000000fd600000,0x00000000fdad1dd0,0x0000000100000000)
  to   space 43008K, 0% used [0x00000000fac00000,0x00000000fac00000,0x00000000fd600000)
 ParOldGen       total 491520K, used 8584K [0x00000000c0000000, 0x00000000de000000, 0x00000000eab00000)
  object space 491520K, 1% used [0x00000000c0000000,0x00000000c0862250,0x00000000de000000)
 Metaspace       used 38914K, capacity 39260K, committed 39552K, reserved 1083392K
  class space    used 5641K, capacity 5750K, committed 5760K, reserved 1048576K
Event: 1802.765 GC heap after
Heap after GC invocations=7 (full 3):
 PSYoungGen      total 306176K, used 0K [0x00000000eab00000, 0x0000000100000000, 0x0000000100000000)
  eden space 263168K, 0% used [0x00000000eab00000,0x00000000eab00000,0x00000000fac00000)
  from space 43008K, 0% used [0x00000000fd600000,0x00000000fd600000,0x0000000100000000)
  to   space 43008K, 0% used [0x00000000fac00000,0x00000000fac00000,0x00000000fd600000)
 ParOldGen       total 491520K, used 11029K [0x00000000c0000000, 0x00000000de000000, 0x00000000eab00000)
  object space 491520K, 2% used [0x00000000c0000000,0x00000000c0ac57b8,0x00000000de000000)
 Metaspace       used 38680K, capacity 38882K, committed 39552K, reserved 1083392K
  class space    used 5604K, capacity 5683K, committed 5760K, reserved 1048576K
}
Event: 3602.712 GC heap before
{Heap before GC invocations=8 (full 3):
 PSYoungGen      total 306176K, used 63483K [0x00000000eab00000, 0x0000000100000000, 0x0000000100000000)
  eden space 263168K, 24% used [0x00000000eab00000,0x00000000ee8fedc0,0x00000000fac00000)
  from space 43008K, 0% used [0x00000000fd600000,0x00000000fd600000,0x0000000100000000)
  to   space 43008K, 0% used [0x00000000fac00000,0x00000000fac00000,0x00000000fd600000)
 ParOldGen       total 491520K, used 11029K [0x00000000c0000000, 0x00000000de000000, 0x00000000eab00000)
  object space 491520K, 2% used [0x00000000c0000000,0x00000000c0ac57b8,0x00000000de000000)
 Metaspace       used 38904K, capacity 39106K, committed 39680K, reserved 1083392K
  class space    used 5639K, capacity 5715K, committed 5888K, reserved 1048576K
Event: 3602.713 GC heap after
Heap after GC invocations=8 (full 3):
 PSYoungGen      total 306176K, used 608K [0x00000000eab00000, 0x0000000100000000, 0x0000000100000000)
  eden space 263168K, 0% used [0x00000000eab00000,0x00000000eab00000,0x00000000fac00000)
  from space 43008K, 1% used [0x00000000fac00000,0x00000000fac98000,0x00000000fd600000)
  to   space 43008K, 0% used [0x00000000fd600000,0x00000000fd600000,0x0000000100000000)
 ParOldGen       total 491520K, used 11037K [0x00000000c0000000, 0x00000000de000000, 0x00000000eab00000)
  object space 491520K, 2% used [0x00000000c0000000,0x00000000c0ac77b8,0x00000000de000000)
 Metaspace       used 38904K, capacity 39106K, committed 39680K, reserved 1083392K
  class space    used 5639K, capacity 5715K, committed 5888K, reserved 1048576K
}
Event: 3602.713 GC heap before
{Heap before GC invocations=9 (full 4):
 PSYoungGen      total 306176K, used 608K [0x00000000eab00000, 0x0000000100000000, 0x0000000100000000)
  eden space 263168K, 0% used [0x00000000eab00000,0x00000000eab00000,0x00000000fac00000)
  from space 43008K, 1% used [0x00000000fac00000,0x00000000fac98000,0x00000000fd600000)
  to   space 43008K, 0% used [0x00000000fd600000,0x00000000fd600000,0x0000000100000000)
 ParOldGen       total 491520K, used 11037K [0x00000000c0000000, 0x00000000de000000, 0x00000000eab00000)
  object space 491520K, 2% used [0x00000000c0000000,0x00000000c0ac77b8,0x00000000de000000)
 Metaspace       used 38904K, capacity 39106K, committed 39680K, reserved 1083392K
  class space    used 5639K, capacity 5715K, committed 5888K, reserved 1048576K
Event: 3602.745 GC heap after
Heap after GC invocations=9 (full 4):
 PSYoungGen      total 306176K, used 0K [0x00000000eab00000, 0x0000000100000000, 0x0000000100000000)
  eden space 263168K, 0% used [0x00000000eab00000,0x00000000eab00000,0x00000000fac00000)
  from space 43008K, 0% used [0x00000000fac00000,0x00000000fac00000,0x00000000fd600000)
  to   space 43008K, 0% used [0x00000000fd600000,0x00000000fd600000,0x0000000100000000)
 ParOldGen       total 491520K, used 8022K [0x00000000c0000000, 0x00000000de000000, 0x00000000eab00000)
  object space 491520K, 1% used [0x00000000c0000000,0x00000000c07d5ad8,0x00000000de000000)
 Metaspace       used 38904K, capacity 39106K, committed 39680K, reserved 1083392K
  class space    used 5639K, capacity 5715K, committed 5888K, reserved 1048576K
}
Event: 4744.953 GC heap before
{Heap before GC invocations=10 (full 4):
 PSYoungGen      total 306176K, used 263168K [0x00000000eab00000, 0x0000000100000000, 0x0000000100000000)
  eden space 263168K, 100% used [0x00000000eab00000,0x00000000fac00000,0x00000000fac00000)
  from space 43008K, 0% used [0x00000000fac00000,0x00000000fac00000,0x00000000fd600000)
  to   space 43008K, 0% used [0x00000000fd600000,0x00000000fd600000,0x0000000100000000)
 ParOldGen       total 491520K, used 8022K [0x00000000c0000000, 0x00000000de000000, 0x00000000eab00000)
  object space 491520K, 1% used [0x00000000c0000000,0x00000000c07d5ad8,0x00000000de000000)
 Metaspace       used 39661K, capacity 40094K, committed 40192K, reserved 1083392K
  class space    used 5697K, capacity 5805K, committed 5888K, reserved 1048576K
Event: 4744.955 GC heap after
Heap after GC invocations=10 (full 4):
 PSYoungGen      total 306176K, used 2772K [0x00000000eab00000, 0x0000000100000000, 0x0000000100000000)
  eden space 263168K, 0% used [0x00000000eab00000,0x00000000eab00000,0x00000000fac00000)
  from space 43008K, 6% used [0x00000000fd600000,0x00000000fd8b5278,0x0000000100000000)
  to   space 43008K, 0% used [0x00000000fac00000,0x00000000fac00000,0x00000000fd600000)
 ParOldGen       total 491520K, used 8030K [0x00000000c0000000, 0x00000000de000000, 0x00000000eab00000)
  object space 491520K, 1% used [0x00000000c0000000,0x00000000c07d7ad8,0x00000000de000000)
 Metaspace       used 39661K, capacity 40094K, committed 40192K, reserved 1083392K
  class space    used 5697K, capacity 5805K, committed 5888K, reserved 1048576K
}

