# JRE version: Java(TM) SE Runtime Environment (8.0_181-b13) (build 1.8.0_181-b13)
# Java VM: Java HotSpot(TM) 64-Bit Server VM (25.181-b13 mixed mode linux-amd64 compressed oops)
Heap:
 PSYoungGen      total 228352K, used 24222K [0x00000000eab00000, 0x0000000100000000, 0x0000000100000000)
  eden space 177152K, 13% used [0x00000000eab00000,0x00000000ec2a7ab0,0x00000000f5800000)
  from space 51200K, 0% used [0x00000000f5800000,0x00000000f5800000,0x00000000f8a00000)
  to   space 87040K, 0% used [0x00000000fab00000,0x00000000fab00000,0x0000000100000000)
 ParOldGen       total 328192K, used 41379K [0x00000000c0000000, 0x00000000d4080000, 0x00000000eab00000)
  object space 328192K, 12% used [0x00000000c0000000,0x00000000c2868dd0,0x00000000d4080000)
 Metaspace       used 40376K, capacity 40620K, committed 41344K, reserved 1085440K
  class space    used 5804K, capacity 5868K, committed 6016K, reserved 1048576K
GC Heap History (10 events):
Event: 74.168 GC heap before
{Heap before GC invocations=8 (full 2):
 PSYoungGen      total 306176K, used 304794K [0x00000000eab00000, 0x0000000100000000, 0x0000000100000000)
  eden space 263168K, 99% used [0x00000000eab00000,0x00000000faaa98b8,0x00000000fac00000)
  from space 43008K, 99% used [0x00000000fac00000,0x00000000fd5fd2b8,0x00000000fd600000)
  to   space 43008K, 0% used [0x00000000fd600000,0x00000000fd600000,0x0000000100000000)
 ParOldGen       total 328192K, used 37041K [0x00000000c0000000, 0x00000000d4080000, 0x00000000eab00000)
  object space 328192K, 11% used [0x00000000c0000000,0x00000000c242c6e0,0x00000000d4080000)
 Metaspace       used 40102K, capacity 40522K, committed 40832K, reserved 1083392K
  class space    used 5841K, capacity 5941K, committed 6016K, reserved 1048576K
Event: 74.181 GC heap after
Heap after GC invocations=8 (full 2):
 PSYoungGen      total 237568K, used 42992K [0x00000000eab00000, 0x0000000100000000, 0x0000000100000000)
  eden space 194560K, 0% used [0x00000000eab00000,0x00000000eab00000,0x00000000f6900000)
  from space 43008K, 99% used [0x00000000fd600000,0x00000000ffffc060,0x0000000100000000)
  to   space 77312K, 0% used [0x00000000f6900000,0x00000000f6900000,0x00000000fb480000)
 ParOldGen       total 328192K, used 56788K [0x00000000c0000000, 0x00000000d4080000, 0x00000000eab00000)
  object space 328192K, 17% used [0x00000000c0000000,0x00000000c3775318,0x00000000d4080000)
 Metaspace       used 40102K, capacity 40522K, committed 40832K, reserved 1083392K
  class space    used 5841K, capacity 5941K, committed 6016K, reserved 1048576K
}
Event: 142.935 GC heap before
{Heap before GC invocations=9 (full 2):
 PSYoungGen      total 237568K, used 237552K [0x00000000eab00000, 0x0000000100000000, 0x0000000100000000)
  eden space 194560K, 100% used [0x00000000eab00000,0x00000000f6900000,0x00000000f6900000)
  from space 43008K, 99% used [0x00000000fd600000,0x00000000ffffc060,0x0000000100000000)
  to   space 77312K, 0% used [0x00000000f6900000,0x00000000f6900000,0x00000000fb480000)
 ParOldGen       total 328192K, used 56788K [0x00000000c0000000, 0x00000000d4080000, 0x00000000eab00000)
  object space 328192K, 17% used [0x00000000c0000000,0x00000000c3775318,0x00000000d4080000)
 Metaspace       used 40326K, capacity 40752K, committed 40832K, reserved 1083392K
  class space    used 5851K, capacity 5958K, committed 6016K, reserved 1048576K
Event: 142.946 GC heap after
Heap after GC invocations=9 (full 2):
 PSYoungGen      total 247808K, used 53206K [0x00000000eab00000, 0x0000000100000000, 0x0000000100000000)
  eden space 194560K, 0% used [0x00000000eab00000,0x00000000eab00000,0x00000000f6900000)
  from space 53248K, 99% used [0x00000000f6900000,0x00000000f9cf5b88,0x00000000f9d00000)
  to   space 82432K, 0% used [0x00000000faf80000,0x00000000faf80000,0x0000000100000000)
 ParOldGen       total 328192K, used 56796K [0x00000000c0000000, 0x00000000d4080000, 0x00000000eab00000)
  object space 328192K, 17% used [0x00000000c0000000,0x00000000c3777318,0x00000000d4080000)
 Metaspace       used 40326K, capacity 40752K, committed 40832K, reserved 1083392K
  class space    used 5851K, capacity 5958K, committed 6016K, reserved 1048576K
}
Event: 164.141 GC heap before
{Heap before GC invocations=10 (full 2):
 PSYoungGen      total 247808K, used 247766K [0x00000000eab00000, 0x0000000100000000, 0x0000000100000000)
  eden space 194560K, 100% used [0x00000000eab00000,0x00000000f6900000,0x00000000f6900000)
  from space 53248K, 99% used [0x00000000f6900000,0x00000000f9cf5b88,0x00000000f9d00000)
  to   space 82432K, 0% used [0x00000000faf80000,0x00000000faf80000,0x0000000100000000)
 ParOldGen       total 328192K, used 56796K [0x00000000c0000000, 0x00000000d4080000, 0x00000000eab00000)
  object space 328192K, 17% used [0x00000000c0000000,0x00000000c3777318,0x00000000d4080000)
 Metaspace       used 40428K, capacity 40910K, committed 41088K, reserved 1085440K
  class space    used 5853K, capacity 5963K, committed 6016K, reserved 1048576K
Event: 164.154 GC heap after
Heap after GC invocations=10 (full 2):
 PSYoungGen      total 259584K, used 54090K [0x00000000eab00000, 0x0000000100000000, 0x0000000100000000)
  eden space 177152K, 0% used [0x00000000eab00000,0x00000000eab00000,0x00000000f5800000)
  from space 82432K, 65% used [0x00000000faf80000,0x00000000fe4528a8,0x0000000100000000)
  to   space 86016K, 0% used [0x00000000f5800000,0x00000000f5800000,0x00000000fac00000)
 ParOldGen       total 328192K, used 58024K [0x00000000c0000000, 0x00000000d4080000, 0x00000000eab00000)
  object space 328192K, 17% used [0x00000000c0000000,0x00000000c38aa378,0x00000000d4080000)
 Metaspace       used 40428K, capacity 40910K, committed 41088K, reserved 1085440K
  class space    used 5853K, capacity 5963K, committed 6016K, reserved 1048576K
}
Event: 1807.731 GC heap before
{Heap before GC invocations=11 (full 2):
 PSYoungGen      total 259584K, used 113733K [0x00000000eab00000, 0x0000000100000000, 0x0000000100000000)
  eden space 177152K, 33% used [0x00000000eab00000,0x00000000ee53ebd0,0x00000000f5800000)
  from space 82432K, 65% used [0x00000000faf80000,0x00000000fe4528a8,0x0000000100000000)
  to   space 86016K, 0% used [0x00000000f5800000,0x00000000f5800000,0x00000000fac00000)
 ParOldGen       total 328192K, used 58024K [0x00000000c0000000, 0x00000000d4080000, 0x00000000eab00000)
  object space 328192K, 17% used [0x00000000c0000000,0x00000000c38aa378,0x00000000d4080000)
 Metaspace       used 40632K, capacity 41102K, committed 41344K, reserved 1085440K
  class space    used 5855K, capacity 5963K, committed 6016K, reserved 1048576K
Event: 1807.737 GC heap after
Heap after GC invocations=11 (full 2):
 PSYoungGen      total 228352K, used 51020K [0x00000000eab00000, 0x0000000100000000, 0x0000000100000000)
  eden space 177152K, 0% used [0x00000000eab00000,0x00000000eab00000,0x00000000f5800000)
  from space 51200K, 99% used [0x00000000f5800000,0x00000000f89d31f8,0x00000000f8a00000)
  to   space 87040K, 0% used [0x00000000fab00000,0x00000000fab00000,0x0000000100000000)
 ParOldGen       total 328192K, used 58144K [0x00000000c0000000, 0x00000000d4080000, 0x00000000eab00000)
  object space 328192K, 17% used [0x00000000c0000000,0x00000000c38c8378,0x00000000d4080000)
 Metaspace       used 40632K, capacity 41102K, committed 41344K, reserved 1085440K
  class space    used 5855K, capacity 5963K, committed 6016K, reserved 1048576K
}
Event: 1807.737 GC heap before
{Heap before GC invocations=12 (full 3):
 PSYoungGen      total 228352K, used 51020K [0x00000000eab00000, 0x0000000100000000, 0x0000000100000000)
  eden space 177152K, 0% used [0x00000000eab00000,0x00000000eab00000,0x00000000f5800000)
  from space 51200K, 99% used [0x00000000f5800000,0x00000000f89d31f8,0x00000000f8a00000)
  to   space 87040K, 0% used [0x00000000fab00000,0x00000000fab00000,0x0000000100000000)
 ParOldGen       total 328192K, used 58144K [0x00000000c0000000, 0x00000000d4080000, 0x00000000eab00000)
  object space 328192K, 17% used [0x00000000c0000000,0x00000000c38c8378,0x00000000d4080000)
 Metaspace       used 40632K, capacity 41102K, committed 41344K, reserved 1085440K
  class space    used 5855K, capacity 5963K, committed 6016K, reserved 1048576K
Event: 1807.811 GC heap after
Heap after GC invocations=12 (full 3):
 PSYoungGen      total 228352K, used 0K [0x00000000eab00000, 0x0000000100000000, 0x0000000100000000)
  eden space 177152K, 0% used [0x00000000eab00000,0x00000000eab00000,0x00000000f5800000)
  from space 51200K, 0% used [0x00000000f5800000,0x00000000f5800000,0x00000000f8a00000)
  to   space 87040K, 0% used [0x00000000fab00000,0x00000000fab00000,0x0000000100000000)
 ParOldGen       total 328192K, used 41379K [0x00000000c0000000, 0x00000000d4080000, 0x00000000eab00000)
  object space 328192K, 12% used [0x00000000c0000000,0x00000000c2868dd0,0x00000000d4080000)
 Metaspace       used 40301K, capacity 40556K, committed 41344K, reserved 1085440K
  class space    used 5803K, capacity 5868K, committed 6016K, reserved 1048576K
}

