# JRE version: Java(TM) SE Runtime Environment (8.0_181-b13) (build 1.8.0_181-b13)
# Java VM: Java HotSpot(TM) 64-Bit Server VM (25.181-b13 mixed mode linux-amd64 compressed oops)
Heap:
 PSYoungGen      total 259072K, used 65768K [0x00000000eab00000, 0x0000000100000000, 0x0000000100000000)
  eden space 174592K, 36% used [0x00000000eab00000,0x00000000ee86e530,0x00000000f5580000)
  from space 84480K, 3% used [0x00000000fa680000,0x00000000fa94bc40,0x00000000ff900000)
  to   space 82944K, 0% used [0x00000000f5580000,0x00000000f5580000,0x00000000fa680000)
 ParOldGen       total 295936K, used 42289K [0x00000000c0000000, 0x00000000d2100000, 0x00000000eab00000)
  object space 295936K, 14% used [0x00000000c0000000,0x00000000c294c790,0x00000000d2100000)
 Metaspace       used 41702K, capacity 42320K, committed 42496K, reserved 1085440K
  class space    used 5927K, capacity 6082K, committed 6144K, reserved 1048576K
GC Heap History (10 events):
Event: 1639.386 GC heap before
{Heap before GC invocations=15 (full 2):
 PSYoungGen      total 258048K, used 255610K [0x00000000eab00000, 0x0000000100000000, 0x0000000100000000)
  eden space 189440K, 99% used [0x00000000eab00000,0x00000000f6371fd8,0x00000000f6400000)
  from space 68608K, 97% used [0x00000000fbd00000,0x00000000ffe2cc18,0x0000000100000000)
  to   space 79872K, 0% used [0x00000000f6400000,0x00000000f6400000,0x00000000fb200000)
 ParOldGen       total 295936K, used 122649K [0x00000000c0000000, 0x00000000d2100000, 0x00000000eab00000)
  object space 295936K, 41% used [0x00000000c0000000,0x00000000c77c66b0,0x00000000d2100000)
 Metaspace       used 41205K, capacity 41694K, committed 41856K, reserved 1085440K
  class space    used 5873K, capacity 5987K, committed 6016K, reserved 1048576K
Event: 1639.399 GC heap after
Heap after GC invocations=15 (full 2):
 PSYoungGen      total 254976K, used 65056K [0x00000000eab00000, 0x0000000100000000, 0x0000000100000000)
  eden space 189440K, 0% used [0x00000000eab00000,0x00000000eab00000,0x00000000f6400000)
  from space 65536K, 99% used [0x00000000f6400000,0x00000000fa3883f0,0x00000000fa400000)
  to   space 88064K, 0% used [0x00000000faa00000,0x00000000faa00000,0x0000000100000000)
 ParOldGen       total 295936K, used 132279K [0x00000000c0000000, 0x00000000d2100000, 0x00000000eab00000)
  object space 295936K, 44% used [0x00000000c0000000,0x00000000c812dfa8,0x00000000d2100000)
 Metaspace       used 41205K, capacity 41694K, committed 41856K, reserved 1085440K
  class space    used 5873K, capacity 5987K, committed 6016K, reserved 1048576K
}
Event: 1807.620 GC heap before
{Heap before GC invocations=16 (full 2):
 PSYoungGen      total 254976K, used 203833K [0x00000000eab00000, 0x0000000100000000, 0x0000000100000000)
  eden space 189440K, 73% used [0x00000000eab00000,0x00000000f3286320,0x00000000f6400000)
  from space 65536K, 99% used [0x00000000f6400000,0x00000000fa3883f0,0x00000000fa400000)
  to   space 88064K, 0% used [0x00000000faa00000,0x00000000faa00000,0x0000000100000000)
 ParOldGen       total 295936K, used 132279K [0x00000000c0000000, 0x00000000d2100000, 0x00000000eab00000)
  object space 295936K, 44% used [0x00000000c0000000,0x00000000c812dfa8,0x00000000d2100000)
 Metaspace       used 41211K, capacity 41694K, committed 41856K, reserved 1085440K
  class space    used 5873K, capacity 5987K, committed 6016K, reserved 1048576K
Event: 1807.624 GC heap after
Heap after GC invocations=16 (full 2):
 PSYoungGen      total 261120K, used 448K [0x00000000eab00000, 0x0000000100000000, 0x0000000100000000)
  eden space 173056K, 0% used [0x00000000eab00000,0x00000000eab00000,0x00000000f5400000)
  from space 88064K, 0% used [0x00000000faa00000,0x00000000faa70000,0x0000000100000000)
  to   space 88064K, 0% used [0x00000000f5400000,0x00000000f5400000,0x00000000faa00000)
 ParOldGen       total 295936K, used 140612K [0x00000000c0000000, 0x00000000d2100000, 0x00000000eab00000)
  object space 295936K, 47% used [0x00000000c0000000,0x00000000c8951320,0x00000000d2100000)
 Metaspace       used 41211K, capacity 41694K, committed 41856K, reserved 1085440K
  class space    used 5873K, capacity 5987K, committed 6016K, reserved 1048576K
}
Event: 1807.624 GC heap before
{Heap before GC invocations=17 (full 3):
 PSYoungGen      total 261120K, used 448K [0x00000000eab00000, 0x0000000100000000, 0x0000000100000000)
  eden space 173056K, 0% used [0x00000000eab00000,0x00000000eab00000,0x00000000f5400000)
  from space 88064K, 0% used [0x00000000faa00000,0x00000000faa70000,0x0000000100000000)
  to   space 88064K, 0% used [0x00000000f5400000,0x00000000f5400000,0x00000000faa00000)
 ParOldGen       total 295936K, used 140612K [0x00000000c0000000, 0x00000000d2100000, 0x00000000eab00000)
  object space 295936K, 47% used [0x00000000c0000000,0x00000000c8951320,0x00000000d2100000)
 Metaspace       used 41211K, capacity 41694K, committed 41856K, reserved 1085440K
  class space    used 5873K, capacity 5987K, committed 6016K, reserved 1048576K
Event: 1807.692 GC heap after
Heap after GC invocations=17 (full 3):
 PSYoungGen      total 261120K, used 0K [0x00000000eab00000, 0x0000000100000000, 0x0000000100000000)
  eden space 173056K, 0% used [0x00000000eab00000,0x00000000eab00000,0x00000000f5400000)
  from space 88064K, 0% used [0x00000000faa00000,0x00000000faa00000,0x0000000100000000)
  to   space 88064K, 0% used [0x00000000f5400000,0x00000000f5400000,0x00000000faa00000)
 ParOldGen       total 295936K, used 42153K [0x00000000c0000000, 0x00000000d2100000, 0x00000000eab00000)
  object space 295936K, 14% used [0x00000000c0000000,0x00000000c292a790,0x00000000d2100000)
 Metaspace       used 41148K, capacity 41592K, committed 41856K, reserved 1085440K
  class space    used 5862K, capacity 5966K, committed 6016K, reserved 1048576K
}
Event: 2192.713 GC heap before
{Heap before GC invocations=18 (full 3):
 PSYoungGen      total 261120K, used 173056K [0x00000000eab00000, 0x0000000100000000, 0x0000000100000000)
  eden space 173056K, 100% used [0x00000000eab00000,0x00000000f5400000,0x00000000f5400000)
  from space 88064K, 0% used [0x00000000faa00000,0x00000000faa00000,0x0000000100000000)
  to   space 88064K, 0% used [0x00000000f5400000,0x00000000f5400000,0x00000000faa00000)
 ParOldGen       total 295936K, used 42153K [0x00000000c0000000, 0x00000000d2100000, 0x00000000eab00000)
  object space 295936K, 14% used [0x00000000c0000000,0x00000000c292a790,0x00000000d2100000)
 Metaspace       used 41194K, capacity 41738K, committed 42112K, reserved 1085440K
  class space    used 5864K, capacity 5969K, committed 6016K, reserved 1048576K
Event: 2192.719 GC heap after
Heap after GC invocations=18 (full 3):
 PSYoungGen      total 190976K, used 17441K [0x00000000eab00000, 0x00000000ff900000, 0x0000000100000000)
  eden space 173056K, 0% used [0x00000000eab00000,0x00000000eab00000,0x00000000f5400000)
  from space 17920K, 97% used [0x00000000f5400000,0x00000000f6508418,0x00000000f6580000)
  to   space 84480K, 0% used [0x00000000fa680000,0x00000000fa680000,0x00000000ff900000)
 ParOldGen       total 295936K, used 42161K [0x00000000c0000000, 0x00000000d2100000, 0x00000000eab00000)
  object space 295936K, 14% used [0x00000000c0000000,0x00000000c292c790,0x00000000d2100000)
 Metaspace       used 41194K, capacity 41738K, committed 42112K, reserved 1085440K
  class space    used 5864K, capacity 5969K, committed 6016K, reserved 1048576K
}
Event: 3290.754 GC heap before
{Heap before GC invocations=19 (full 3):
 PSYoungGen      total 190976K, used 190497K [0x00000000eab00000, 0x00000000ff900000, 0x0000000100000000)
  eden space 173056K, 100% used [0x00000000eab00000,0x00000000f5400000,0x00000000f5400000)
  from space 17920K, 97% used [0x00000000f5400000,0x00000000f6508418,0x00000000f6580000)
  to   space 84480K, 0% used [0x00000000fa680000,0x00000000fa680000,0x00000000ff900000)
 ParOldGen       total 295936K, used 42161K [0x00000000c0000000, 0x00000000d2100000, 0x00000000eab00000)
  object space 295936K, 14% used [0x00000000c0000000,0x00000000c292c790,0x00000000d2100000)
 Metaspace       used 41690K, capacity 42256K, committed 42496K, reserved 1085440K
  class space    used 5925K, capacity 6082K, committed 6144K, reserved 1048576K
Event: 3290.757 GC heap after
Heap after GC invocations=19 (full 3):
 PSYoungGen      total 259072K, used 2863K [0x00000000eab00000, 0x0000000100000000, 0x0000000100000000)
  eden space 174592K, 0% used [0x00000000eab00000,0x00000000eab00000,0x00000000f5580000)
  from space 84480K, 3% used [0x00000000fa680000,0x00000000fa94bc40,0x00000000ff900000)
  to   space 82944K, 0% used [0x00000000f5580000,0x00000000f5580000,0x00000000fa680000)
 ParOldGen       total 295936K, used 42289K [0x00000000c0000000, 0x00000000d2100000, 0x00000000eab00000)
  object space 295936K, 14% used [0x00000000c0000000,0x00000000c294c790,0x00000000d2100000)
 Metaspace       used 41690K, capacity 42256K, committed 42496K, reserved 1085440K
  class space    used 5925K, capacity 6082K, committed 6144K, reserved 1048576K
}

