# JRE version: Java(TM) SE Runtime Environment (8.0_181-b13) (build 1.8.0_181-b13)
# Java VM: Java HotSpot(TM) 64-Bit Server VM (25.181-b13 mixed mode linux-amd64 compressed oops)
Heap:
 PSYoungGen      total 301568K, used 62422K [0x00000000eab00000, 0x0000000100000000, 0x0000000100000000)
  eden space 258560K, 24% used [0x00000000eab00000,0x00000000ee7f5b50,0x00000000fa780000)
  from space 43008K, 0% used [0x00000000fa780000,0x00000000fa780000,0x00000000fd180000)
  to   space 43008K, 0% used [0x00000000fd600000,0x00000000fd600000,0x0000000100000000)
 ParOldGen       total 699392K, used 11543K [0x00000000c0000000, 0x00000000eab00000, 0x00000000eab00000)
  object space 699392K, 1% used [0x00000000c0000000,0x00000000c0b45fa8,0x00000000eab00000)
 Metaspace       used 38992K, capacity 39186K, committed 39936K, reserved 1083392K
  class space    used 5644K, capacity 5719K, committed 5888K, reserved 1048576K
GC Heap History (10 events):
Event: 3.962 GC heap before
{Heap before GC invocations=2 (full 1):
 PSYoungGen      total 301568K, used 16594K [0x00000000eab00000, 0x00000000ffb80000, 0x0000000100000000)
  eden space 258560K, 0% used [0x00000000eab00000,0x00000000eab00000,0x00000000fa780000)
  from space 43008K, 38% used [0x00000000fa780000,0x00000000fb7b48e0,0x00000000fd180000)
  to   space 43008K, 0% used [0x00000000fd180000,0x00000000fd180000,0x00000000ffb80000)
 ParOldGen       total 689664K, used 8K [0x00000000c0000000, 0x00000000ea180000, 0x00000000eab00000)
  object space 689664K, 0% used [0x00000000c0000000,0x00000000c0002000,0x00000000ea180000)
 Metaspace       used 20886K, capacity 21076K, committed 21248K, reserved 1067008K
  class space    used 2951K, capacity 3045K, committed 3072K, reserved 1048576K
Event: 4.024 GC heap after
Heap after GC invocations=2 (full 1):
 PSYoungGen      total 301568K, used 0K [0x00000000eab00000, 0x00000000ffb80000, 0x0000000100000000)
  eden space 258560K, 0% used [0x00000000eab00000,0x00000000eab00000,0x00000000fa780000)
  from space 43008K, 0% used [0x00000000fa780000,0x00000000fa780000,0x00000000fd180000)
  to   space 43008K, 0% used [0x00000000fd180000,0x00000000fd180000,0x00000000ffb80000)
 ParOldGen       total 461824K, used 15696K [0x00000000c0000000, 0x00000000dc300000, 0x00000000eab00000)
  object space 461824K, 3% used [0x00000000c0000000,0x00000000c0f543e8,0x00000000dc300000)
 Metaspace       used 20886K, capacity 21076K, committed 21248K, reserved 1067008K
  class space    used 2951K, capacity 3045K, committed 3072K, reserved 1048576K
}
Event: 6.459 GC heap before
{Heap before GC invocations=3 (full 1):
 PSYoungGen      total 301568K, used 253631K [0x00000000eab00000, 0x00000000ffb80000, 0x0000000100000000)
  eden space 258560K, 98% used [0x00000000eab00000,0x00000000fa2affe0,0x00000000fa780000)
  from space 43008K, 0% used [0x00000000fa780000,0x00000000fa780000,0x00000000fd180000)
  to   space 43008K, 0% used [0x00000000fd180000,0x00000000fd180000,0x00000000ffb80000)
 ParOldGen       total 461824K, used 15696K [0x00000000c0000000, 0x00000000dc300000, 0x00000000eab00000)
  object space 461824K, 3% used [0x00000000c0000000,0x00000000c0f543e8,0x00000000dc300000)
 Metaspace       used 34906K, capacity 35082K, committed 35416K, reserved 1079296K
  class space    used 4983K, capacity 5055K, committed 5120K, reserved 1048576K
Event: 6.507 GC heap after
Heap after GC invocations=3 (full 1):
 PSYoungGen      total 301568K, used 15999K [0x00000000eab00000, 0x0000000100000000, 0x0000000100000000)
  eden space 258560K, 0% used [0x00000000eab00000,0x00000000eab00000,0x00000000fa780000)
  from space 43008K, 37% used [0x00000000fd180000,0x00000000fe11ff50,0x00000000ffb80000)
  to   space 43008K, 0% used [0x00000000fa780000,0x00000000fa780000,0x00000000fd180000)
 ParOldGen       total 461824K, used 15704K [0x00000000c0000000, 0x00000000dc300000, 0x00000000eab00000)
  object space 461824K, 3% used [0x00000000c0000000,0x00000000c0f563e8,0x00000000dc300000)
 Metaspace       used 34906K, capacity 35082K, committed 35416K, reserved 1079296K
  class space    used 4983K, capacity 5055K, committed 5120K, reserved 1048576K
}
Event: 6.507 GC heap before
{Heap before GC invocations=4 (full 2):
 PSYoungGen      total 301568K, used 15999K [0x00000000eab00000, 0x0000000100000000, 0x0000000100000000)
  eden space 258560K, 0% used [0x00000000eab00000,0x00000000eab00000,0x00000000fa780000)
  from space 43008K, 37% used [0x00000000fd180000,0x00000000fe11ff50,0x00000000ffb80000)
  to   space 43008K, 0% used [0x00000000fa780000,0x00000000fa780000,0x00000000fd180000)
 ParOldGen       total 461824K, used 15704K [0x00000000c0000000, 0x00000000dc300000, 0x00000000eab00000)
  object space 461824K, 3% used [0x00000000c0000000,0x00000000c0f563e8,0x00000000dc300000)
 Metaspace       used 34906K, capacity 35082K, committed 35416K, reserved 1079296K
  class space    used 4983K, capacity 5055K, committed 5120K, reserved 1048576K
Event: 6.601 GC heap after
Heap after GC invocations=4 (full 2):
 PSYoungGen      total 301568K, used 0K [0x00000000eab00000, 0x0000000100000000, 0x0000000100000000)
  eden space 258560K, 0% used [0x00000000eab00000,0x00000000eab00000,0x00000000fa780000)
  from space 43008K, 0% used [0x00000000fd180000,0x00000000fd180000,0x00000000ffb80000)
  to   space 43008K, 0% used [0x00000000fa780000,0x00000000fa780000,0x00000000fd180000)
 ParOldGen       total 699392K, used 19369K [0x00000000c0000000, 0x00000000eab00000, 0x00000000eab00000)
  object space 699392K, 2% used [0x00000000c0000000,0x00000000c12ea798,0x00000000eab00000)
 Metaspace       used 34902K, capacity 35076K, committed 35416K, reserved 1079296K
  class space    used 4982K, capacity 5054K, committed 5120K, reserved 1048576K
}
Event: 1805.376 GC heap before
{Heap before GC invocations=5 (full 2):
 PSYoungGen      total 301568K, used 240602K [0x00000000eab00000, 0x0000000100000000, 0x0000000100000000)
  eden space 258560K, 93% used [0x00000000eab00000,0x00000000f95f68c8,0x00000000fa780000)
  from space 43008K, 0% used [0x00000000fd180000,0x00000000fd180000,0x00000000ffb80000)
  to   space 43008K, 0% used [0x00000000fa780000,0x00000000fa780000,0x00000000fd180000)
 ParOldGen       total 699392K, used 19369K [0x00000000c0000000, 0x00000000eab00000, 0x00000000eab00000)
  object space 699392K, 2% used [0x00000000c0000000,0x00000000c12ea798,0x00000000eab00000)
 Metaspace       used 39077K, capacity 39440K, committed 39552K, reserved 1083392K
  class space    used 5647K, capacity 5760K, committed 5760K, reserved 1048576K
Event: 1805.385 GC heap after
Heap after GC invocations=5 (full 2):
 PSYoungGen      total 301568K, used 5286K [0x00000000eab00000, 0x0000000100000000, 0x0000000100000000)
  eden space 258560K, 0% used [0x00000000eab00000,0x00000000eab00000,0x00000000fa780000)
  from space 43008K, 12% used [0x00000000fa780000,0x00000000faca9908,0x00000000fd180000)
  to   space 43008K, 0% used [0x00000000fd600000,0x00000000fd600000,0x0000000100000000)
 ParOldGen       total 699392K, used 19369K [0x00000000c0000000, 0x00000000eab00000, 0x00000000eab00000)
  object space 699392K, 2% used [0x00000000c0000000,0x00000000c12ea798,0x00000000eab00000)
 Metaspace       used 39077K, capacity 39440K, committed 39552K, reserved 1083392K
  class space    used 5647K, capacity 5760K, committed 5760K, reserved 1048576K
}
Event: 1805.385 GC heap before
{Heap before GC invocations=6 (full 3):
 PSYoungGen      total 301568K, used 5286K [0x00000000eab00000, 0x0000000100000000, 0x0000000100000000)
  eden space 258560K, 0% used [0x00000000eab00000,0x00000000eab00000,0x00000000fa780000)
  from space 43008K, 12% used [0x00000000fa780000,0x00000000faca9908,0x00000000fd180000)
  to   space 43008K, 0% used [0x00000000fd600000,0x00000000fd600000,0x0000000100000000)
 ParOldGen       total 699392K, used 19369K [0x00000000c0000000, 0x00000000eab00000, 0x00000000eab00000)
  object space 699392K, 2% used [0x00000000c0000000,0x00000000c12ea798,0x00000000eab00000)
 Metaspace       used 39077K, capacity 39440K, committed 39552K, reserved 1083392K
  class space    used 5647K, capacity 5760K, committed 5760K, reserved 1048576K
Event: 1805.485 GC heap after
Heap after GC invocations=6 (full 3):
 PSYoungGen      total 301568K, used 0K [0x00000000eab00000, 0x0000000100000000, 0x0000000100000000)
  eden space 258560K, 0% used [0x00000000eab00000,0x00000000eab00000,0x00000000fa780000)
  from space 43008K, 0% used [0x00000000fa780000,0x00000000fa780000,0x00000000fd180000)
  to   space 43008K, 0% used [0x00000000fd600000,0x00000000fd600000,0x0000000100000000)
 ParOldGen       total 699392K, used 11543K [0x00000000c0000000, 0x00000000eab00000, 0x00000000eab00000)
  object space 699392K, 1% used [0x00000000c0000000,0x00000000c0b45fa8,0x00000000eab00000)
 Metaspace       used 38822K, capacity 39026K, committed 39552K, reserved 1083392K
  class space    used 5607K, capacity 5687K, committed 5760K, reserved 1048576K
}

