# JRE version: Java(TM) SE Runtime Environment (8.0_181-b13) (build 1.8.0_181-b13)
# Java VM: Java HotSpot(TM) 64-Bit Server VM (25.181-b13 mixed mode linux-amd64 compressed oops)
Heap:
 PSYoungGen      total 306176K, used 151498K [0x00000000eab00000, 0x0000000100000000, 0x0000000100000000)
  eden space 263168K, 55% used [0x00000000eab00000,0x00000000f3a2f068,0x00000000fac00000)
  from space 43008K, 11% used [0x00000000fd600000,0x00000000fdac39a8,0x0000000100000000)
  to   space 43008K, 0% used [0x00000000fac00000,0x00000000fac00000,0x00000000fd600000)
 ParOldGen       total 502272K, used 9901K [0x00000000c0000000, 0x00000000dea80000, 0x00000000eab00000)
  object space 502272K, 1% used [0x00000000c0000000,0x00000000c09ab658,0x00000000dea80000)
 Metaspace       used 39042K, capacity 39392K, committed 39680K, reserved 1083392K
  class space    used 5688K, capacity 5788K, committed 5888K, reserved 1048576K
GC Heap History (10 events):
Event: 1.733 GC heap before
{Heap before GC invocations=2 (full 1):
 PSYoungGen      total 301568K, used 16859K [0x00000000eab00000, 0x00000000ffb80000, 0x0000000100000000)
  eden space 258560K, 0% used [0x00000000eab00000,0x00000000eab00000,0x00000000fa780000)
  from space 43008K, 39% used [0x00000000fa780000,0x00000000fb7f6f90,0x00000000fd180000)
  to   space 43008K, 0% used [0x00000000fd180000,0x00000000fd180000,0x00000000ffb80000)
 ParOldGen       total 689664K, used 88K [0x00000000c0000000, 0x00000000ea180000, 0x00000000eab00000)
  object space 689664K, 0% used [0x00000000c0000000,0x00000000c0016028,0x00000000ea180000)
 Metaspace       used 20897K, capacity 21084K, committed 21248K, reserved 1067008K
  class space    used 2951K, capacity 3045K, committed 3072K, reserved 1048576K
Event: 1.753 GC heap after
Heap after GC invocations=2 (full 1):
 PSYoungGen      total 301568K, used 0K [0x00000000eab00000, 0x00000000ffb80000, 0x0000000100000000)
  eden space 258560K, 0% used [0x00000000eab00000,0x00000000eab00000,0x00000000fa780000)
  from space 43008K, 0% used [0x00000000fa780000,0x00000000fa780000,0x00000000fd180000)
  to   space 43008K, 0% used [0x00000000fd180000,0x00000000fd180000,0x00000000ffb80000)
 ParOldGen       total 444416K, used 15697K [0x00000000c0000000, 0x00000000db200000, 0x00000000eab00000)
  object space 444416K, 3% used [0x00000000c0000000,0x00000000c0f54718,0x00000000db200000)
 Metaspace       used 20897K, capacity 21084K, committed 21248K, reserved 1067008K
  class space    used 2951K, capacity 3045K, committed 3072K, reserved 1048576K
}
Event: 3.000 GC heap before
{Heap before GC invocations=3 (full 1):
 PSYoungGen      total 301568K, used 258560K [0x00000000eab00000, 0x00000000ffb80000, 0x0000000100000000)
  eden space 258560K, 100% used [0x00000000eab00000,0x00000000fa780000,0x00000000fa780000)
  from space 43008K, 0% used [0x00000000fa780000,0x00000000fa780000,0x00000000fd180000)
  to   space 43008K, 0% used [0x00000000fd180000,0x00000000fd180000,0x00000000ffb80000)
 ParOldGen       total 444416K, used 15697K [0x00000000c0000000, 0x00000000db200000, 0x00000000eab00000)
  object space 444416K, 3% used [0x00000000c0000000,0x00000000c0f54718,0x00000000db200000)
 Metaspace       used 34879K, capacity 35084K, committed 35416K, reserved 1079296K
  class space    used 4979K, capacity 5054K, committed 5120K, reserved 1048576K
Event: 3.011 GC heap after
Heap after GC invocations=3 (full 1):
 PSYoungGen      total 301568K, used 16058K [0x00000000eab00000, 0x0000000100000000, 0x0000000100000000)
  eden space 258560K, 0% used [0x00000000eab00000,0x00000000eab00000,0x00000000fa780000)
  from space 43008K, 37% used [0x00000000fd180000,0x00000000fe12eb90,0x00000000ffb80000)
  to   space 43008K, 0% used [0x00000000fa780000,0x00000000fa780000,0x00000000fd180000)
 ParOldGen       total 444416K, used 15705K [0x00000000c0000000, 0x00000000db200000, 0x00000000eab00000)
  object space 444416K, 3% used [0x00000000c0000000,0x00000000c0f56718,0x00000000db200000)
 Metaspace       used 34879K, capacity 35084K, committed 35416K, reserved 1079296K
  class space    used 4979K, capacity 5054K, committed 5120K, reserved 1048576K
}
Event: 3.020 GC heap before
{Heap before GC invocations=4 (full 1):
 PSYoungGen      total 301568K, used 19709K [0x00000000eab00000, 0x0000000100000000, 0x0000000100000000)
  eden space 258560K, 1% used [0x00000000eab00000,0x00000000eae90b98,0x00000000fa780000)
  from space 43008K, 37% used [0x00000000fd180000,0x00000000fe12eb90,0x00000000ffb80000)
  to   space 43008K, 0% used [0x00000000fa780000,0x00000000fa780000,0x00000000fd180000)
 ParOldGen       total 444416K, used 15705K [0x00000000c0000000, 0x00000000db200000, 0x00000000eab00000)
  object space 444416K, 3% used [0x00000000c0000000,0x00000000c0f56718,0x00000000db200000)
 Metaspace       used 34916K, capacity 35090K, committed 35416K, reserved 1079296K
  class space    used 4988K, capacity 5055K, committed 5120K, reserved 1048576K
Event: 3.023 GC heap after
Heap after GC invocations=4 (full 1):
 PSYoungGen      total 301568K, used 6024K [0x00000000eab00000, 0x0000000100000000, 0x0000000100000000)
  eden space 258560K, 0% used [0x00000000eab00000,0x00000000eab00000,0x00000000fa780000)
  from space 43008K, 14% used [0x00000000fa780000,0x00000000fad62148,0x00000000fd180000)
  to   space 43008K, 0% used [0x00000000fd600000,0x00000000fd600000,0x0000000100000000)
 ParOldGen       total 444416K, used 15705K [0x00000000c0000000, 0x00000000db200000, 0x00000000eab00000)
  object space 444416K, 3% used [0x00000000c0000000,0x00000000c0f56718,0x00000000db200000)
 Metaspace       used 34916K, capacity 35090K, committed 35416K, reserved 1079296K
  class space    used 4988K, capacity 5055K, committed 5120K, reserved 1048576K
}
Event: 3.023 GC heap before
{Heap before GC invocations=5 (full 2):
 PSYoungGen      total 301568K, used 6024K [0x00000000eab00000, 0x0000000100000000, 0x0000000100000000)
  eden space 258560K, 0% used [0x00000000eab00000,0x00000000eab00000,0x00000000fa780000)
  from space 43008K, 14% used [0x00000000fa780000,0x00000000fad62148,0x00000000fd180000)
  to   space 43008K, 0% used [0x00000000fd600000,0x00000000fd600000,0x0000000100000000)
 ParOldGen       total 444416K, used 15705K [0x00000000c0000000, 0x00000000db200000, 0x00000000eab00000)
  object space 444416K, 3% used [0x00000000c0000000,0x00000000c0f56718,0x00000000db200000)
 Metaspace       used 34916K, capacity 35090K, committed 35416K, reserved 1079296K
  class space    used 4988K, capacity 5055K, committed 5120K, reserved 1048576K
Event: 3.048 GC heap after
Heap after GC invocations=5 (full 2):
 PSYoungGen      total 301568K, used 0K [0x00000000eab00000, 0x0000000100000000, 0x0000000100000000)
  eden space 258560K, 0% used [0x00000000eab00000,0x00000000eab00000,0x00000000fa780000)
  from space 43008K, 0% used [0x00000000fa780000,0x00000000fa780000,0x00000000fd180000)
  to   space 43008K, 0% used [0x00000000fd600000,0x00000000fd600000,0x0000000100000000)
 ParOldGen       total 502272K, used 9893K [0x00000000c0000000, 0x00000000dea80000, 0x00000000eab00000)
  object space 502272K, 1% used [0x00000000c0000000,0x00000000c09a9658,0x00000000dea80000)
 Metaspace       used 34912K, capacity 35084K, committed 35416K, reserved 1079296K
  class space    used 4987K, capacity 5054K, committed 5120K, reserved 1048576K
}
Event: 110.359 GC heap before
{Heap before GC invocations=6 (full 2):
 PSYoungGen      total 301568K, used 258560K [0x00000000eab00000, 0x0000000100000000, 0x0000000100000000)
  eden space 258560K, 100% used [0x00000000eab00000,0x00000000fa780000,0x00000000fa780000)
  from space 43008K, 0% used [0x00000000fa780000,0x00000000fa780000,0x00000000fd180000)
  to   space 43008K, 0% used [0x00000000fd600000,0x00000000fd600000,0x0000000100000000)
 ParOldGen       total 502272K, used 9893K [0x00000000c0000000, 0x00000000dea80000, 0x00000000eab00000)
  object space 502272K, 1% used [0x00000000c0000000,0x00000000c09a9658,0x00000000dea80000)
 Metaspace       used 38681K, capacity 39040K, committed 39296K, reserved 1083392K
  class space    used 5647K, capacity 5756K, committed 5760K, reserved 1048576K
Event: 110.363 GC heap after
Heap after GC invocations=6 (full 2):
 PSYoungGen      total 306176K, used 4878K [0x00000000eab00000, 0x0000000100000000, 0x0000000100000000)
  eden space 263168K, 0% used [0x00000000eab00000,0x00000000eab00000,0x00000000fac00000)
  from space 43008K, 11% used [0x00000000fd600000,0x00000000fdac39a8,0x0000000100000000)
  to   space 43008K, 0% used [0x00000000fac00000,0x00000000fac00000,0x00000000fd600000)
 ParOldGen       total 502272K, used 9901K [0x00000000c0000000, 0x00000000dea80000, 0x00000000eab00000)
  object space 502272K, 1% used [0x00000000c0000000,0x00000000c09ab658,0x00000000dea80000)
 Metaspace       used 38681K, capacity 39040K, committed 39296K, reserved 1083392K
  class space    used 5647K, capacity 5756K, committed 5760K, reserved 1048576K
}

