# JRE version: Java(TM) SE Runtime Environment (8.0_181-b13) (build 1.8.0_181-b13)
# Java VM: Java HotSpot(TM) 64-Bit Server VM (25.181-b13 mixed mode linux-amd64 compressed oops)
Heap:
 PSYoungGen      total 283136K, used 52173K [0x00000000eab00000, 0x00000000fd400000, 0x0000000100000000)
  eden space 263168K, 19% used [0x00000000eab00000,0x00000000eddf3518,0x00000000fac00000)
  from space 19968K, 0% used [0x00000000fc080000,0x00000000fc080000,0x00000000fd400000)
  to   space 20480K, 0% used [0x00000000fac00000,0x00000000fac00000,0x00000000fc000000)
 ParOldGen       total 559104K, used 8295K [0x00000000c0000000, 0x00000000e2200000, 0x00000000eab00000)
  object space 559104K, 1% used [0x00000000c0000000,0x00000000c0819ea8,0x00000000e2200000)
 Metaspace       used 41427K, capacity 41676K, committed 42368K, reserved 1085440K
  class space    used 6056K, capacity 6138K, committed 6272K, reserved 1048576K
GC Heap History (10 events):
Event: 1803.839 GC heap before
{Heap before GC invocations=9 (full 3):
 PSYoungGen      total 282624K, used 2312K [0x00000000eab00000, 0x00000000fd500000, 0x0000000100000000)
  eden space 263168K, 0% used [0x00000000eab00000,0x00000000eab00000,0x00000000fac00000)
  from space 19456K, 11% used [0x00000000fc200000,0x00000000fc442040,0x00000000fd500000)
  to   space 20992K, 0% used [0x00000000fac00000,0x00000000fac00000,0x00000000fc080000)
 ParOldGen       total 559104K, used 8612K [0x00000000c0000000, 0x00000000e2200000, 0x00000000eab00000)
  object space 559104K, 1% used [0x00000000c0000000,0x00000000c08690d0,0x00000000e2200000)
 Metaspace       used 41706K, capacity 42148K, committed 42368K, reserved 1085440K
  class space    used 6113K, capacity 6242K, committed 6272K, reserved 1048576K
Event: 1803.942 GC heap after
Heap after GC invocations=9 (full 3):
 PSYoungGen      total 282624K, used 0K [0x00000000eab00000, 0x00000000fd500000, 0x0000000100000000)
  eden space 263168K, 0% used [0x00000000eab00000,0x00000000eab00000,0x00000000fac00000)
  from space 19456K, 0% used [0x00000000fc200000,0x00000000fc200000,0x00000000fd500000)
  to   space 20992K, 0% used [0x00000000fac00000,0x00000000fac00000,0x00000000fc080000)
 ParOldGen       total 559104K, used 8291K [0x00000000c0000000, 0x00000000e2200000, 0x00000000eab00000)
  object space 559104K, 1% used [0x00000000c0000000,0x00000000c0818e28,0x00000000e2200000)
 Metaspace       used 41342K, capacity 41548K, committed 42368K, reserved 1085440K
  class space    used 6056K, capacity 6138K, committed 6272K, reserved 1048576K
}
Event: 3603.834 GC heap before
{Heap before GC invocations=10 (full 3):
 PSYoungGen      total 282624K, used 49768K [0x00000000eab00000, 0x00000000fd500000, 0x0000000100000000)
  eden space 263168K, 18% used [0x00000000eab00000,0x00000000edb9a118,0x00000000fac00000)
  from space 19456K, 0% used [0x00000000fc200000,0x00000000fc200000,0x00000000fd500000)
  to   space 20992K, 0% used [0x00000000fac00000,0x00000000fac00000,0x00000000fc080000)
 ParOldGen       total 559104K, used 8291K [0x00000000c0000000, 0x00000000e2200000, 0x00000000eab00000)
  object space 559104K, 1% used [0x00000000c0000000,0x00000000c0818e28,0x00000000e2200000)
 Metaspace       used 41417K, capacity 41612K, committed 42368K, reserved 1085440K
  class space    used 6056K, capacity 6138K, committed 6272K, reserved 1048576K
Event: 3603.837 GC heap after
Heap after GC invocations=10 (full 3):
 PSYoungGen      total 284160K, used 32K [0x00000000eab00000, 0x00000000fd500000, 0x0000000100000000)
  eden space 263168K, 0% used [0x00000000eab00000,0x00000000eab00000,0x00000000fac00000)
  from space 20992K, 0% used [0x00000000fac00000,0x00000000fac08000,0x00000000fc080000)
  to   space 20992K, 0% used [0x00000000fc080000,0x00000000fc080000,0x00000000fd500000)
 ParOldGen       total 559104K, used 8299K [0x00000000c0000000, 0x00000000e2200000, 0x00000000eab00000)
  object space 559104K, 1% used [0x00000000c0000000,0x00000000c081ae28,0x00000000e2200000)
 Metaspace       used 41417K, capacity 41612K, committed 42368K, reserved 1085440K
  class space    used 6056K, capacity 6138K, committed 6272K, reserved 1048576K
}
Event: 3603.837 GC heap before
{Heap before GC invocations=11 (full 4):
 PSYoungGen      total 284160K, used 32K [0x00000000eab00000, 0x00000000fd500000, 0x0000000100000000)
  eden space 263168K, 0% used [0x00000000eab00000,0x00000000eab00000,0x00000000fac00000)
  from space 20992K, 0% used [0x00000000fac00000,0x00000000fac08000,0x00000000fc080000)
  to   space 20992K, 0% used [0x00000000fc080000,0x00000000fc080000,0x00000000fd500000)
 ParOldGen       total 559104K, used 8299K [0x00000000c0000000, 0x00000000e2200000, 0x00000000eab00000)
  object space 559104K, 1% used [0x00000000c0000000,0x00000000c081ae28,0x00000000e2200000)
 Metaspace       used 41417K, capacity 41612K, committed 42368K, reserved 1085440K
  class space    used 6056K, capacity 6138K, committed 6272K, reserved 1048576K
Event: 3603.889 GC heap after
Heap after GC invocations=11 (full 4):
 PSYoungGen      total 284160K, used 0K [0x00000000eab00000, 0x00000000fd500000, 0x0000000100000000)
  eden space 263168K, 0% used [0x00000000eab00000,0x00000000eab00000,0x00000000fac00000)
  from space 20992K, 0% used [0x00000000fac00000,0x00000000fac00000,0x00000000fc080000)
  to   space 20992K, 0% used [0x00000000fc080000,0x00000000fc080000,0x00000000fd500000)
 ParOldGen       total 559104K, used 8295K [0x00000000c0000000, 0x00000000e2200000, 0x00000000eab00000)
  object space 559104K, 1% used [0x00000000c0000000,0x00000000c0819e10,0x00000000e2200000)
 Metaspace       used 41417K, capacity 41612K, committed 42368K, reserved 1085440K
  class space    used 6056K, capacity 6138K, committed 6272K, reserved 1048576K
}
Event: 5403.834 GC heap before
{Heap before GC invocations=12 (full 4):
 PSYoungGen      total 284160K, used 47744K [0x00000000eab00000, 0x00000000fd500000, 0x0000000100000000)
  eden space 263168K, 18% used [0x00000000eab00000,0x00000000ed9a0140,0x00000000fac00000)
  from space 20992K, 0% used [0x00000000fac00000,0x00000000fac00000,0x00000000fc080000)
  to   space 20992K, 0% used [0x00000000fc080000,0x00000000fc080000,0x00000000fd500000)
 ParOldGen       total 559104K, used 8295K [0x00000000c0000000, 0x00000000e2200000, 0x00000000eab00000)
  object space 559104K, 1% used [0x00000000c0000000,0x00000000c0819e10,0x00000000e2200000)
 Metaspace       used 41425K, capacity 41676K, committed 42368K, reserved 1085440K
  class space    used 6056K, capacity 6138K, committed 6272K, reserved 1048576K
Event: 5403.837 GC heap after
Heap after GC invocations=12 (full 4):
 PSYoungGen      total 283136K, used 96K [0x00000000eab00000, 0x00000000fd400000, 0x0000000100000000)
  eden space 263168K, 0% used [0x00000000eab00000,0x00000000eab00000,0x00000000fac00000)
  from space 19968K, 0% used [0x00000000fc080000,0x00000000fc098000,0x00000000fd400000)
  to   space 20480K, 0% used [0x00000000fac00000,0x00000000fac00000,0x00000000fc000000)
 ParOldGen       total 559104K, used 8295K [0x00000000c0000000, 0x00000000e2200000, 0x00000000eab00000)
  object space 559104K, 1% used [0x00000000c0000000,0x00000000c0819e10,0x00000000e2200000)
 Metaspace       used 41425K, capacity 41676K, committed 42368K, reserved 1085440K
  class space    used 6056K, capacity 6138K, committed 6272K, reserved 1048576K
}
Event: 5403.837 GC heap before
{Heap before GC invocations=13 (full 5):
 PSYoungGen      total 283136K, used 96K [0x00000000eab00000, 0x00000000fd400000, 0x0000000100000000)
  eden space 263168K, 0% used [0x00000000eab00000,0x00000000eab00000,0x00000000fac00000)
  from space 19968K, 0% used [0x00000000fc080000,0x00000000fc098000,0x00000000fd400000)
  to   space 20480K, 0% used [0x00000000fac00000,0x00000000fac00000,0x00000000fc000000)
 ParOldGen       total 559104K, used 8295K [0x00000000c0000000, 0x00000000e2200000, 0x00000000eab00000)
  object space 559104K, 1% used [0x00000000c0000000,0x00000000c0819e10,0x00000000e2200000)
 Metaspace       used 41425K, capacity 41676K, committed 42368K, reserved 1085440K
  class space    used 6056K, capacity 6138K, committed 6272K, reserved 1048576K
Event: 5403.958 GC heap after
Heap after GC invocations=13 (full 5):
 PSYoungGen      total 283136K, used 0K [0x00000000eab00000, 0x00000000fd400000, 0x0000000100000000)
  eden space 263168K, 0% used [0x00000000eab00000,0x00000000eab00000,0x00000000fac00000)
  from space 19968K, 0% used [0x00000000fc080000,0x00000000fc080000,0x00000000fd400000)
  to   space 20480K, 0% used [0x00000000fac00000,0x00000000fac00000,0x00000000fc000000)
 ParOldGen       total 559104K, used 8295K [0x00000000c0000000, 0x00000000e2200000, 0x00000000eab00000)
  object space 559104K, 1% used [0x00000000c0000000,0x00000000c0819ea8,0x00000000e2200000)
 Metaspace       used 41425K, capacity 41676K, committed 42368K, reserved 1085440K
  class space    used 6056K, capacity 6138K, committed 6272K, reserved 1048576K
}

