# JRE version: Java(TM) SE Runtime Environment (8.0_181-b13) (build 1.8.0_181-b13)
# Java VM: Java HotSpot(TM) 64-Bit Server VM (25.181-b13 mixed mode linux-amd64 compressed oops)
Heap:
 PSYoungGen      total 289280K, used 189962K [0x00000000eab00000, 0x00000000fe800000, 0x0000000100000000)
  eden space 262656K, 71% used [0x00000000eab00000,0x00000000f637a890,0x00000000fab80000)
  from space 26624K, 3% used [0x00000000fc480000,0x00000000fc588108,0x00000000fde80000)
  to   space 25600K, 0% used [0x00000000fab80000,0x00000000fab80000,0x00000000fc480000)
 ParOldGen       total 472064K, used 43832K [0x00000000c0000000, 0x00000000dcd00000, 0x00000000eab00000)
  object space 472064K, 9% used [0x00000000c0000000,0x00000000c2ace1c0,0x00000000dcd00000)
 Metaspace       used 44172K, capacity 44794K, committed 45184K, reserved 1087488K
  class space    used 6299K, capacity 6457K, committed 6528K, reserved 1048576K
GC Heap History (10 events):
Event: 3295.063 GC heap before
{Heap before GC invocations=20 (full 3):
 PSYoungGen      total 295424K, used 272416K [0x00000000eab00000, 0x00000000fef80000, 0x0000000100000000)
  eden space 270848K, 100% used [0x00000000eab00000,0x00000000fb380000,0x00000000fb380000)
  from space 24576K, 6% used [0x00000000fd780000,0x00000000fd908090,0x00000000fef80000)
  to   space 30720K, 0% used [0x00000000fb380000,0x00000000fb380000,0x00000000fd180000)
 ParOldGen       total 472064K, used 42961K [0x00000000c0000000, 0x00000000dcd00000, 0x00000000eab00000)
  object space 472064K, 9% used [0x00000000c0000000,0x00000000c29f47d8,0x00000000dcd00000)
 Metaspace       used 44023K, capacity 44704K, committed 44928K, reserved 1087488K
  class space    used 6308K, capacity 6474K, committed 6528K, reserved 1048576K
Event: 3295.066 GC heap after
Heap after GC invocations=20 (full 3):
 PSYoungGen      total 268288K, used 1904K [0x00000000eab00000, 0x00000000fe800000, 0x0000000100000000)
  eden space 266240K, 0% used [0x00000000eab00000,0x00000000eab00000,0x00000000faf00000)
  from space 2048K, 92% used [0x00000000fb380000,0x00000000fb55c0a0,0x00000000fb580000)
  to   space 29184K, 0% used [0x00000000fcb80000,0x00000000fcb80000,0x00000000fe800000)
 ParOldGen       total 472064K, used 42969K [0x00000000c0000000, 0x00000000dcd00000, 0x00000000eab00000)
  object space 472064K, 9% used [0x00000000c0000000,0x00000000c29f67d8,0x00000000dcd00000)
 Metaspace       used 44023K, capacity 44704K, committed 44928K, reserved 1087488K
  class space    used 6308K, capacity 6474K, committed 6528K, reserved 1048576K
}
Event: 3512.108 GC heap before
{Heap before GC invocations=21 (full 3):
 PSYoungGen      total 268288K, used 268144K [0x00000000eab00000, 0x00000000fe800000, 0x0000000100000000)
  eden space 266240K, 100% used [0x00000000eab00000,0x00000000faf00000,0x00000000faf00000)
  from space 2048K, 92% used [0x00000000fb380000,0x00000000fb55c0a0,0x00000000fb580000)
  to   space 29184K, 0% used [0x00000000fcb80000,0x00000000fcb80000,0x00000000fe800000)
 ParOldGen       total 472064K, used 42969K [0x00000000c0000000, 0x00000000dcd00000, 0x00000000eab00000)
  object space 472064K, 9% used [0x00000000c0000000,0x00000000c29f67d8,0x00000000dcd00000)
 Metaspace       used 44097K, capacity 44786K, committed 44928K, reserved 1087488K
  class space    used 6310K, capacity 6477K, committed 6528K, reserved 1048576K
Event: 3512.111 GC heap after
Heap after GC invocations=21 (full 3):
 PSYoungGen      total 283136K, used 1776K [0x00000000eab00000, 0x00000000fe080000, 0x0000000100000000)
  eden space 261632K, 0% used [0x00000000eab00000,0x00000000eab00000,0x00000000faa80000)
  from space 21504K, 8% used [0x00000000fcb80000,0x00000000fcd3c0a0,0x00000000fe080000)
  to   space 27648K, 0% used [0x00000000faa80000,0x00000000faa80000,0x00000000fc580000)
 ParOldGen       total 472064K, used 42969K [0x00000000c0000000, 0x00000000dcd00000, 0x00000000eab00000)
  object space 472064K, 9% used [0x00000000c0000000,0x00000000c29f67d8,0x00000000dcd00000)
 Metaspace       used 44097K, capacity 44786K, committed 44928K, reserved 1087488K
  class space    used 6310K, capacity 6477K, committed 6528K, reserved 1048576K
}
Event: 3602.607 GC heap before
{Heap before GC invocations=22 (full 3):
 PSYoungGen      total 283136K, used 165287K [0x00000000eab00000, 0x00000000fe080000, 0x0000000100000000)
  eden space 261632K, 62% used [0x00000000eab00000,0x00000000f4aaddb0,0x00000000faa80000)
  from space 21504K, 8% used [0x00000000fcb80000,0x00000000fcd3c0a0,0x00000000fe080000)
  to   space 27648K, 0% used [0x00000000faa80000,0x00000000faa80000,0x00000000fc580000)
 ParOldGen       total 472064K, used 42969K [0x00000000c0000000, 0x00000000dcd00000, 0x00000000eab00000)
  object space 472064K, 9% used [0x00000000c0000000,0x00000000c29f67d8,0x00000000dcd00000)
 Metaspace       used 44129K, capacity 44792K, committed 44928K, reserved 1087488K
  class space    used 6310K, capacity 6478K, committed 6528K, reserved 1048576K
Event: 3602.609 GC heap after
Heap after GC invocations=22 (full 3):
 PSYoungGen      total 263168K, used 1440K [0x00000000eab00000, 0x00000000fde80000, 0x0000000100000000)
  eden space 261632K, 0% used [0x00000000eab00000,0x00000000eab00000,0x00000000faa80000)
  from space 1536K, 93% used [0x00000000faa80000,0x00000000fabe8020,0x00000000fac00000)
  to   space 26624K, 0% used [0x00000000fc480000,0x00000000fc480000,0x00000000fde80000)
 ParOldGen       total 472064K, used 42977K [0x00000000c0000000, 0x00000000dcd00000, 0x00000000eab00000)
  object space 472064K, 9% used [0x00000000c0000000,0x00000000c29f87d8,0x00000000dcd00000)
 Metaspace       used 44129K, capacity 44792K, committed 44928K, reserved 1087488K
  class space    used 6310K, capacity 6478K, committed 6528K, reserved 1048576K
}
Event: 3602.609 GC heap before
{Heap before GC invocations=23 (full 4):
 PSYoungGen      total 263168K, used 1440K [0x00000000eab00000, 0x00000000fde80000, 0x0000000100000000)
  eden space 261632K, 0% used [0x00000000eab00000,0x00000000eab00000,0x00000000faa80000)
  from space 1536K, 93% used [0x00000000faa80000,0x00000000fabe8020,0x00000000fac00000)
  to   space 26624K, 0% used [0x00000000fc480000,0x00000000fc480000,0x00000000fde80000)
 ParOldGen       total 472064K, used 42977K [0x00000000c0000000, 0x00000000dcd00000, 0x00000000eab00000)
  object space 472064K, 9% used [0x00000000c0000000,0x00000000c29f87d8,0x00000000dcd00000)
 Metaspace       used 44129K, capacity 44792K, committed 44928K, reserved 1087488K
  class space    used 6310K, capacity 6478K, committed 6528K, reserved 1048576K
Event: 3602.706 GC heap after
Heap after GC invocations=23 (full 4):
 PSYoungGen      total 263168K, used 0K [0x00000000eab00000, 0x00000000fde80000, 0x0000000100000000)
  eden space 261632K, 0% used [0x00000000eab00000,0x00000000eab00000,0x00000000faa80000)
  from space 1536K, 0% used [0x00000000faa80000,0x00000000faa80000,0x00000000fac00000)
  to   space 26624K, 0% used [0x00000000fc480000,0x00000000fc480000,0x00000000fde80000)
 ParOldGen       total 472064K, used 43824K [0x00000000c0000000, 0x00000000dcd00000, 0x00000000eab00000)
  object space 472064K, 9% used [0x00000000c0000000,0x00000000c2acc1c0,0x00000000dcd00000)
 Metaspace       used 44032K, capacity 44636K, committed 44928K, reserved 1087488K
  class space    used 6296K, capacity 6452K, committed 6528K, reserved 1048576K
}
Event: 3634.975 GC heap before
{Heap before GC invocations=24 (full 4):
 PSYoungGen      total 263168K, used 261077K [0x00000000eab00000, 0x00000000fde80000, 0x0000000100000000)
  eden space 261632K, 99% used [0x00000000eab00000,0x00000000fa9f5648,0x00000000faa80000)
  from space 1536K, 0% used [0x00000000faa80000,0x00000000faa80000,0x00000000fac00000)
  to   space 26624K, 0% used [0x00000000fc480000,0x00000000fc480000,0x00000000fde80000)
 ParOldGen       total 472064K, used 43824K [0x00000000c0000000, 0x00000000dcd00000, 0x00000000eab00000)
  object space 472064K, 9% used [0x00000000c0000000,0x00000000c2acc1c0,0x00000000dcd00000)
 Metaspace       used 44105K, capacity 44718K, committed 44928K, reserved 1087488K
  class space    used 6298K, capacity 6455K, committed 6528K, reserved 1048576K
Event: 3634.977 GC heap after
Heap after GC invocations=24 (full 4):
 PSYoungGen      total 289280K, used 1056K [0x00000000eab00000, 0x00000000fe800000, 0x0000000100000000)
  eden space 262656K, 0% used [0x00000000eab00000,0x00000000eab00000,0x00000000fab80000)
  from space 26624K, 3% used [0x00000000fc480000,0x00000000fc588108,0x00000000fde80000)
  to   space 25600K, 0% used [0x00000000fab80000,0x00000000fab80000,0x00000000fc480000)
 ParOldGen       total 472064K, used 43832K [0x00000000c0000000, 0x00000000dcd00000, 0x00000000eab00000)
  object space 472064K, 9% used [0x00000000c0000000,0x00000000c2ace1c0,0x00000000dcd00000)
 Metaspace       used 44105K, capacity 44718K, committed 44928K, reserved 1087488K
  class space    used 6298K, capacity 6455K, committed 6528K, reserved 1048576K
}

