# JRE version: Java(TM) SE Runtime Environment (8.0_181-b13) (build 1.8.0_181-b13)
# Java VM: Java HotSpot(TM) 64-Bit Server VM (25.181-b13 mixed mode linux-amd64 compressed oops)
Heap:
 PSYoungGen      total 320000K, used 140579K [0x00000000eab00000, 0x00000000fff80000, 0x0000000100000000)
  eden space 293376K, 47% used [0x00000000eab00000,0x00000000f32e0e50,0x00000000fc980000)
  from space 26624K, 5% used [0x00000000fc980000,0x00000000fcae8090,0x00000000fe380000)
  to   space 25600K, 0% used [0x00000000fe680000,0x00000000fe680000,0x00000000fff80000)
 ParOldGen       total 524800K, used 43378K [0x00000000c0000000, 0x00000000e0080000, 0x00000000eab00000)
  object space 524800K, 8% used [0x00000000c0000000,0x00000000c2a5c830,0x00000000e0080000)
 Metaspace       used 44479K, capacity 45164K, committed 45568K, reserved 1087488K
  class space    used 6364K, capacity 6530K, committed 6656K, reserved 1048576K
GC Heap History (10 events):
Event: 5303.778 GC heap before
{Heap before GC invocations=16 (full 4):
 PSYoungGen      total 327680K, used 310176K [0x00000000eab00000, 0x00000000fff00000, 0x0000000100000000)
  eden space 308736K, 100% used [0x00000000eab00000,0x00000000fd880000,0x00000000fd880000)
  from space 18944K, 7% used [0x00000000fd880000,0x00000000fd9e8090,0x00000000feb00000)
  to   space 18432K, 0% used [0x00000000fed00000,0x00000000fed00000,0x00000000fff00000)
 ParOldGen       total 524800K, used 10463K [0x00000000c0000000, 0x00000000e0080000, 0x00000000eab00000)
  object space 524800K, 1% used [0x00000000c0000000,0x00000000c0a37e48,0x00000000e0080000)
 Metaspace       used 44252K, capacity 44952K, committed 45312K, reserved 1087488K
  class space    used 6369K, capacity 6548K, committed 6656K, reserved 1048576K
Event: 5303.789 GC heap after
Heap after GC invocations=16 (full 4):
 PSYoungGen      total 311296K, used 18418K [0x00000000eab00000, 0x0000000100000000, 0x0000000100000000)
  eden space 292864K, 0% used [0x00000000eab00000,0x00000000eab00000,0x00000000fc900000)
  from space 18432K, 99% used [0x00000000fed00000,0x00000000ffefc990,0x00000000fff00000)
  to   space 28160K, 0% used [0x00000000fc900000,0x00000000fc900000,0x00000000fe480000)
 ParOldGen       total 524800K, used 27666K [0x00000000c0000000, 0x00000000e0080000, 0x00000000eab00000)
  object space 524800K, 5% used [0x00000000c0000000,0x00000000c1b04a10,0x00000000e0080000)
 Metaspace       used 44252K, capacity 44952K, committed 45312K, reserved 1087488K
  class space    used 6369K, capacity 6548K, committed 6656K, reserved 1048576K
}
Event: 5402.697 GC heap before
{Heap before GC invocations=17 (full 4):
 PSYoungGen      total 311296K, used 184876K [0x00000000eab00000, 0x0000000100000000, 0x0000000100000000)
  eden space 292864K, 56% used [0x00000000eab00000,0x00000000f4d8e978,0x00000000fc900000)
  from space 18432K, 99% used [0x00000000fed00000,0x00000000ffefc990,0x00000000fff00000)
  to   space 28160K, 0% used [0x00000000fc900000,0x00000000fc900000,0x00000000fe480000)
 ParOldGen       total 524800K, used 27666K [0x00000000c0000000, 0x00000000e0080000, 0x00000000eab00000)
  object space 524800K, 5% used [0x00000000c0000000,0x00000000c1b04a10,0x00000000e0080000)
 Metaspace       used 44303K, capacity 45022K, committed 45312K, reserved 1087488K
  class space    used 6370K, capacity 6549K, committed 6656K, reserved 1048576K
Event: 5402.704 GC heap after
Heap after GC invocations=17 (full 4):
 PSYoungGen      total 321024K, used 608K [0x00000000eab00000, 0x0000000100000000, 0x0000000100000000)
  eden space 292864K, 0% used [0x00000000eab00000,0x00000000eab00000,0x00000000fc900000)
  from space 28160K, 2% used [0x00000000fc900000,0x00000000fc998010,0x00000000fe480000)
  to   space 27648K, 0% used [0x00000000fe500000,0x00000000fe500000,0x0000000100000000)
 ParOldGen       total 524800K, used 45172K [0x00000000c0000000, 0x00000000e0080000, 0x00000000eab00000)
  object space 524800K, 8% used [0x00000000c0000000,0x00000000c2c1d330,0x00000000e0080000)
 Metaspace       used 44303K, capacity 45022K, committed 45312K, reserved 1087488K
  class space    used 6370K, capacity 6549K, committed 6656K, reserved 1048576K
}
Event: 5402.704 GC heap before
{Heap before GC invocations=18 (full 5):
 PSYoungGen      total 321024K, used 608K [0x00000000eab00000, 0x0000000100000000, 0x0000000100000000)
  eden space 292864K, 0% used [0x00000000eab00000,0x00000000eab00000,0x00000000fc900000)
  from space 28160K, 2% used [0x00000000fc900000,0x00000000fc998010,0x00000000fe480000)
  to   space 27648K, 0% used [0x00000000fe500000,0x00000000fe500000,0x0000000100000000)
 ParOldGen       total 524800K, used 45172K [0x00000000c0000000, 0x00000000e0080000, 0x00000000eab00000)
  object space 524800K, 8% used [0x00000000c0000000,0x00000000c2c1d330,0x00000000e0080000)
 Metaspace       used 44303K, capacity 45022K, committed 45312K, reserved 1087488K
  class space    used 6370K, capacity 6549K, committed 6656K, reserved 1048576K
Event: 5402.787 GC heap after
Heap after GC invocations=18 (full 5):
 PSYoungGen      total 321024K, used 0K [0x00000000eab00000, 0x0000000100000000, 0x0000000100000000)
  eden space 292864K, 0% used [0x00000000eab00000,0x00000000eab00000,0x00000000fc900000)
  from space 28160K, 0% used [0x00000000fc900000,0x00000000fc900000,0x00000000fe480000)
  to   space 27648K, 0% used [0x00000000fe500000,0x00000000fe500000,0x0000000100000000)
 ParOldGen       total 524800K, used 43362K [0x00000000c0000000, 0x00000000e0080000, 0x00000000eab00000)
  object space 524800K, 8% used [0x00000000c0000000,0x00000000c2a58830,0x00000000e0080000)
 Metaspace       used 44202K, capacity 44860K, committed 45312K, reserved 1087488K
  class space    used 6355K, capacity 6522K, committed 6656K, reserved 1048576K
}
Event: 5584.092 GC heap before
{Heap before GC invocations=19 (full 5):
 PSYoungGen      total 321024K, used 292864K [0x00000000eab00000, 0x0000000100000000, 0x0000000100000000)
  eden space 292864K, 100% used [0x00000000eab00000,0x00000000fc900000,0x00000000fc900000)
  from space 28160K, 0% used [0x00000000fc900000,0x00000000fc900000,0x00000000fe480000)
  to   space 27648K, 0% used [0x00000000fe500000,0x00000000fe500000,0x0000000100000000)
 ParOldGen       total 524800K, used 43362K [0x00000000c0000000, 0x00000000e0080000, 0x00000000eab00000)
  object space 524800K, 8% used [0x00000000c0000000,0x00000000c2a58830,0x00000000e0080000)
 Metaspace       used 44345K, capacity 44948K, committed 45312K, reserved 1087488K
  class space    used 6357K, capacity 6526K, committed 6656K, reserved 1048576K
Event: 5584.094 GC heap after
Heap after GC invocations=19 (full 5):
 PSYoungGen      total 318464K, used 1568K [0x00000000eab00000, 0x00000000ffd80000, 0x0000000100000000)
  eden space 293376K, 0% used [0x00000000eab00000,0x00000000eab00000,0x00000000fc980000)
  from space 25088K, 6% used [0x00000000fe500000,0x00000000fe6880b0,0x00000000ffd80000)
  to   space 26624K, 0% used [0x00000000fc980000,0x00000000fc980000,0x00000000fe380000)
 ParOldGen       total 524800K, used 43370K [0x00000000c0000000, 0x00000000e0080000, 0x00000000eab00000)
  object space 524800K, 8% used [0x00000000c0000000,0x00000000c2a5a830,0x00000000e0080000)
 Metaspace       used 44345K, capacity 44948K, committed 45312K, reserved 1087488K
  class space    used 6357K, capacity 6526K, committed 6656K, reserved 1048576K
}
Event: 5725.169 GC heap before
{Heap before GC invocations=20 (full 5):
 PSYoungGen      total 318464K, used 294944K [0x00000000eab00000, 0x00000000ffd80000, 0x0000000100000000)
  eden space 293376K, 100% used [0x00000000eab00000,0x00000000fc980000,0x00000000fc980000)
  from space 25088K, 6% used [0x00000000fe500000,0x00000000fe6880b0,0x00000000ffd80000)
  to   space 26624K, 0% used [0x00000000fc980000,0x00000000fc980000,0x00000000fe380000)
 ParOldGen       total 524800K, used 43370K [0x00000000c0000000, 0x00000000e0080000, 0x00000000eab00000)
  object space 524800K, 8% used [0x00000000c0000000,0x00000000c2a5a830,0x00000000e0080000)
 Metaspace       used 44432K, capacity 45094K, committed 45568K, reserved 1087488K
  class space    used 6358K, capacity 6529K, committed 6656K, reserved 1048576K
Event: 5725.172 GC heap after
Heap after GC invocations=20 (full 5):
 PSYoungGen      total 320000K, used 1440K [0x00000000eab00000, 0x00000000fff80000, 0x0000000100000000)
  eden space 293376K, 0% used [0x00000000eab00000,0x00000000eab00000,0x00000000fc980000)
  from space 26624K, 5% used [0x00000000fc980000,0x00000000fcae8090,0x00000000fe380000)
  to   space 25600K, 0% used [0x00000000fe680000,0x00000000fe680000,0x00000000fff80000)
 ParOldGen       total 524800K, used 43378K [0x00000000c0000000, 0x00000000e0080000, 0x00000000eab00000)
  object space 524800K, 8% used [0x00000000c0000000,0x00000000c2a5c830,0x00000000e0080000)
 Metaspace       used 44432K, capacity 45094K, committed 45568K, reserved 1087488K
  class space    used 6358K, capacity 6529K, committed 6656K, reserved 1048576K
}

