# JRE version: Java(TM) SE Runtime Environment (8.0_181-b13) (build 1.8.0_181-b13)
# Java VM: Java HotSpot(TM) 64-Bit Server VM (25.181-b13 mixed mode linux-amd64 compressed oops)
Heap:
 PSYoungGen      total 318464K, used 63522K [0x00000000eab00000, 0x0000000100000000, 0x0000000100000000)
  eden space 289792K, 15% used [0x00000000eab00000,0x00000000ed5a8a58,0x00000000fc600000)
  from space 28672K, 69% used [0x00000000fe400000,0x00000000ff7600d0,0x0000000100000000)
  to   space 29696K, 0% used [0x00000000fc600000,0x00000000fc600000,0x00000000fe300000)
 ParOldGen       total 695808K, used 26608K [0x00000000c0000000, 0x00000000ea780000, 0x00000000eab00000)
  object space 695808K, 3% used [0x00000000c0000000,0x00000000c19fc058,0x00000000ea780000)
 Metaspace       used 43094K, capacity 43692K, committed 43904K, reserved 1087488K
  class space    used 6305K, capacity 6460K, committed 6528K, reserved 1048576K
GC Heap History (10 events):
Event: 7.921 GC heap before
{Heap before GC invocations=6 (full 2):
 PSYoungGen      total 301568K, used 258560K [0x00000000eab00000, 0x0000000100000000, 0x0000000100000000)
  eden space 258560K, 100% used [0x00000000eab00000,0x00000000fa780000,0x00000000fa780000)
  from space 43008K, 0% used [0x00000000fa780000,0x00000000fa780000,0x00000000fd180000)
  to   space 43008K, 0% used [0x00000000fd600000,0x00000000fd600000,0x0000000100000000)
 ParOldGen       total 695808K, used 8626K [0x00000000c0000000, 0x00000000ea780000, 0x00000000eab00000)
  object space 695808K, 1% used [0x00000000c0000000,0x00000000c086ca30,0x00000000ea780000)
 Metaspace       used 40606K, capacity 41028K, committed 41216K, reserved 1085440K
  class space    used 5997K, capacity 6126K, committed 6144K, reserved 1048576K
Event: 7.929 GC heap after
Heap after GC invocations=6 (full 2):
 PSYoungGen      total 306176K, used 7309K [0x00000000eab00000, 0x0000000100000000, 0x0000000100000000)
  eden space 263168K, 0% used [0x00000000eab00000,0x00000000eab00000,0x00000000fac00000)
  from space 43008K, 16% used [0x00000000fd600000,0x00000000fdd237d8,0x0000000100000000)
  to   space 43008K, 0% used [0x00000000fac00000,0x00000000fac00000,0x00000000fd600000)
 ParOldGen       total 695808K, used 8634K [0x00000000c0000000, 0x00000000ea780000, 0x00000000eab00000)
  object space 695808K, 1% used [0x00000000c0000000,0x00000000c086ea30,0x00000000ea780000)
 Metaspace       used 40606K, capacity 41028K, committed 41216K, reserved 1085440K
  class space    used 5997K, capacity 6126K, committed 6144K, reserved 1048576K
}
Event: 16.865 GC heap before
{Heap before GC invocations=7 (full 2):
 PSYoungGen      total 306176K, used 270477K [0x00000000eab00000, 0x0000000100000000, 0x0000000100000000)
  eden space 263168K, 100% used [0x00000000eab00000,0x00000000fac00000,0x00000000fac00000)
  from space 43008K, 16% used [0x00000000fd600000,0x00000000fdd237d8,0x0000000100000000)
  to   space 43008K, 0% used [0x00000000fac00000,0x00000000fac00000,0x00000000fd600000)
 ParOldGen       total 695808K, used 8634K [0x00000000c0000000, 0x00000000ea780000, 0x00000000eab00000)
  object space 695808K, 1% used [0x00000000c0000000,0x00000000c086ea30,0x00000000ea780000)
 Metaspace       used 41437K, capacity 41948K, committed 42112K, reserved 1085440K
  class space    used 6109K, capacity 6242K, committed 6272K, reserved 1048576K
Event: 16.872 GC heap after
Heap after GC invocations=7 (full 2):
 PSYoungGen      total 266752K, used 3162K [0x00000000eab00000, 0x00000000fd680000, 0x0000000100000000)
  eden space 263168K, 0% used [0x00000000eab00000,0x00000000eab00000,0x00000000fac00000)
  from space 3584K, 88% used [0x00000000fac00000,0x00000000faf16b50,0x00000000faf80000)
  to   space 20992K, 0% used [0x00000000fc200000,0x00000000fc200000,0x00000000fd680000)
 ParOldGen       total 695808K, used 8642K [0x00000000c0000000, 0x00000000ea780000, 0x00000000eab00000)
  object space 695808K, 1% used [0x00000000c0000000,0x00000000c0870a30,0x00000000ea780000)
 Metaspace       used 41437K, capacity 41948K, committed 42112K, reserved 1085440K
  class space    used 6109K, capacity 6242K, committed 6272K, reserved 1048576K
}
Event: 51.823 GC heap before
{Heap before GC invocations=8 (full 2):
 PSYoungGen      total 266752K, used 256102K [0x00000000eab00000, 0x00000000fd680000, 0x0000000100000000)
  eden space 263168K, 96% used [0x00000000eab00000,0x00000000fa203020,0x00000000fac00000)
  from space 3584K, 88% used [0x00000000fac00000,0x00000000faf16b50,0x00000000faf80000)
  to   space 20992K, 0% used [0x00000000fc200000,0x00000000fc200000,0x00000000fd680000)
 ParOldGen       total 695808K, used 8642K [0x00000000c0000000, 0x00000000ea780000, 0x00000000eab00000)
  object space 695808K, 1% used [0x00000000c0000000,0x00000000c0870a30,0x00000000ea780000)
 Metaspace       used 42517K, capacity 43072K, committed 43264K, reserved 1085440K
  class space    used 6254K, capacity 6390K, committed 6400K, reserved 1048576K
Event: 51.834 GC heap after
Heap after GC invocations=8 (full 2):
 PSYoungGen      total 280576K, used 20970K [0x00000000eab00000, 0x0000000100000000, 0x0000000100000000)
  eden space 259584K, 0% used [0x00000000eab00000,0x00000000eab00000,0x00000000fa880000)
  from space 20992K, 99% used [0x00000000fc200000,0x00000000fd67a860,0x00000000fd680000)
  to   space 26112K, 0% used [0x00000000fa880000,0x00000000fa880000,0x00000000fc200000)
 ParOldGen       total 695808K, used 10224K [0x00000000c0000000, 0x00000000ea780000, 0x00000000eab00000)
  object space 695808K, 1% used [0x00000000c0000000,0x00000000c09fc048,0x00000000ea780000)
 Metaspace       used 42517K, capacity 43072K, committed 43264K, reserved 1085440K
  class space    used 6254K, capacity 6390K, committed 6400K, reserved 1048576K
}
Event: 174.558 GC heap before
{Heap before GC invocations=9 (full 2):
 PSYoungGen      total 280576K, used 280554K [0x00000000eab00000, 0x0000000100000000, 0x0000000100000000)
  eden space 259584K, 100% used [0x00000000eab00000,0x00000000fa880000,0x00000000fa880000)
  from space 20992K, 99% used [0x00000000fc200000,0x00000000fd67a860,0x00000000fd680000)
  to   space 26112K, 0% used [0x00000000fa880000,0x00000000fa880000,0x00000000fc200000)
 ParOldGen       total 695808K, used 10224K [0x00000000c0000000, 0x00000000ea780000, 0x00000000eab00000)
  object space 695808K, 1% used [0x00000000c0000000,0x00000000c09fc048,0x00000000ea780000)
 Metaspace       used 42888K, capacity 43474K, committed 43648K, reserved 1087488K
  class space    used 6283K, capacity 6445K, committed 6528K, reserved 1048576K
Event: 174.610 GC heap after
Heap after GC invocations=9 (full 2):
 PSYoungGen      total 285696K, used 20032K [0x00000000eab00000, 0x0000000100000000, 0x0000000100000000)
  eden space 259584K, 0% used [0x00000000eab00000,0x00000000eab00000,0x00000000fa880000)
  from space 26112K, 76% used [0x00000000fa880000,0x00000000fbc100d0,0x00000000fc200000)
  to   space 28672K, 0% used [0x00000000fe400000,0x00000000fe400000,0x0000000100000000)
 ParOldGen       total 695808K, used 26608K [0x00000000c0000000, 0x00000000ea780000, 0x00000000eab00000)
  object space 695808K, 3% used [0x00000000c0000000,0x00000000c19fc058,0x00000000ea780000)
 Metaspace       used 42888K, capacity 43474K, committed 43648K, reserved 1087488K
  class space    used 6283K, capacity 6445K, committed 6528K, reserved 1048576K
}
Event: 194.515 GC heap before
{Heap before GC invocations=10 (full 2):
 PSYoungGen      total 285696K, used 279616K [0x00000000eab00000, 0x0000000100000000, 0x0000000100000000)
  eden space 259584K, 100% used [0x00000000eab00000,0x00000000fa880000,0x00000000fa880000)
  from space 26112K, 76% used [0x00000000fa880000,0x00000000fbc100d0,0x00000000fc200000)
  to   space 28672K, 0% used [0x00000000fe400000,0x00000000fe400000,0x0000000100000000)
 ParOldGen       total 695808K, used 26608K [0x00000000c0000000, 0x00000000ea780000, 0x00000000eab00000)
  object space 695808K, 3% used [0x00000000c0000000,0x00000000c19fc058,0x00000000ea780000)
 Metaspace       used 43036K, capacity 43622K, committed 43904K, reserved 1087488K
  class space    used 6299K, capacity 6459K, committed 6528K, reserved 1048576K
Event: 194.543 GC heap after
Heap after GC invocations=10 (full 2):
 PSYoungGen      total 318464K, used 19840K [0x00000000eab00000, 0x0000000100000000, 0x0000000100000000)
  eden space 289792K, 0% used [0x00000000eab00000,0x00000000eab00000,0x00000000fc600000)
  from space 28672K, 69% used [0x00000000fe400000,0x00000000ff7600d0,0x0000000100000000)
  to   space 29696K, 0% used [0x00000000fc600000,0x00000000fc600000,0x00000000fe300000)
 ParOldGen       total 695808K, used 26608K [0x00000000c0000000, 0x00000000ea780000, 0x00000000eab00000)
  object space 695808K, 3% used [0x00000000c0000000,0x00000000c19fc058,0x00000000ea780000)
 Metaspace       used 43036K, capacity 43622K, committed 43904K, reserved 1087488K
  class space    used 6299K, capacity 6459K, committed 6528K, reserved 1048576K
}

