# JRE version: Java(TM) SE Runtime Environment (8.0_181-b13) (build 1.8.0_181-b13)
# Java VM: Java HotSpot(TM) 64-Bit Server VM (25.181-b13 mixed mode linux-amd64 compressed oops)
Heap:
 PSYoungGen      total 237056K, used 11926K [0x00000000eab00000, 0x00000000fa200000, 0x0000000100000000)
  eden space 222208K, 5% used [0x00000000eab00000,0x00000000eb6a5948,0x00000000f8400000)
  from space 14848K, 0% used [0x00000000f9380000,0x00000000f9380000,0x00000000fa200000)
  to   space 15360K, 0% used [0x00000000f8400000,0x00000000f8400000,0x00000000f9300000)
 ParOldGen       total 464384K, used 10236K [0x00000000c0000000, 0x00000000dc580000, 0x00000000eab00000)
  object space 464384K, 2% used [0x00000000c0000000,0x00000000c09ff068,0x00000000dc580000)
 Metaspace       used 43054K, capacity 43440K, committed 44544K, reserved 1087488K
  class space    used 6129K, capacity 6240K, committed 6400K, reserved 1048576K
GC Heap History (10 events):
Event: 3454.681 GC heap before
{Heap before GC invocations=17 (full 3):
 PSYoungGen      total 228352K, used 227840K [0x00000000eab00000, 0x00000000fa980000, 0x0000000100000000)
  eden space 225792K, 100% used [0x00000000eab00000,0x00000000f8780000,0x00000000f8780000)
  from space 2560K, 80% used [0x00000000f8b00000,0x00000000f8d00080,0x00000000f8d80000)
  to   space 17408K, 0% used [0x00000000f9880000,0x00000000f9880000,0x00000000fa980000)
 ParOldGen       total 464384K, used 10544K [0x00000000c0000000, 0x00000000dc580000, 0x00000000eab00000)
  object space 464384K, 2% used [0x00000000c0000000,0x00000000c0a4c328,0x00000000dc580000)
 Metaspace       used 43544K, capacity 44252K, committed 44288K, reserved 1087488K
  class space    used 6210K, capacity 6386K, committed 6400K, reserved 1048576K
Event: 3454.683 GC heap after
Heap after GC invocations=17 (full 3):
 PSYoungGen      total 233984K, used 2388K [0x00000000eab00000, 0x00000000fa400000, 0x0000000100000000)
  eden space 222208K, 0% used [0x00000000eab00000,0x00000000eab00000,0x00000000f8400000)
  from space 11776K, 20% used [0x00000000f9880000,0x00000000f9ad5228,0x00000000fa400000)
  to   space 16384K, 0% used [0x00000000f8400000,0x00000000f8400000,0x00000000f9400000)
 ParOldGen       total 464384K, used 10552K [0x00000000c0000000, 0x00000000dc580000, 0x00000000eab00000)
  object space 464384K, 2% used [0x00000000c0000000,0x00000000c0a4e328,0x00000000dc580000)
 Metaspace       used 43544K, capacity 44252K, committed 44288K, reserved 1087488K
  class space    used 6210K, capacity 6386K, committed 6400K, reserved 1048576K
}
Event: 3606.632 GC heap before
{Heap before GC invocations=18 (full 3):
 PSYoungGen      total 233984K, used 129992K [0x00000000eab00000, 0x00000000fa400000, 0x0000000100000000)
  eden space 222208K, 57% used [0x00000000eab00000,0x00000000f279ce58,0x00000000f8400000)
  from space 11776K, 20% used [0x00000000f9880000,0x00000000f9ad5228,0x00000000fa400000)
  to   space 16384K, 0% used [0x00000000f8400000,0x00000000f8400000,0x00000000f9400000)
 ParOldGen       total 464384K, used 10552K [0x00000000c0000000, 0x00000000dc580000, 0x00000000eab00000)
  object space 464384K, 2% used [0x00000000c0000000,0x00000000c0a4e328,0x00000000dc580000)
 Metaspace       used 43583K, capacity 44328K, committed 44544K, reserved 1087488K
  class space    used 6211K, capacity 6388K, committed 6400K, reserved 1048576K
Event: 3606.634 GC heap after
Heap after GC invocations=18 (full 3):
 PSYoungGen      total 224256K, used 1856K [0x00000000eab00000, 0x00000000fa300000, 0x0000000100000000)
  eden space 222208K, 0% used [0x00000000eab00000,0x00000000eab00000,0x00000000f8400000)
  from space 2048K, 90% used [0x00000000f8400000,0x00000000f85d0020,0x00000000f8600000)
  to   space 15872K, 0% used [0x00000000f9380000,0x00000000f9380000,0x00000000fa300000)
 ParOldGen       total 464384K, used 10552K [0x00000000c0000000, 0x00000000dc580000, 0x00000000eab00000)
  object space 464384K, 2% used [0x00000000c0000000,0x00000000c0a4e328,0x00000000dc580000)
 Metaspace       used 43583K, capacity 44328K, committed 44544K, reserved 1087488K
  class space    used 6211K, capacity 6388K, committed 6400K, reserved 1048576K
}
Event: 3606.634 GC heap before
{Heap before GC invocations=19 (full 4):
 PSYoungGen      total 224256K, used 1856K [0x00000000eab00000, 0x00000000fa300000, 0x0000000100000000)
  eden space 222208K, 0% used [0x00000000eab00000,0x00000000eab00000,0x00000000f8400000)
  from space 2048K, 90% used [0x00000000f8400000,0x00000000f85d0020,0x00000000f8600000)
  to   space 15872K, 0% used [0x00000000f9380000,0x00000000f9380000,0x00000000fa300000)
 ParOldGen       total 464384K, used 10552K [0x00000000c0000000, 0x00000000dc580000, 0x00000000eab00000)
  object space 464384K, 2% used [0x00000000c0000000,0x00000000c0a4e328,0x00000000dc580000)
 Metaspace       used 43583K, capacity 44328K, committed 44544K, reserved 1087488K
  class space    used 6211K, capacity 6388K, committed 6400K, reserved 1048576K
Event: 3606.710 GC heap after
Heap after GC invocations=19 (full 4):
 PSYoungGen      total 224256K, used 0K [0x00000000eab00000, 0x00000000fa300000, 0x0000000100000000)
  eden space 222208K, 0% used [0x00000000eab00000,0x00000000eab00000,0x00000000f8400000)
  from space 2048K, 0% used [0x00000000f8400000,0x00000000f8400000,0x00000000f8600000)
  to   space 15872K, 0% used [0x00000000f9380000,0x00000000f9380000,0x00000000fa300000)
 ParOldGen       total 464384K, used 11096K [0x00000000c0000000, 0x00000000dc580000, 0x00000000eab00000)
  object space 464384K, 2% used [0x00000000c0000000,0x00000000c0ad6368,0x00000000dc580000)
 Metaspace       used 43429K, capacity 44076K, committed 44544K, reserved 1087488K
  class space    used 6188K, capacity 6346K, committed 6400K, reserved 1048576K
}
Event: 5406.632 GC heap before
{Heap before GC invocations=20 (full 4):
 PSYoungGen      total 224256K, used 7488K [0x00000000eab00000, 0x00000000fa300000, 0x0000000100000000)
  eden space 222208K, 3% used [0x00000000eab00000,0x00000000eb250158,0x00000000f8400000)
  from space 2048K, 0% used [0x00000000f8400000,0x00000000f8400000,0x00000000f8600000)
  to   space 15872K, 0% used [0x00000000f9380000,0x00000000f9380000,0x00000000fa300000)
 ParOldGen       total 464384K, used 11096K [0x00000000c0000000, 0x00000000dc580000, 0x00000000eab00000)
  object space 464384K, 2% used [0x00000000c0000000,0x00000000c0ad6368,0x00000000dc580000)
 Metaspace       used 43441K, capacity 44076K, committed 44544K, reserved 1087488K
  class space    used 6188K, capacity 6346K, committed 6400K, reserved 1048576K
Event: 5406.634 GC heap after
Heap after GC invocations=20 (full 4):
 PSYoungGen      total 237056K, used 384K [0x00000000eab00000, 0x00000000fa200000, 0x0000000100000000)
  eden space 222208K, 0% used [0x00000000eab00000,0x00000000eab00000,0x00000000f8400000)
  from space 14848K, 2% used [0x00000000f9380000,0x00000000f93e0000,0x00000000fa200000)
  to   space 15360K, 0% used [0x00000000f8400000,0x00000000f8400000,0x00000000f9300000)
 ParOldGen       total 464384K, used 11096K [0x00000000c0000000, 0x00000000dc580000, 0x00000000eab00000)
  object space 464384K, 2% used [0x00000000c0000000,0x00000000c0ad6368,0x00000000dc580000)
 Metaspace       used 43441K, capacity 44076K, committed 44544K, reserved 1087488K
  class space    used 6188K, capacity 6346K, committed 6400K, reserved 1048576K
}
Event: 5406.634 GC heap before
{Heap before GC invocations=21 (full 5):
 PSYoungGen      total 237056K, used 384K [0x00000000eab00000, 0x00000000fa200000, 0x0000000100000000)
  eden space 222208K, 0% used [0x00000000eab00000,0x00000000eab00000,0x00000000f8400000)
  from space 14848K, 2% used [0x00000000f9380000,0x00000000f93e0000,0x00000000fa200000)
  to   space 15360K, 0% used [0x00000000f8400000,0x00000000f8400000,0x00000000f9300000)
 ParOldGen       total 464384K, used 11096K [0x00000000c0000000, 0x00000000dc580000, 0x00000000eab00000)
  object space 464384K, 2% used [0x00000000c0000000,0x00000000c0ad6368,0x00000000dc580000)
 Metaspace       used 43441K, capacity 44076K, committed 44544K, reserved 1087488K
  class space    used 6188K, capacity 6346K, committed 6400K, reserved 1048576K
Event: 5406.718 GC heap after
Heap after GC invocations=21 (full 5):
 PSYoungGen      total 237056K, used 0K [0x00000000eab00000, 0x00000000fa200000, 0x0000000100000000)
  eden space 222208K, 0% used [0x00000000eab00000,0x00000000eab00000,0x00000000f8400000)
  from space 14848K, 0% used [0x00000000f9380000,0x00000000f9380000,0x00000000fa200000)
  to   space 15360K, 0% used [0x00000000f8400000,0x00000000f8400000,0x00000000f9300000)
 ParOldGen       total 464384K, used 10236K [0x00000000c0000000, 0x00000000dc580000, 0x00000000eab00000)
  object space 464384K, 2% used [0x00000000c0000000,0x00000000c09ff068,0x00000000dc580000)
 Metaspace       used 43052K, capacity 43440K, committed 44544K, reserved 1087488K
  class space    used 6129K, capacity 6240K, committed 6400K, reserved 1048576K
}

