# JRE version: Java(TM) SE Runtime Environment (8.0_181-b13) (build 1.8.0_181-b13)
# Java VM: Java HotSpot(TM) 64-Bit Server VM (25.181-b13 mixed mode linux-amd64 compressed oops)
Heap:
 PSYoungGen      total 306176K, used 54486K [0x00000000eab00000, 0x0000000100000000, 0x0000000100000000)
  eden space 263168K, 20% used [0x00000000eab00000,0x00000000ee0358e8,0x00000000fac00000)
  from space 43008K, 0% used [0x00000000fac00000,0x00000000fac00000,0x00000000fd600000)
  to   space 43008K, 0% used [0x00000000fd600000,0x00000000fd600000,0x0000000100000000)
 ParOldGen       total 576512K, used 8684K [0x00000000c0000000, 0x00000000e3300000, 0x00000000eab00000)
  object space 576512K, 1% used [0x00000000c0000000,0x00000000c087b1f0,0x00000000e3300000)
 Metaspace       used 41285K, capacity 41536K, committed 42368K, reserved 1085440K
  class space    used 6048K, capacity 6136K, committed 6272K, reserved 1048576K
GC Heap History (10 events):
Event: 11.674 GC heap before
{Heap before GC invocations=4 (full 1):
 PSYoungGen      total 301568K, used 28497K [0x00000000eab00000, 0x0000000100000000, 0x0000000100000000)
  eden space 258560K, 5% used [0x00000000eab00000,0x00000000eb7aa3d0,0x00000000fa780000)
  from space 43008K, 36% used [0x00000000fd180000,0x00000000fe0aa2c0,0x00000000ffb80000)
  to   space 43008K, 0% used [0x00000000fa780000,0x00000000fa780000,0x00000000fd180000)
 ParOldGen       total 458240K, used 16043K [0x00000000c0000000, 0x00000000dbf80000, 0x00000000eab00000)
  object space 458240K, 3% used [0x00000000c0000000,0x00000000c0faace0,0x00000000dbf80000)
 Metaspace       used 34926K, capacity 35108K, committed 35416K, reserved 1079296K
  class space    used 4993K, capacity 5058K, committed 5120K, reserved 1048576K
Event: 11.680 GC heap after
Heap after GC invocations=4 (full 1):
 PSYoungGen      total 301568K, used 4249K [0x00000000eab00000, 0x0000000100000000, 0x0000000100000000)
  eden space 258560K, 0% used [0x00000000eab00000,0x00000000eab00000,0x00000000fa780000)
  from space 43008K, 9% used [0x00000000fa780000,0x00000000faba65a0,0x00000000fd180000)
  to   space 43008K, 0% used [0x00000000fd600000,0x00000000fd600000,0x0000000100000000)
 ParOldGen       total 458240K, used 16051K [0x00000000c0000000, 0x00000000dbf80000, 0x00000000eab00000)
  object space 458240K, 3% used [0x00000000c0000000,0x00000000c0facce0,0x00000000dbf80000)
 Metaspace       used 34926K, capacity 35108K, committed 35416K, reserved 1079296K
  class space    used 4993K, capacity 5058K, committed 5120K, reserved 1048576K
}
Event: 11.680 GC heap before
{Heap before GC invocations=5 (full 2):
 PSYoungGen      total 301568K, used 4249K [0x00000000eab00000, 0x0000000100000000, 0x0000000100000000)
  eden space 258560K, 0% used [0x00000000eab00000,0x00000000eab00000,0x00000000fa780000)
  from space 43008K, 9% used [0x00000000fa780000,0x00000000faba65a0,0x00000000fd180000)
  to   space 43008K, 0% used [0x00000000fd600000,0x00000000fd600000,0x0000000100000000)
 ParOldGen       total 458240K, used 16051K [0x00000000c0000000, 0x00000000dbf80000, 0x00000000eab00000)
  object space 458240K, 3% used [0x00000000c0000000,0x00000000c0facce0,0x00000000dbf80000)
 Metaspace       used 34926K, capacity 35108K, committed 35416K, reserved 1079296K
  class space    used 4993K, capacity 5058K, committed 5120K, reserved 1048576K
Event: 11.742 GC heap after
Heap after GC invocations=5 (full 2):
 PSYoungGen      total 301568K, used 0K [0x00000000eab00000, 0x0000000100000000, 0x0000000100000000)
  eden space 258560K, 0% used [0x00000000eab00000,0x00000000eab00000,0x00000000fa780000)
  from space 43008K, 0% used [0x00000000fa780000,0x00000000fa780000,0x00000000fd180000)
  to   space 43008K, 0% used [0x00000000fd600000,0x00000000fd600000,0x0000000100000000)
 ParOldGen       total 576512K, used 8727K [0x00000000c0000000, 0x00000000e3300000, 0x00000000eab00000)
  object space 576512K, 1% used [0x00000000c0000000,0x00000000c0885f88,0x00000000e3300000)
 Metaspace       used 34922K, capacity 35102K, committed 35416K, reserved 1079296K
  class space    used 4992K, capacity 5057K, committed 5120K, reserved 1048576K
}
Event: 14.269 GC heap before
{Heap before GC invocations=6 (full 2):
 PSYoungGen      total 301568K, used 258560K [0x00000000eab00000, 0x0000000100000000, 0x0000000100000000)
  eden space 258560K, 100% used [0x00000000eab00000,0x00000000fa780000,0x00000000fa780000)
  from space 43008K, 0% used [0x00000000fa780000,0x00000000fa780000,0x00000000fd180000)
  to   space 43008K, 0% used [0x00000000fd600000,0x00000000fd600000,0x0000000100000000)
 ParOldGen       total 576512K, used 8727K [0x00000000c0000000, 0x00000000e3300000, 0x00000000eab00000)
  object space 576512K, 1% used [0x00000000c0000000,0x00000000c0885f88,0x00000000e3300000)
 Metaspace       used 40696K, capacity 41144K, committed 41344K, reserved 1085440K
  class space    used 6010K, capacity 6160K, committed 6272K, reserved 1048576K
Event: 14.277 GC heap after
Heap after GC invocations=6 (full 2):
 PSYoungGen      total 306176K, used 7441K [0x00000000eab00000, 0x0000000100000000, 0x0000000100000000)
  eden space 263168K, 0% used [0x00000000eab00000,0x00000000eab00000,0x00000000fac00000)
  from space 43008K, 17% used [0x00000000fd600000,0x00000000fdd445f8,0x0000000100000000)
  to   space 43008K, 0% used [0x00000000fac00000,0x00000000fac00000,0x00000000fd600000)
 ParOldGen       total 576512K, used 8735K [0x00000000c0000000, 0x00000000e3300000, 0x00000000eab00000)
  object space 576512K, 1% used [0x00000000c0000000,0x00000000c0887f88,0x00000000e3300000)
 Metaspace       used 40696K, capacity 41144K, committed 41344K, reserved 1085440K
  class space    used 6010K, capacity 6160K, committed 6272K, reserved 1048576K
}
Event: 1810.128 GC heap before
{Heap before GC invocations=7 (full 2):
 PSYoungGen      total 306176K, used 186422K [0x00000000eab00000, 0x0000000100000000, 0x0000000100000000)
  eden space 263168K, 68% used [0x00000000eab00000,0x00000000f59c92f8,0x00000000fac00000)
  from space 43008K, 17% used [0x00000000fd600000,0x00000000fdd445f8,0x0000000100000000)
  to   space 43008K, 0% used [0x00000000fac00000,0x00000000fac00000,0x00000000fd600000)
 ParOldGen       total 576512K, used 8735K [0x00000000c0000000, 0x00000000e3300000, 0x00000000eab00000)
  object space 576512K, 1% used [0x00000000c0000000,0x00000000c0887f88,0x00000000e3300000)
 Metaspace       used 41564K, capacity 42054K, committed 42112K, reserved 1085440K
  class space    used 6104K, capacity 6237K, committed 6272K, reserved 1048576K
Event: 1810.143 GC heap after
Heap after GC invocations=7 (full 2):
 PSYoungGen      total 306176K, used 2888K [0x00000000eab00000, 0x0000000100000000, 0x0000000100000000)
  eden space 263168K, 0% used [0x00000000eab00000,0x00000000eab00000,0x00000000fac00000)
  from space 43008K, 6% used [0x00000000fac00000,0x00000000faed2050,0x00000000fd600000)
  to   space 43008K, 0% used [0x00000000fd600000,0x00000000fd600000,0x0000000100000000)
 ParOldGen       total 576512K, used 8743K [0x00000000c0000000, 0x00000000e3300000, 0x00000000eab00000)
  object space 576512K, 1% used [0x00000000c0000000,0x00000000c0889f88,0x00000000e3300000)
 Metaspace       used 41564K, capacity 42054K, committed 42112K, reserved 1085440K
  class space    used 6104K, capacity 6237K, committed 6272K, reserved 1048576K
}
Event: 1810.143 GC heap before
{Heap before GC invocations=8 (full 3):
 PSYoungGen      total 306176K, used 2888K [0x00000000eab00000, 0x0000000100000000, 0x0000000100000000)
  eden space 263168K, 0% used [0x00000000eab00000,0x00000000eab00000,0x00000000fac00000)
  from space 43008K, 6% used [0x00000000fac00000,0x00000000faed2050,0x00000000fd600000)
  to   space 43008K, 0% used [0x00000000fd600000,0x00000000fd600000,0x0000000100000000)
 ParOldGen       total 576512K, used 8743K [0x00000000c0000000, 0x00000000e3300000, 0x00000000eab00000)
  object space 576512K, 1% used [0x00000000c0000000,0x00000000c0889f88,0x00000000e3300000)
 Metaspace       used 41564K, capacity 42054K, committed 42112K, reserved 1085440K
  class space    used 6104K, capacity 6237K, committed 6272K, reserved 1048576K
Event: 1810.304 GC heap after
Heap after GC invocations=8 (full 3):
 PSYoungGen      total 306176K, used 0K [0x00000000eab00000, 0x0000000100000000, 0x0000000100000000)
  eden space 263168K, 0% used [0x00000000eab00000,0x00000000eab00000,0x00000000fac00000)
  from space 43008K, 0% used [0x00000000fac00000,0x00000000fac00000,0x00000000fd600000)
  to   space 43008K, 0% used [0x00000000fd600000,0x00000000fd600000,0x0000000100000000)
 ParOldGen       total 576512K, used 8684K [0x00000000c0000000, 0x00000000e3300000, 0x00000000eab00000)
  object space 576512K, 1% used [0x00000000c0000000,0x00000000c087b1f0,0x00000000e3300000)
 Metaspace       used 41212K, capacity 41472K, committed 42112K, reserved 1085440K
  class space    used 6048K, capacity 6136K, committed 6272K, reserved 1048576K
}

