# JRE version: Java(TM) SE Runtime Environment (8.0_181-b13) (build 1.8.0_181-b13)
# Java VM: Java HotSpot(TM) 64-Bit Server VM (25.181-b13 mixed mode linux-amd64 compressed oops)
Heap:
 PSYoungGen      total 283136K, used 49375K [0x00000000eab00000, 0x00000000fd500000, 0x0000000100000000)
  eden space 263168K, 18% used [0x00000000eab00000,0x00000000edb37c90,0x00000000fac00000)
  from space 19968K, 0% used [0x00000000fc180000,0x00000000fc180000,0x00000000fd500000)
  to   space 20992K, 0% used [0x00000000fac00000,0x00000000fac00000,0x00000000fc080000)
 ParOldGen       total 458752K, used 8326K [0x00000000c0000000, 0x00000000dc000000, 0x00000000eab00000)
  object space 458752K, 1% used [0x00000000c0000000,0x00000000c0821858,0x00000000dc000000)
 Metaspace       used 39311K, capacity 39546K, committed 40192K, reserved 1083392K
  class space    used 5676K, capacity 5751K, committed 5888K, reserved 1048576K
GC Heap History (10 events):
Event: 3.351 GC heap before
{Heap before GC invocations=5 (full 2):
 PSYoungGen      total 301568K, used 4569K [0x00000000eab00000, 0x0000000100000000, 0x0000000100000000)
  eden space 258560K, 0% used [0x00000000eab00000,0x00000000eab00000,0x00000000fa780000)
  from space 43008K, 10% used [0x00000000fa780000,0x00000000fabf65a0,0x00000000fd180000)
  to   space 43008K, 0% used [0x00000000fd600000,0x00000000fd600000,0x0000000100000000)
 ParOldGen       total 417280K, used 15714K [0x00000000c0000000, 0x00000000d9780000, 0x00000000eab00000)
  object space 417280K, 3% used [0x00000000c0000000,0x00000000c0f58830,0x00000000d9780000)
 Metaspace       used 34910K, capacity 35090K, committed 35416K, reserved 1079296K
  class space    used 4987K, capacity 5055K, committed 5120K, reserved 1048576K
Event: 3.380 GC heap after
Heap after GC invocations=5 (full 2):
 PSYoungGen      total 301568K, used 0K [0x00000000eab00000, 0x0000000100000000, 0x0000000100000000)
  eden space 258560K, 0% used [0x00000000eab00000,0x00000000eab00000,0x00000000fa780000)
  from space 43008K, 0% used [0x00000000fa780000,0x00000000fa780000,0x00000000fd180000)
  to   space 43008K, 0% used [0x00000000fd600000,0x00000000fd600000,0x0000000100000000)
 ParOldGen       total 458752K, used 8585K [0x00000000c0000000, 0x00000000dc000000, 0x00000000eab00000)
  object space 458752K, 1% used [0x00000000c0000000,0x00000000c08627a0,0x00000000dc000000)
 Metaspace       used 34907K, capacity 35084K, committed 35416K, reserved 1079296K
  class space    used 4986K, capacity 5054K, committed 5120K, reserved 1048576K
}
Event: 224.605 GC heap before
{Heap before GC invocations=6 (full 2):
 PSYoungGen      total 301568K, used 254560K [0x00000000eab00000, 0x0000000100000000, 0x0000000100000000)
  eden space 258560K, 98% used [0x00000000eab00000,0x00000000fa398090,0x00000000fa780000)
  from space 43008K, 0% used [0x00000000fa780000,0x00000000fa780000,0x00000000fd180000)
  to   space 43008K, 0% used [0x00000000fd600000,0x00000000fd600000,0x0000000100000000)
 ParOldGen       total 458752K, used 8585K [0x00000000c0000000, 0x00000000dc000000, 0x00000000eab00000)
  object space 458752K, 1% used [0x00000000c0000000,0x00000000c08627a0,0x00000000dc000000)
 Metaspace       used 38740K, capacity 39092K, committed 39296K, reserved 1083392K
  class space    used 5646K, capacity 5754K, committed 5760K, reserved 1048576K
Event: 224.610 GC heap after
Heap after GC invocations=6 (full 2):
 PSYoungGen      total 306176K, used 5028K [0x00000000eab00000, 0x0000000100000000, 0x0000000100000000)
  eden space 263168K, 0% used [0x00000000eab00000,0x00000000eab00000,0x00000000fac00000)
  from space 43008K, 11% used [0x00000000fd600000,0x00000000fdae9270,0x0000000100000000)
  to   space 43008K, 0% used [0x00000000fac00000,0x00000000fac00000,0x00000000fd600000)
 ParOldGen       total 458752K, used 8593K [0x00000000c0000000, 0x00000000dc000000, 0x00000000eab00000)
  object space 458752K, 1% used [0x00000000c0000000,0x00000000c08647a0,0x00000000dc000000)
 Metaspace       used 38740K, capacity 39092K, committed 39296K, reserved 1083392K
  class space    used 5646K, capacity 5754K, committed 5760K, reserved 1048576K
}
Event: 352.787 GC heap before
{Heap before GC invocations=7 (full 2):
 PSYoungGen      total 306176K, used 268196K [0x00000000eab00000, 0x0000000100000000, 0x0000000100000000)
  eden space 263168K, 100% used [0x00000000eab00000,0x00000000fac00000,0x00000000fac00000)
  from space 43008K, 11% used [0x00000000fd600000,0x00000000fdae9270,0x0000000100000000)
  to   space 43008K, 0% used [0x00000000fac00000,0x00000000fac00000,0x00000000fd600000)
 ParOldGen       total 458752K, used 8593K [0x00000000c0000000, 0x00000000dc000000, 0x00000000eab00000)
  object space 458752K, 1% used [0x00000000c0000000,0x00000000c08647a0,0x00000000dc000000)
 Metaspace       used 39157K, capacity 39534K, committed 39680K, reserved 1083392K
  class space    used 5694K, capacity 5801K, committed 5888K, reserved 1048576K
Event: 352.790 GC heap after
Heap after GC invocations=7 (full 2):
 PSYoungGen      total 265728K, used 2516K [0x00000000eab00000, 0x00000000fd680000, 0x0000000100000000)
  eden space 263168K, 0% used [0x00000000eab00000,0x00000000eab00000,0x00000000fac00000)
  from space 2560K, 98% used [0x00000000fac00000,0x00000000fae75228,0x00000000fae80000)
  to   space 21504K, 0% used [0x00000000fc180000,0x00000000fc180000,0x00000000fd680000)
 ParOldGen       total 458752K, used 8601K [0x00000000c0000000, 0x00000000dc000000, 0x00000000eab00000)
  object space 458752K, 1% used [0x00000000c0000000,0x00000000c08667a0,0x00000000dc000000)
 Metaspace       used 39157K, capacity 39534K, committed 39680K, reserved 1083392K
  class space    used 5694K, capacity 5801K, committed 5888K, reserved 1048576K
}
Event: 1802.732 GC heap before
{Heap before GC invocations=8 (full 2):
 PSYoungGen      total 265728K, used 105783K [0x00000000eab00000, 0x00000000fd680000, 0x0000000100000000)
  eden space 263168K, 39% used [0x00000000eab00000,0x00000000f0fd8c90,0x00000000fac00000)
  from space 2560K, 98% used [0x00000000fac00000,0x00000000fae75228,0x00000000fae80000)
  to   space 21504K, 0% used [0x00000000fc180000,0x00000000fc180000,0x00000000fd680000)
 ParOldGen       total 458752K, used 8601K [0x00000000c0000000, 0x00000000dc000000, 0x00000000eab00000)
  object space 458752K, 1% used [0x00000000c0000000,0x00000000c08667a0,0x00000000dc000000)
 Metaspace       used 39539K, capacity 39986K, committed 40192K, reserved 1083392K
  class space    used 5724K, capacity 5839K, committed 5888K, reserved 1048576K
Event: 1802.737 GC heap after
Heap after GC invocations=8 (full 2):
 PSYoungGen      total 283136K, used 2210K [0x00000000eab00000, 0x00000000fd500000, 0x0000000100000000)
  eden space 263168K, 0% used [0x00000000eab00000,0x00000000eab00000,0x00000000fac00000)
  from space 19968K, 11% used [0x00000000fc180000,0x00000000fc3a8808,0x00000000fd500000)
  to   space 20992K, 0% used [0x00000000fac00000,0x00000000fac00000,0x00000000fc080000)
 ParOldGen       total 458752K, used 8609K [0x00000000c0000000, 0x00000000dc000000, 0x00000000eab00000)
  object space 458752K, 1% used [0x00000000c0000000,0x00000000c08687a0,0x00000000dc000000)
 Metaspace       used 39539K, capacity 39986K, committed 40192K, reserved 1083392K
  class space    used 5724K, capacity 5839K, committed 5888K, reserved 1048576K
}
Event: 1802.737 GC heap before
{Heap before GC invocations=9 (full 3):
 PSYoungGen      total 283136K, used 2210K [0x00000000eab00000, 0x00000000fd500000, 0x0000000100000000)
  eden space 263168K, 0% used [0x00000000eab00000,0x00000000eab00000,0x00000000fac00000)
  from space 19968K, 11% used [0x00000000fc180000,0x00000000fc3a8808,0x00000000fd500000)
  to   space 20992K, 0% used [0x00000000fac00000,0x00000000fac00000,0x00000000fc080000)
 ParOldGen       total 458752K, used 8609K [0x00000000c0000000, 0x00000000dc000000, 0x00000000eab00000)
  object space 458752K, 1% used [0x00000000c0000000,0x00000000c08687a0,0x00000000dc000000)
 Metaspace       used 39539K, capacity 39986K, committed 40192K, reserved 1083392K
  class space    used 5724K, capacity 5839K, committed 5888K, reserved 1048576K
Event: 1802.791 GC heap after
Heap after GC invocations=9 (full 3):
 PSYoungGen      total 283136K, used 0K [0x00000000eab00000, 0x00000000fd500000, 0x0000000100000000)
  eden space 263168K, 0% used [0x00000000eab00000,0x00000000eab00000,0x00000000fac00000)
  from space 19968K, 0% used [0x00000000fc180000,0x00000000fc180000,0x00000000fd500000)
  to   space 20992K, 0% used [0x00000000fac00000,0x00000000fac00000,0x00000000fc080000)
 ParOldGen       total 458752K, used 8326K [0x00000000c0000000, 0x00000000dc000000, 0x00000000eab00000)
  object space 458752K, 1% used [0x00000000c0000000,0x00000000c0821858,0x00000000dc000000)
 Metaspace       used 39232K, capacity 39482K, committed 40192K, reserved 1083392K
  class space    used 5675K, capacity 5751K, committed 5888K, reserved 1048576K
}

