# JRE version: Java(TM) SE Runtime Environment (8.0_181-b13) (build 1.8.0_181-b13)
# Java VM: Java HotSpot(TM) 64-Bit Server VM (25.181-b13 mixed mode linux-amd64 compressed oops)
Heap:
 PSYoungGen      total 301568K, used 100794K [0x00000000eab00000, 0x0000000100000000, 0x0000000100000000)
  eden space 258560K, 38% used [0x00000000eab00000,0x00000000f0d6ebf8,0x00000000fa780000)
  from space 43008K, 0% used [0x00000000fd180000,0x00000000fd180000,0x00000000ffb80000)
  to   space 43008K, 0% used [0x00000000fa780000,0x00000000fa780000,0x00000000fd180000)
 ParOldGen       total 696832K, used 8310K [0x00000000c0000000, 0x00000000ea880000, 0x00000000eab00000)
  object space 696832K, 1% used [0x00000000c0000000,0x00000000c081d940,0x00000000ea880000)
 Metaspace       used 35564K, capacity 35806K, committed 36440K, reserved 1081344K
  class space    used 5035K, capacity 5117K, committed 5248K, reserved 1048576K
GC Heap History (10 events):
Event: 249.476 GC heap before
{Heap before GC invocations=3 (full 1):
 PSYoungGen      total 301568K, used 258560K [0x00000000eab00000, 0x00000000ffb80000, 0x0000000100000000)
  eden space 258560K, 100% used [0x00000000eab00000,0x00000000fa780000,0x00000000fa780000)
  from space 43008K, 0% used [0x00000000fa780000,0x00000000fa780000,0x00000000fd180000)
  to   space 43008K, 0% used [0x00000000fd180000,0x00000000fd180000,0x00000000ffb80000)
 ParOldGen       total 459776K, used 16028K [0x00000000c0000000, 0x00000000dc100000, 0x00000000eab00000)
  object space 459776K, 3% used [0x00000000c0000000,0x00000000c0fa7200,0x00000000dc100000)
 Metaspace       used 31072K, capacity 31286K, committed 31744K, reserved 1077248K
  class space    used 4417K, capacity 4498K, committed 4608K, reserved 1048576K
Event: 249.485 GC heap after
Heap after GC invocations=3 (full 1):
 PSYoungGen      total 301568K, used 12315K [0x00000000eab00000, 0x00000000ffb80000, 0x0000000100000000)
  eden space 258560K, 0% used [0x00000000eab00000,0x00000000eab00000,0x00000000fa780000)
  from space 43008K, 28% used [0x00000000fd180000,0x00000000fdd86d40,0x00000000ffb80000)
  to   space 43008K, 0% used [0x00000000fa780000,0x00000000fa780000,0x00000000fd180000)
 ParOldGen       total 459776K, used 16036K [0x00000000c0000000, 0x00000000dc100000, 0x00000000eab00000)
  object space 459776K, 3% used [0x00000000c0000000,0x00000000c0fa9200,0x00000000dc100000)
 Metaspace       used 31072K, capacity 31286K, committed 31744K, reserved 1077248K
  class space    used 4417K, capacity 4498K, committed 4608K, reserved 1048576K
}
Event: 249.866 GC heap before
{Heap before GC invocations=4 (full 1):
 PSYoungGen      total 301568K, used 75310K [0x00000000eab00000, 0x00000000ffb80000, 0x0000000100000000)
  eden space 258560K, 24% used [0x00000000eab00000,0x00000000ee884b40,0x00000000fa780000)
  from space 43008K, 28% used [0x00000000fd180000,0x00000000fdd86d40,0x00000000ffb80000)
  to   space 43008K, 0% used [0x00000000fa780000,0x00000000fa780000,0x00000000fd180000)
 ParOldGen       total 459776K, used 16036K [0x00000000c0000000, 0x00000000dc100000, 0x00000000eab00000)
  object space 459776K, 3% used [0x00000000c0000000,0x00000000c0fa9200,0x00000000dc100000)
 Metaspace       used 34758K, capacity 35020K, committed 35416K, reserved 1079296K
  class space    used 4936K, capacity 4990K, committed 4992K, reserved 1048576K
Event: 249.870 GC heap after
Heap after GC invocations=4 (full 1):
 PSYoungGen      total 301568K, used 6463K [0x00000000eab00000, 0x00000000ffb80000, 0x0000000100000000)
  eden space 258560K, 0% used [0x00000000eab00000,0x00000000eab00000,0x00000000fa780000)
  from space 43008K, 15% used [0x00000000fa780000,0x00000000fadcff60,0x00000000fd180000)
  to   space 43008K, 0% used [0x00000000fd180000,0x00000000fd180000,0x00000000ffb80000)
 ParOldGen       total 459776K, used 16044K [0x00000000c0000000, 0x00000000dc100000, 0x00000000eab00000)
  object space 459776K, 3% used [0x00000000c0000000,0x00000000c0fab200,0x00000000dc100000)
 Metaspace       used 34758K, capacity 35020K, committed 35416K, reserved 1079296K
  class space    used 4936K, capacity 4990K, committed 4992K, reserved 1048576K
}
Event: 249.870 GC heap before
{Heap before GC invocations=5 (full 2):
 PSYoungGen      total 301568K, used 6463K [0x00000000eab00000, 0x00000000ffb80000, 0x0000000100000000)
  eden space 258560K, 0% used [0x00000000eab00000,0x00000000eab00000,0x00000000fa780000)
  from space 43008K, 15% used [0x00000000fa780000,0x00000000fadcff60,0x00000000fd180000)
  to   space 43008K, 0% used [0x00000000fd180000,0x00000000fd180000,0x00000000ffb80000)
 ParOldGen       total 459776K, used 16044K [0x00000000c0000000, 0x00000000dc100000, 0x00000000eab00000)
  object space 459776K, 3% used [0x00000000c0000000,0x00000000c0fab200,0x00000000dc100000)
 Metaspace       used 34758K, capacity 35020K, committed 35416K, reserved 1079296K
  class space    used 4936K, capacity 4990K, committed 4992K, reserved 1048576K
Event: 249.894 GC heap after
Heap after GC invocations=5 (full 2):
 PSYoungGen      total 301568K, used 0K [0x00000000eab00000, 0x00000000ffb80000, 0x0000000100000000)
  eden space 258560K, 0% used [0x00000000eab00000,0x00000000eab00000,0x00000000fa780000)
  from space 43008K, 0% used [0x00000000fa780000,0x00000000fa780000,0x00000000fd180000)
  to   space 43008K, 0% used [0x00000000fd180000,0x00000000fd180000,0x00000000ffb80000)
 ParOldGen       total 696832K, used 10748K [0x00000000c0000000, 0x00000000ea880000, 0x00000000eab00000)
  object space 696832K, 1% used [0x00000000c0000000,0x00000000c0a7f028,0x00000000ea880000)
 Metaspace       used 34758K, capacity 35020K, committed 35416K, reserved 1079296K
  class space    used 4936K, capacity 4990K, committed 4992K, reserved 1048576K
}
Event: 1802.919 GC heap before
{Heap before GC invocations=6 (full 2):
 PSYoungGen      total 301568K, used 120720K [0x00000000eab00000, 0x00000000ffb80000, 0x0000000100000000)
  eden space 258560K, 46% used [0x00000000eab00000,0x00000000f20e41e8,0x00000000fa780000)
  from space 43008K, 0% used [0x00000000fa780000,0x00000000fa780000,0x00000000fd180000)
  to   space 43008K, 0% used [0x00000000fd180000,0x00000000fd180000,0x00000000ffb80000)
 ParOldGen       total 696832K, used 10748K [0x00000000c0000000, 0x00000000ea880000, 0x00000000eab00000)
  object space 696832K, 1% used [0x00000000c0000000,0x00000000c0a7f028,0x00000000ea880000)
 Metaspace       used 35530K, capacity 35778K, committed 36184K, reserved 1081344K
  class space    used 5040K, capacity 5127K, committed 5248K, reserved 1048576K
Event: 1802.921 GC heap after
Heap after GC invocations=6 (full 2):
 PSYoungGen      total 301568K, used 1393K [0x00000000eab00000, 0x0000000100000000, 0x0000000100000000)
  eden space 258560K, 0% used [0x00000000eab00000,0x00000000eab00000,0x00000000fa780000)
  from space 43008K, 3% used [0x00000000fd180000,0x00000000fd2dc740,0x00000000ffb80000)
  to   space 43008K, 0% used [0x00000000fa780000,0x00000000fa780000,0x00000000fd180000)
 ParOldGen       total 696832K, used 10756K [0x00000000c0000000, 0x00000000ea880000, 0x00000000eab00000)
  object space 696832K, 1% used [0x00000000c0000000,0x00000000c0a81028,0x00000000ea880000)
 Metaspace       used 35530K, capacity 35778K, committed 36184K, reserved 1081344K
  class space    used 5040K, capacity 5127K, committed 5248K, reserved 1048576K
}
Event: 1802.921 GC heap before
{Heap before GC invocations=7 (full 3):
 PSYoungGen      total 301568K, used 1393K [0x00000000eab00000, 0x0000000100000000, 0x0000000100000000)
  eden space 258560K, 0% used [0x00000000eab00000,0x00000000eab00000,0x00000000fa780000)
  from space 43008K, 3% used [0x00000000fd180000,0x00000000fd2dc740,0x00000000ffb80000)
  to   space 43008K, 0% used [0x00000000fa780000,0x00000000fa780000,0x00000000fd180000)
 ParOldGen       total 696832K, used 10756K [0x00000000c0000000, 0x00000000ea880000, 0x00000000eab00000)
  object space 696832K, 1% used [0x00000000c0000000,0x00000000c0a81028,0x00000000ea880000)
 Metaspace       used 35530K, capacity 35778K, committed 36184K, reserved 1081344K
  class space    used 5040K, capacity 5127K, committed 5248K, reserved 1048576K
Event: 1802.973 GC heap after
Heap after GC invocations=7 (full 3):
 PSYoungGen      total 301568K, used 0K [0x00000000eab00000, 0x0000000100000000, 0x0000000100000000)
  eden space 258560K, 0% used [0x00000000eab00000,0x00000000eab00000,0x00000000fa780000)
  from space 43008K, 0% used [0x00000000fd180000,0x00000000fd180000,0x00000000ffb80000)
  to   space 43008K, 0% used [0x00000000fa780000,0x00000000fa780000,0x00000000fd180000)
 ParOldGen       total 696832K, used 8310K [0x00000000c0000000, 0x00000000ea880000, 0x00000000eab00000)
  object space 696832K, 1% used [0x00000000c0000000,0x00000000c081d940,0x00000000ea880000)
 Metaspace       used 35474K, capacity 35688K, committed 36184K, reserved 1081344K
  class space    used 5030K, capacity 5108K, committed 5248K, reserved 1048576K
}

