# JRE version: Java(TM) SE Runtime Environment (8.0_181-b13) (build 1.8.0_181-b13)
# Java VM: Java HotSpot(TM) 64-Bit Server VM (25.181-b13 mixed mode linux-amd64 compressed oops)
Heap:
 PSYoungGen      total 284672K, used 61089K [0x00000000eab00000, 0x0000000100000000, 0x0000000100000000)
  eden space 262656K, 22% used [0x00000000eab00000,0x00000000ee3f6718,0x00000000fab80000)
  from space 22016K, 12% used [0x00000000fc180000,0x00000000fc4320e0,0x00000000fd700000)
  to   space 22528K, 0% used [0x00000000fab80000,0x00000000fab80000,0x00000000fc180000)
 ParOldGen       total 489472K, used 19377K [0x00000000c0000000, 0x00000000dde00000, 0x00000000eab00000)
  object space 489472K, 3% used [0x00000000c0000000,0x00000000c12ec748,0x00000000dde00000)
 Metaspace       used 39715K, capacity 40190K, committed 40448K, reserved 1083392K
  class space    used 5731K, capacity 5853K, committed 5888K, reserved 1048576K
GC Heap History (10 events):
Event: 7.058 GC heap before
{Heap before GC invocations=4 (full 1):
 PSYoungGen      total 301568K, used 19989K [0x00000000eab00000, 0x0000000100000000, 0x0000000100000000)
  eden space 258560K, 1% used [0x00000000eab00000,0x00000000eaf12150,0x00000000fa780000)
  from space 43008K, 36% used [0x00000000fd180000,0x00000000fe0f33d0,0x00000000ffb80000)
  to   space 43008K, 0% used [0x00000000fa780000,0x00000000fa780000,0x00000000fd180000)
 ParOldGen       total 440832K, used 15669K [0x00000000c0000000, 0x00000000dae80000, 0x00000000eab00000)
  object space 440832K, 3% used [0x00000000c0000000,0x00000000c0f4d7d0,0x00000000dae80000)
 Metaspace       used 34906K, capacity 35082K, committed 35416K, reserved 1079296K
  class space    used 4981K, capacity 5055K, committed 5120K, reserved 1048576K
Event: 7.076 GC heap after
Heap after GC invocations=4 (full 1):
 PSYoungGen      total 301568K, used 15799K [0x00000000eab00000, 0x0000000100000000, 0x0000000100000000)
  eden space 258560K, 0% used [0x00000000eab00000,0x00000000eab00000,0x00000000fa780000)
  from space 43008K, 36% used [0x00000000fa780000,0x00000000fb6eddd0,0x00000000fd180000)
  to   space 43008K, 0% used [0x00000000fd600000,0x00000000fd600000,0x0000000100000000)
 ParOldGen       total 440832K, used 15677K [0x00000000c0000000, 0x00000000dae80000, 0x00000000eab00000)
  object space 440832K, 3% used [0x00000000c0000000,0x00000000c0f4f7d0,0x00000000dae80000)
 Metaspace       used 34906K, capacity 35082K, committed 35416K, reserved 1079296K
  class space    used 4981K, capacity 5055K, committed 5120K, reserved 1048576K
}
Event: 7.076 GC heap before
{Heap before GC invocations=5 (full 2):
 PSYoungGen      total 301568K, used 15799K [0x00000000eab00000, 0x0000000100000000, 0x0000000100000000)
  eden space 258560K, 0% used [0x00000000eab00000,0x00000000eab00000,0x00000000fa780000)
  from space 43008K, 36% used [0x00000000fa780000,0x00000000fb6eddd0,0x00000000fd180000)
  to   space 43008K, 0% used [0x00000000fd600000,0x00000000fd600000,0x0000000100000000)
 ParOldGen       total 440832K, used 15677K [0x00000000c0000000, 0x00000000dae80000, 0x00000000eab00000)
  object space 440832K, 3% used [0x00000000c0000000,0x00000000c0f4f7d0,0x00000000dae80000)
 Metaspace       used 34906K, capacity 35082K, committed 35416K, reserved 1079296K
  class space    used 4981K, capacity 5055K, committed 5120K, reserved 1048576K
Event: 7.157 GC heap after
Heap after GC invocations=5 (full 2):
 PSYoungGen      total 301568K, used 0K [0x00000000eab00000, 0x0000000100000000, 0x0000000100000000)
  eden space 258560K, 0% used [0x00000000eab00000,0x00000000eab00000,0x00000000fa780000)
  from space 43008K, 0% used [0x00000000fa780000,0x00000000fa780000,0x00000000fd180000)
  to   space 43008K, 0% used [0x00000000fd600000,0x00000000fd600000,0x0000000100000000)
 ParOldGen       total 489472K, used 19353K [0x00000000c0000000, 0x00000000dde00000, 0x00000000eab00000)
  object space 489472K, 3% used [0x00000000c0000000,0x00000000c12e6748,0x00000000dde00000)
 Metaspace       used 34902K, capacity 35076K, committed 35416K, reserved 1079296K
  class space    used 4981K, capacity 5054K, committed 5120K, reserved 1048576K
}
Event: 10.058 GC heap before
{Heap before GC invocations=6 (full 2):
 PSYoungGen      total 301568K, used 258560K [0x00000000eab00000, 0x0000000100000000, 0x0000000100000000)
  eden space 258560K, 100% used [0x00000000eab00000,0x00000000fa780000,0x00000000fa780000)
  from space 43008K, 0% used [0x00000000fa780000,0x00000000fa780000,0x00000000fd180000)
  to   space 43008K, 0% used [0x00000000fd600000,0x00000000fd600000,0x0000000100000000)
 ParOldGen       total 489472K, used 19353K [0x00000000c0000000, 0x00000000dde00000, 0x00000000eab00000)
  object space 489472K, 3% used [0x00000000c0000000,0x00000000c12e6748,0x00000000dde00000)
 Metaspace       used 38596K, capacity 38936K, committed 39296K, reserved 1083392K
  class space    used 5627K, capacity 5724K, committed 5760K, reserved 1048576K
Event: 10.064 GC heap after
Heap after GC invocations=6 (full 2):
 PSYoungGen      total 306176K, used 5006K [0x00000000eab00000, 0x0000000100000000, 0x0000000100000000)
  eden space 263168K, 0% used [0x00000000eab00000,0x00000000eab00000,0x00000000fac00000)
  from space 43008K, 11% used [0x00000000fd600000,0x00000000fdae3a58,0x0000000100000000)
  to   space 43008K, 0% used [0x00000000fac00000,0x00000000fac00000,0x00000000fd600000)
 ParOldGen       total 489472K, used 19361K [0x00000000c0000000, 0x00000000dde00000, 0x00000000eab00000)
  object space 489472K, 3% used [0x00000000c0000000,0x00000000c12e8748,0x00000000dde00000)
 Metaspace       used 38596K, capacity 38936K, committed 39296K, reserved 1083392K
  class space    used 5627K, capacity 5724K, committed 5760K, reserved 1048576K
}
Event: 102.453 GC heap before
{Heap before GC invocations=7 (full 2):
 PSYoungGen      total 306176K, used 268174K [0x00000000eab00000, 0x0000000100000000, 0x0000000100000000)
  eden space 263168K, 100% used [0x00000000eab00000,0x00000000fac00000,0x00000000fac00000)
  from space 43008K, 11% used [0x00000000fd600000,0x00000000fdae3a58,0x0000000100000000)
  to   space 43008K, 0% used [0x00000000fac00000,0x00000000fac00000,0x00000000fd600000)
 ParOldGen       total 489472K, used 19361K [0x00000000c0000000, 0x00000000dde00000, 0x00000000eab00000)
  object space 489472K, 3% used [0x00000000c0000000,0x00000000c12e8748,0x00000000dde00000)
 Metaspace       used 39337K, capacity 39782K, committed 39936K, reserved 1083392K
  class space    used 5727K, capacity 5849K, committed 5888K, reserved 1048576K
Event: 102.456 GC heap after
Heap after GC invocations=7 (full 2):
 PSYoungGen      total 266752K, used 3085K [0x00000000eab00000, 0x00000000fd700000, 0x0000000100000000)
  eden space 263168K, 0% used [0x00000000eab00000,0x00000000eab00000,0x00000000fac00000)
  from space 3584K, 86% used [0x00000000fac00000,0x00000000faf03710,0x00000000faf80000)
  to   space 22016K, 0% used [0x00000000fc180000,0x00000000fc180000,0x00000000fd700000)
 ParOldGen       total 489472K, used 19369K [0x00000000c0000000, 0x00000000dde00000, 0x00000000eab00000)
  object space 489472K, 3% used [0x00000000c0000000,0x00000000c12ea748,0x00000000dde00000)
 Metaspace       used 39337K, capacity 39782K, committed 39936K, reserved 1083392K
  class space    used 5727K, capacity 5849K, committed 5888K, reserved 1048576K
}
Event: 164.773 GC heap before
{Heap before GC invocations=8 (full 2):
 PSYoungGen      total 266752K, used 266253K [0x00000000eab00000, 0x00000000fd700000, 0x0000000100000000)
  eden space 263168K, 100% used [0x00000000eab00000,0x00000000fac00000,0x00000000fac00000)
  from space 3584K, 86% used [0x00000000fac00000,0x00000000faf03710,0x00000000faf80000)
  to   space 22016K, 0% used [0x00000000fc180000,0x00000000fc180000,0x00000000fd700000)
 ParOldGen       total 489472K, used 19369K [0x00000000c0000000, 0x00000000dde00000, 0x00000000eab00000)
  object space 489472K, 3% used [0x00000000c0000000,0x00000000c12ea748,0x00000000dde00000)
 Metaspace       used 39562K, capacity 39998K, committed 40192K, reserved 1083392K
  class space    used 5730K, capacity 5853K, committed 5888K, reserved 1048576K
Event: 164.778 GC heap after
Heap after GC invocations=8 (full 2):
 PSYoungGen      total 284672K, used 2760K [0x00000000eab00000, 0x0000000100000000, 0x0000000100000000)
  eden space 262656K, 0% used [0x00000000eab00000,0x00000000eab00000,0x00000000fab80000)
  from space 22016K, 12% used [0x00000000fc180000,0x00000000fc4320e0,0x00000000fd700000)
  to   space 22528K, 0% used [0x00000000fab80000,0x00000000fab80000,0x00000000fc180000)
 ParOldGen       total 489472K, used 19377K [0x00000000c0000000, 0x00000000dde00000, 0x00000000eab00000)
  object space 489472K, 3% used [0x00000000c0000000,0x00000000c12ec748,0x00000000dde00000)
 Metaspace       used 39562K, capacity 39998K, committed 40192K, reserved 1083392K
  class space    used 5730K, capacity 5853K, committed 5888K, reserved 1048576K
}

