# JRE version: Java(TM) SE Runtime Environment (8.0_181-b13) (build 1.8.0_181-b13)
# Java VM: Java HotSpot(TM) 64-Bit Server VM (25.181-b13 mixed mode linux-amd64 compressed oops)
Heap:
 PSYoungGen      total 301568K, used 85207K [0x00000000eab00000, 0x00000000ffb80000, 0x0000000100000000)
  eden space 258560K, 30% used [0x00000000eab00000,0x00000000ef907ce0,0x00000000fa780000)
  from space 43008K, 12% used [0x00000000fa780000,0x00000000facae018,0x00000000fd180000)
  to   space 43008K, 0% used [0x00000000fd180000,0x00000000fd180000,0x00000000ffb80000)
 ParOldGen       total 699392K, used 19385K [0x00000000c0000000, 0x00000000eab00000, 0x00000000eab00000)
  object space 699392K, 2% used [0x00000000c0000000,0x00000000c12ee400,0x00000000eab00000)
 Metaspace       used 39325K, capacity 39734K, committed 39936K, reserved 1083392K
  class space    used 5738K, capacity 5857K, committed 5888K, reserved 1048576K
GC Heap History (10 events):
Event: 1.746 GC heap before
{Heap before GC invocations=1 (full 0):
 PSYoungGen      total 301568K, used 222403K [0x00000000eab00000, 0x00000000ffb80000, 0x0000000100000000)
  eden space 258560K, 86% used [0x00000000eab00000,0x00000000f8430f60,0x00000000fa780000)
  from space 43008K, 0% used [0x00000000fd180000,0x00000000fd180000,0x00000000ffb80000)
  to   space 43008K, 0% used [0x00000000fa780000,0x00000000fa780000,0x00000000fd180000)
 ParOldGen       total 689664K, used 0K [0x00000000c0000000, 0x00000000ea180000, 0x00000000eab00000)
  object space 689664K, 0% used [0x00000000c0000000,0x00000000c0000000,0x00000000ea180000)
 Metaspace       used 20897K, capacity 21084K, committed 21248K, reserved 1067008K
  class space    used 2951K, capacity 3045K, committed 3072K, reserved 1048576K
Event: 1.756 GC heap after
Heap after GC invocations=1 (full 0):
 PSYoungGen      total 301568K, used 16760K [0x00000000eab00000, 0x00000000ffb80000, 0x0000000100000000)
  eden space 258560K, 0% used [0x00000000eab00000,0x00000000eab00000,0x00000000fa780000)
  from space 43008K, 38% used [0x00000000fa780000,0x00000000fb7de078,0x00000000fd180000)
  to   space 43008K, 0% used [0x00000000fd180000,0x00000000fd180000,0x00000000ffb80000)
 ParOldGen       total 689664K, used 88K [0x00000000c0000000, 0x00000000ea180000, 0x00000000eab00000)
  object space 689664K, 0% used [0x00000000c0000000,0x00000000c0016028,0x00000000ea180000)
 Metaspace       used 20897K, capacity 21084K, committed 21248K, reserved 1067008K
  class space    used 2951K, capacity 3045K, committed 3072K, reserved 1048576K
}
Event: 1.756 GC heap before
{Heap before GC invocations=2 (full 1):
 PSYoungGen      total 301568K, used 16760K [0x00000000eab00000, 0x00000000ffb80000, 0x0000000100000000)
  eden space 258560K, 0% used [0x00000000eab00000,0x00000000eab00000,0x00000000fa780000)
  from space 43008K, 38% used [0x00000000fa780000,0x00000000fb7de078,0x00000000fd180000)
  to   space 43008K, 0% used [0x00000000fd180000,0x00000000fd180000,0x00000000ffb80000)
 ParOldGen       total 689664K, used 88K [0x00000000c0000000, 0x00000000ea180000, 0x00000000eab00000)
  object space 689664K, 0% used [0x00000000c0000000,0x00000000c0016028,0x00000000ea180000)
 Metaspace       used 20897K, capacity 21084K, committed 21248K, reserved 1067008K
  class space    used 2951K, capacity 3045K, committed 3072K, reserved 1048576K
Event: 1.775 GC heap after
Heap after GC invocations=2 (full 1):
 PSYoungGen      total 301568K, used 0K [0x00000000eab00000, 0x00000000ffb80000, 0x0000000100000000)
  eden space 258560K, 0% used [0x00000000eab00000,0x00000000eab00000,0x00000000fa780000)
  from space 43008K, 0% used [0x00000000fa780000,0x00000000fa780000,0x00000000fd180000)
  to   space 43008K, 0% used [0x00000000fd180000,0x00000000fd180000,0x00000000ffb80000)
 ParOldGen       total 445952K, used 15697K [0x00000000c0000000, 0x00000000db380000, 0x00000000eab00000)
  object space 445952K, 3% used [0x00000000c0000000,0x00000000c0f547d0,0x00000000db380000)
 Metaspace       used 20897K, capacity 21084K, committed 21248K, reserved 1067008K
  class space    used 2951K, capacity 3045K, committed 3072K, reserved 1048576K
}
Event: 2.971 GC heap before
{Heap before GC invocations=3 (full 1):
 PSYoungGen      total 301568K, used 256233K [0x00000000eab00000, 0x00000000ffb80000, 0x0000000100000000)
  eden space 258560K, 99% used [0x00000000eab00000,0x00000000fa53a6f8,0x00000000fa780000)
  from space 43008K, 0% used [0x00000000fa780000,0x00000000fa780000,0x00000000fd180000)
  to   space 43008K, 0% used [0x00000000fd180000,0x00000000fd180000,0x00000000ffb80000)
 ParOldGen       total 445952K, used 15697K [0x00000000c0000000, 0x00000000db380000, 0x00000000eab00000)
  object space 445952K, 3% used [0x00000000c0000000,0x00000000c0f547d0,0x00000000db380000)
 Metaspace       used 34911K, capacity 35090K, committed 35416K, reserved 1079296K
  class space    used 4983K, capacity 5055K, committed 5120K, reserved 1048576K
Event: 2.980 GC heap after
Heap after GC invocations=3 (full 1):
 PSYoungGen      total 301568K, used 16121K [0x00000000eab00000, 0x0000000100000000, 0x0000000100000000)
  eden space 258560K, 0% used [0x00000000eab00000,0x00000000eab00000,0x00000000fa780000)
  from space 43008K, 37% used [0x00000000fd180000,0x00000000fe13e518,0x00000000ffb80000)
  to   space 43008K, 0% used [0x00000000fa780000,0x00000000fa780000,0x00000000fd180000)
 ParOldGen       total 445952K, used 15705K [0x00000000c0000000, 0x00000000db380000, 0x00000000eab00000)
  object space 445952K, 3% used [0x00000000c0000000,0x00000000c0f567d0,0x00000000db380000)
 Metaspace       used 34911K, capacity 35090K, committed 35416K, reserved 1079296K
  class space    used 4983K, capacity 5055K, committed 5120K, reserved 1048576K
}
Event: 2.980 GC heap before
{Heap before GC invocations=4 (full 2):
 PSYoungGen      total 301568K, used 16121K [0x00000000eab00000, 0x0000000100000000, 0x0000000100000000)
  eden space 258560K, 0% used [0x00000000eab00000,0x00000000eab00000,0x00000000fa780000)
  from space 43008K, 37% used [0x00000000fd180000,0x00000000fe13e518,0x00000000ffb80000)
  to   space 43008K, 0% used [0x00000000fa780000,0x00000000fa780000,0x00000000fd180000)
 ParOldGen       total 445952K, used 15705K [0x00000000c0000000, 0x00000000db380000, 0x00000000eab00000)
  object space 445952K, 3% used [0x00000000c0000000,0x00000000c0f567d0,0x00000000db380000)
 Metaspace       used 34911K, capacity 35090K, committed 35416K, reserved 1079296K
  class space    used 4983K, capacity 5055K, committed 5120K, reserved 1048576K
Event: 3.002 GC heap after
Heap after GC invocations=4 (full 2):
 PSYoungGen      total 301568K, used 0K [0x00000000eab00000, 0x0000000100000000, 0x0000000100000000)
  eden space 258560K, 0% used [0x00000000eab00000,0x00000000eab00000,0x00000000fa780000)
  from space 43008K, 0% used [0x00000000fd180000,0x00000000fd180000,0x00000000ffb80000)
  to   space 43008K, 0% used [0x00000000fa780000,0x00000000fa780000,0x00000000fd180000)
 ParOldGen       total 699392K, used 19377K [0x00000000c0000000, 0x00000000eab00000, 0x00000000eab00000)
  object space 699392K, 2% used [0x00000000c0000000,0x00000000c12ec400,0x00000000eab00000)
 Metaspace       used 34907K, capacity 35084K, committed 35416K, reserved 1079296K
  class space    used 4982K, capacity 5054K, committed 5120K, reserved 1048576K
}
Event: 50.100 GC heap before
{Heap before GC invocations=5 (full 2):
 PSYoungGen      total 301568K, used 258560K [0x00000000eab00000, 0x0000000100000000, 0x0000000100000000)
  eden space 258560K, 100% used [0x00000000eab00000,0x00000000fa780000,0x00000000fa780000)
  from space 43008K, 0% used [0x00000000fd180000,0x00000000fd180000,0x00000000ffb80000)
  to   space 43008K, 0% used [0x00000000fa780000,0x00000000fa780000,0x00000000fd180000)
 ParOldGen       total 699392K, used 19377K [0x00000000c0000000, 0x00000000eab00000, 0x00000000eab00000)
  object space 699392K, 2% used [0x00000000c0000000,0x00000000c12ec400,0x00000000eab00000)
 Metaspace       used 38971K, capacity 39410K, committed 39680K, reserved 1083392K
  class space    used 5678K, capacity 5791K, committed 5888K, reserved 1048576K
Event: 50.103 GC heap after
Heap after GC invocations=5 (full 2):
 PSYoungGen      total 301568K, used 5304K [0x00000000eab00000, 0x00000000ffb80000, 0x0000000100000000)
  eden space 258560K, 0% used [0x00000000eab00000,0x00000000eab00000,0x00000000fa780000)
  from space 43008K, 12% used [0x00000000fa780000,0x00000000facae018,0x00000000fd180000)
  to   space 43008K, 0% used [0x00000000fd180000,0x00000000fd180000,0x00000000ffb80000)
 ParOldGen       total 699392K, used 19385K [0x00000000c0000000, 0x00000000eab00000, 0x00000000eab00000)
  object space 699392K, 2% used [0x00000000c0000000,0x00000000c12ee400,0x00000000eab00000)
 Metaspace       used 38971K, capacity 39410K, committed 39680K, reserved 1083392K
  class space    used 5678K, capacity 5791K, committed 5888K, reserved 1048576K
}

